<?xml version="1.0" encoding="windows-1256" standalone="no"?>
<!DOCTYPE log SYSTEM "logger.dtd">
<log>
<record>
  <date>2018-12-23T16:47:40</date>
  <millis>1545576460004</millis>
  <sequence>0</sequence>
  <logger>model.gameWorld.MyLogger</logger>
  <level>WARNING</level>
  <class>model.gameObjects.shapes.plate.PlatesPool</class>
  <method>PopPlate</method>
  <thread>14</thread>
  <message>pool is empty</message>
</record>
<record>
  <date>2018-12-23T16:47:40</date>
  <millis>1545576460005</millis>
  <sequence>1</sequence>
  <logger>model.gameWorld.MyLogger</logger>
  <level>INFO</level>
  <class>model.gameObjects.shapes.plate.PlateFactory</class>
  <method>getPlate</method>
  <thread>14</thread>
  <message>oval Plate instance is returned from factory </message>
</record>
<record>
  <date>2018-12-23T16:47:40</date>
  <millis>1545576460012</millis>
  <sequence>2</sequence>
  <logger>model.gameWorld.MyLogger</logger>
  <level>WARNING</level>
  <class>model.gameObjects.shapes.plate.PlatesPool</class>
  <method>PopPlate</method>
  <thread>14</thread>
  <message>pool is empty</message>
</record>
<record>
  <date>2018-12-23T16:47:40</date>
  <millis>1545576460012</millis>
  <sequence>3</sequence>
  <logger>model.gameWorld.MyLogger</logger>
  <level>INFO</level>
  <class>model.gameObjects.shapes.plate.PlateFactory</class>
  <method>getPlate</method>
  <thread>14</thread>
  <message>rectanglar Plate instance is returned from factory </message>
</record>
<record>
  <date>2018-12-23T16:47:40</date>
  <millis>1545576460013</millis>
  <sequence>4</sequence>
  <logger>model.gameWorld.MyLogger</logger>
  <level>WARNING</level>
  <class>model.gameObjects.shapes.plate.PlatesPool</class>
  <method>PopPlate</method>
  <thread>14</thread>
  <message>pool is empty</message>
</record>
<record>
  <date>2018-12-23T16:47:40</date>
  <millis>1545576460013</millis>
  <sequence>5</sequence>
  <logger>model.gameWorld.MyLogger</logger>
  <level>INFO</level>
  <class>model.gameObjects.shapes.plate.PlateFactory</class>
  <method>getPlate</method>
  <thread>14</thread>
  <message>rectanglar Plate instance is returned from factory </message>
</record>
<record>
  <date>2018-12-23T16:47:40</date>
  <millis>1545576460014</millis>
  <sequence>6</sequence>
  <logger>model.gameWorld.MyLogger</logger>
  <level>WARNING</level>
  <class>model.gameObjects.shapes.plate.PlatesPool</class>
  <method>PopPlate</method>
  <thread>14</thread>
  <message>pool is empty</message>
</record>
<record>
  <date>2018-12-23T16:47:40</date>
  <millis>1545576460014</millis>
  <sequence>7</sequence>
  <logger>model.gameWorld.MyLogger</logger>
  <level>INFO</level>
  <class>model.gameObjects.shapes.plate.PlateFactory</class>
  <method>getPlate</method>
  <thread>14</thread>
  <message>rectanglar Plate instance is returned from factory </message>
</record>
<record>
  <date>2018-12-23T16:47:40</date>
  <millis>1545576460015</millis>
  <sequence>8</sequence>
  <logger>model.gameWorld.MyLogger</logger>
  <level>WARNING</level>
  <class>model.gameObjects.shapes.plate.PlatesPool</class>
  <method>PopPlate</method>
  <thread>14</thread>
  <message>pool is empty</message>
</record>
<record>
  <date>2018-12-23T16:47:40</date>
  <millis>1545576460015</millis>
  <sequence>9</sequence>
  <logger>model.gameWorld.MyLogger</logger>
  <level>INFO</level>
  <class>model.gameObjects.shapes.plate.PlateFactory</class>
  <method>getPlate</method>
  <thread>14</thread>
  <message>rectanglar Plate instance is returned from factory </message>
</record>
<record>
  <date>2018-12-23T16:47:40</date>
  <millis>1545576460016</millis>
  <sequence>10</sequence>
  <logger>model.gameWorld.MyLogger</logger>
  <level>WARNING</level>
  <class>model.gameObjects.shapes.plate.PlatesPool</class>
  <method>PopPlate</method>
  <thread>14</thread>
  <message>pool is empty</message>
</record>
<record>
  <date>2018-12-23T16:47:40</date>
  <millis>1545576460017</millis>
  <sequence>11</sequence>
  <logger>model.gameWorld.MyLogger</logger>
  <level>INFO</level>
  <class>model.gameObjects.shapes.plate.PlateFactory</class>
  <method>getPlate</method>
  <thread>14</thread>
  <message>oval Plate instance is returned from factory </message>
</record>
<record>
  <date>2018-12-23T16:47:40</date>
  <millis>1545576460530</millis>
  <sequence>12</sequence>
  <logger>model.gameWorld.MyLogger</logger>
  <level>INFO</level>
  <class>model.gameObjects.Clown</class>
  <method>setX</method>
  <thread>14</thread>
  <message>clown moved right</message>
</record>
<record>
  <date>2018-12-23T16:47:40</date>
  <millis>1545576460748</millis>
  <sequence>13</sequence>
  <logger>model.gameWorld.MyLogger</logger>
  <level>INFO</level>
  <class>model.gameObjects.Clown</class>
  <method>setX</method>
  <thread>14</thread>
  <message>clown moved right</message>
</record>
<record>
  <date>2018-12-23T16:47:41</date>
  <millis>1545576461320</millis>
  <sequence>14</sequence>
  <logger>model.gameWorld.MyLogger</logger>
  <level>INFO</level>
  <class>model.gameObjects.Clown</class>
  <method>setX</method>
  <thread>14</thread>
  <message>clown moved left</message>
</record>
<record>
  <date>2018-12-23T16:47:41</date>
  <millis>1545576461797</millis>
  <sequence>15</sequence>
  <logger>model.gameWorld.MyLogger</logger>
  <level>INFO</level>
  <class>model.gameObjects.Clown</class>
  <method>setX</method>
  <thread>14</thread>
  <message>clown moved right</message>
</record>
<record>
  <date>2018-12-23T16:47:42</date>
  <millis>1545576462264</millis>
  <sequence>16</sequence>
  <logger>model.gameWorld.MyLogger</logger>
  <level>INFO</level>
  <class>model.gameObjects.Clown</class>
  <method>intersectStacks</method>
  <thread>14</thread>
  <message>intersection of plate with left stack</message>
</record>
<record>
  <date>2018-12-23T16:47:42</date>
  <millis>1545576462265</millis>
  <sequence>17</sequence>
  <logger>model.gameWorld.MyLogger</logger>
  <level>INFO</level>
  <class>model.gameObjects.Clown</class>
  <method>intersectStacks</method>
  <thread>14</thread>
  <message>plate addded to left stack</message>
</record>
<record>
  <date>2018-12-23T16:47:42</date>
  <millis>1545576462266</millis>
  <sequence>18</sequence>
  <logger>model.gameWorld.MyLogger</logger>
  <level>WARNING</level>
  <class>model.gameObjects.shapes.plate.PlatesPool</class>
  <method>PopPlate</method>
  <thread>14</thread>
  <message>pool is empty</message>
</record>
<record>
  <date>2018-12-23T16:47:42</date>
  <millis>1545576462266</millis>
  <sequence>19</sequence>
  <logger>model.gameWorld.MyLogger</logger>
  <level>INFO</level>
  <class>model.gameObjects.shapes.plate.PlateFactory</class>
  <method>getPlate</method>
  <thread>14</thread>
  <message>oval Plate instance is returned from factory </message>
</record>
<record>
  <date>2018-12-23T16:47:42</date>
  <millis>1545576462641</millis>
  <sequence>20</sequence>
  <logger>model.gameWorld.MyLogger</logger>
  <level>INFO</level>
  <class>model.gameObjects.Clown</class>
  <method>setX</method>
  <thread>14</thread>
  <message>clown moved right</message>
</record>
<record>
  <date>2018-12-23T16:47:43</date>
  <millis>1545576463151</millis>
  <sequence>21</sequence>
  <logger>model.gameWorld.MyLogger</logger>
  <level>INFO</level>
  <class>model.gameObjects.Clown</class>
  <method>setX</method>
  <thread>14</thread>
  <message>clown moved right</message>
</record>
<record>
  <date>2018-12-23T16:47:43</date>
  <millis>1545576463189</millis>
  <sequence>22</sequence>
  <logger>model.gameWorld.MyLogger</logger>
  <level>INFO</level>
  <class>model.gameObjects.Clown</class>
  <method>setX</method>
  <thread>14</thread>
  <message>clown moved right</message>
</record>
<record>
  <date>2018-12-23T16:47:43</date>
  <millis>1545576463230</millis>
  <sequence>23</sequence>
  <logger>model.gameWorld.MyLogger</logger>
  <level>INFO</level>
  <class>model.gameObjects.Clown</class>
  <method>setX</method>
  <thread>14</thread>
  <message>clown moved right</message>
</record>
<record>
  <date>2018-12-23T16:47:43</date>
  <millis>1545576463273</millis>
  <sequence>24</sequence>
  <logger>model.gameWorld.MyLogger</logger>
  <level>INFO</level>
  <class>model.gameObjects.Clown</class>
  <method>setX</method>
  <thread>14</thread>
  <message>clown moved right</message>
</record>
<record>
  <date>2018-12-23T16:47:43</date>
  <millis>1545576463321</millis>
  <sequence>25</sequence>
  <logger>model.gameWorld.MyLogger</logger>
  <level>INFO</level>
  <class>model.gameObjects.Clown</class>
  <method>setX</method>
  <thread>14</thread>
  <message>clown moved right</message>
</record>
<record>
  <date>2018-12-23T16:47:43</date>
  <millis>1545576463359</millis>
  <sequence>26</sequence>
  <logger>model.gameWorld.MyLogger</logger>
  <level>INFO</level>
  <class>model.gameObjects.Clown</class>
  <method>setX</method>
  <thread>14</thread>
  <message>clown moved right</message>
</record>
<record>
  <date>2018-12-23T16:47:43</date>
  <millis>1545576463399</millis>
  <sequence>27</sequence>
  <logger>model.gameWorld.MyLogger</logger>
  <level>INFO</level>
  <class>model.gameObjects.Clown</class>
  <method>setX</method>
  <thread>14</thread>
  <message>clown moved right</message>
</record>
<record>
  <date>2018-12-23T16:47:43</date>
  <millis>1545576463441</millis>
  <sequence>28</sequence>
  <logger>model.gameWorld.MyLogger</logger>
  <level>INFO</level>
  <class>model.gameObjects.Clown</class>
  <method>setX</method>
  <thread>14</thread>
  <message>clown moved right</message>
</record>
<record>
  <date>2018-12-23T16:47:43</date>
  <millis>1545576463483</millis>
  <sequence>29</sequence>
  <logger>model.gameWorld.MyLogger</logger>
  <level>INFO</level>
  <class>model.gameObjects.Clown</class>
  <method>setX</method>
  <thread>14</thread>
  <message>clown moved right</message>
</record>
<record>
  <date>2018-12-23T16:47:43</date>
  <millis>1545576463526</millis>
  <sequence>30</sequence>
  <logger>model.gameWorld.MyLogger</logger>
  <level>INFO</level>
  <class>model.gameObjects.Clown</class>
  <method>setX</method>
  <thread>14</thread>
  <message>clown moved right</message>
</record>
<record>
  <date>2018-12-23T16:47:43</date>
  <millis>1545576463569</millis>
  <sequence>31</sequence>
  <logger>model.gameWorld.MyLogger</logger>
  <level>INFO</level>
  <class>model.gameObjects.Clown</class>
  <method>setX</method>
  <thread>14</thread>
  <message>clown moved right</message>
</record>
<record>
  <date>2018-12-23T16:47:43</date>
  <millis>1545576463606</millis>
  <sequence>32</sequence>
  <logger>model.gameWorld.MyLogger</logger>
  <level>INFO</level>
  <class>model.gameObjects.Clown</class>
  <method>setX</method>
  <thread>14</thread>
  <message>clown moved right</message>
</record>
<record>
  <date>2018-12-23T16:47:43</date>
  <millis>1545576463647</millis>
  <sequence>33</sequence>
  <logger>model.gameWorld.MyLogger</logger>
  <level>INFO</level>
  <class>model.gameObjects.Clown</class>
  <method>setX</method>
  <thread>14</thread>
  <message>clown moved right</message>
</record>
<record>
  <date>2018-12-23T16:47:43</date>
  <millis>1545576463690</millis>
  <sequence>34</sequence>
  <logger>model.gameWorld.MyLogger</logger>
  <level>INFO</level>
  <class>model.gameObjects.Clown</class>
  <method>setX</method>
  <thread>14</thread>
  <message>clown moved right</message>
</record>
<record>
  <date>2018-12-23T16:47:43</date>
  <millis>1545576463733</millis>
  <sequence>35</sequence>
  <logger>model.gameWorld.MyLogger</logger>
  <level>INFO</level>
  <class>model.gameObjects.Clown</class>
  <method>setX</method>
  <thread>14</thread>
  <message>clown moved right</message>
</record>
<record>
  <date>2018-12-23T16:47:43</date>
  <millis>1545576463777</millis>
  <sequence>36</sequence>
  <logger>model.gameWorld.MyLogger</logger>
  <level>INFO</level>
  <class>model.gameObjects.Clown</class>
  <method>setX</method>
  <thread>14</thread>
  <message>clown moved right</message>
</record>
<record>
  <date>2018-12-23T16:47:43</date>
  <millis>1545576463819</millis>
  <sequence>37</sequence>
  <logger>model.gameWorld.MyLogger</logger>
  <level>INFO</level>
  <class>model.gameObjects.Clown</class>
  <method>setX</method>
  <thread>14</thread>
  <message>clown moved right</message>
</record>
<record>
  <date>2018-12-23T16:47:43</date>
  <millis>1545576463861</millis>
  <sequence>38</sequence>
  <logger>model.gameWorld.MyLogger</logger>
  <level>INFO</level>
  <class>model.gameObjects.Clown</class>
  <method>setX</method>
  <thread>14</thread>
  <message>clown moved right</message>
</record>
<record>
  <date>2018-12-23T16:47:44</date>
  <millis>1545576464030</millis>
  <sequence>39</sequence>
  <logger>model.gameWorld.MyLogger</logger>
  <level>INFO</level>
  <class>model.gameObjects.Clown</class>
  <method>setX</method>
  <thread>14</thread>
  <message>clown moved left</message>
</record>
<record>
  <date>2018-12-23T16:47:44</date>
  <millis>1545576464645</millis>
  <sequence>40</sequence>
  <logger>model.gameWorld.MyLogger</logger>
  <level>INFO</level>
  <class>model.gameObjects.Clown</class>
  <method>intersectStacks</method>
  <thread>14</thread>
  <message>intersection of plate with right stack</message>
</record>
<record>
  <date>2018-12-23T16:47:44</date>
  <millis>1545576464645</millis>
  <sequence>41</sequence>
  <logger>model.gameWorld.MyLogger</logger>
  <level>INFO</level>
  <class>model.gameObjects.Clown</class>
  <method>intersectStacks</method>
  <thread>14</thread>
  <message>plate addded to right stack</message>
</record>
<record>
  <date>2018-12-23T16:47:44</date>
  <millis>1545576464646</millis>
  <sequence>42</sequence>
  <logger>model.gameWorld.MyLogger</logger>
  <level>WARNING</level>
  <class>model.gameObjects.shapes.plate.PlatesPool</class>
  <method>PopPlate</method>
  <thread>14</thread>
  <message>pool is empty</message>
</record>
<record>
  <date>2018-12-23T16:47:44</date>
  <millis>1545576464646</millis>
  <sequence>43</sequence>
  <logger>model.gameWorld.MyLogger</logger>
  <level>INFO</level>
  <class>model.gameObjects.shapes.plate.PlateFactory</class>
  <method>getPlate</method>
  <thread>14</thread>
  <message>rectanglar Plate instance is returned from factory </message>
</record>
<record>
  <date>2018-12-23T16:47:44</date>
  <millis>1545576464823</millis>
  <sequence>44</sequence>
  <logger>model.gameWorld.MyLogger</logger>
  <level>INFO</level>
  <class>model.gameObjects.Clown</class>
  <method>setX</method>
  <thread>14</thread>
  <message>clown moved left</message>
</record>
<record>
  <date>2018-12-23T16:47:45</date>
  <millis>1545576465262</millis>
  <sequence>45</sequence>
  <logger>model.gameWorld.MyLogger</logger>
  <level>INFO</level>
  <class>model.gameObjects.Clown</class>
  <method>setX</method>
  <thread>14</thread>
  <message>clown moved left</message>
</record>
<record>
  <date>2018-12-23T16:47:46</date>
  <millis>1545576466005</millis>
  <sequence>46</sequence>
  <logger>model.gameWorld.MyLogger</logger>
  <level>INFO</level>
  <class>model.gameObjects.Clown</class>
  <method>setX</method>
  <thread>14</thread>
  <message>clown moved left</message>
</record>
<record>
  <date>2018-12-23T16:47:46</date>
  <millis>1545576466197</millis>
  <sequence>47</sequence>
  <logger>model.gameWorld.MyLogger</logger>
  <level>INFO</level>
  <class>model.gameObjects.Clown</class>
  <method>intersectStacks</method>
  <thread>14</thread>
  <message>intersection of plate with right stack</message>
</record>
<record>
  <date>2018-12-23T16:47:46</date>
  <millis>1545576466197</millis>
  <sequence>48</sequence>
  <logger>model.gameWorld.MyLogger</logger>
  <level>INFO</level>
  <class>model.gameObjects.Clown</class>
  <method>intersectStacks</method>
  <thread>14</thread>
  <message>plate addded to right stack</message>
</record>
<record>
  <date>2018-12-23T16:47:46</date>
  <millis>1545576466198</millis>
  <sequence>49</sequence>
  <logger>model.gameWorld.MyLogger</logger>
  <level>WARNING</level>
  <class>model.gameObjects.shapes.plate.PlatesPool</class>
  <method>PopPlate</method>
  <thread>14</thread>
  <message>pool is empty</message>
</record>
<record>
  <date>2018-12-23T16:47:46</date>
  <millis>1545576466198</millis>
  <sequence>50</sequence>
  <logger>model.gameWorld.MyLogger</logger>
  <level>INFO</level>
  <class>model.gameObjects.shapes.plate.PlateFactory</class>
  <method>getPlate</method>
  <thread>14</thread>
  <message>oval Plate instance is returned from factory </message>
</record>
<record>
  <date>2018-12-23T16:47:46</date>
  <millis>1545576466230</millis>
  <sequence>51</sequence>
  <logger>model.gameWorld.MyLogger</logger>
  <level>INFO</level>
  <class>model.gameObjects.Clown</class>
  <method>intersectStacks</method>
  <thread>14</thread>
  <message>intersection of plate with right stack</message>
</record>
<record>
  <date>2018-12-23T16:47:46</date>
  <millis>1545576466231</millis>
  <sequence>52</sequence>
  <logger>model.gameWorld.MyLogger</logger>
  <level>INFO</level>
  <class>model.gameObjects.Clown</class>
  <method>intersectStacks</method>
  <thread>14</thread>
  <message>plate addded to right stack</message>
</record>
<record>
  <date>2018-12-23T16:47:46</date>
  <millis>1545576466231</millis>
  <sequence>53</sequence>
  <logger>model.gameWorld.MyLogger</logger>
  <level>WARNING</level>
  <class>model.gameObjects.shapes.plate.PlatesPool</class>
  <method>PopPlate</method>
  <thread>14</thread>
  <message>pool is empty</message>
</record>
<record>
  <date>2018-12-23T16:47:46</date>
  <millis>1545576466232</millis>
  <sequence>54</sequence>
  <logger>model.gameWorld.MyLogger</logger>
  <level>INFO</level>
  <class>model.gameObjects.shapes.plate.PlateFactory</class>
  <method>getPlate</method>
  <thread>14</thread>
  <message>rectanglar Plate instance is returned from factory </message>
</record>
<record>
  <date>2018-12-23T16:47:46</date>
  <millis>1545576466422</millis>
  <sequence>55</sequence>
  <logger>model.gameWorld.MyLogger</logger>
  <level>INFO</level>
  <class>model.gameObjects.Clown</class>
  <method>intersectStacks</method>
  <thread>14</thread>
  <message>intersection of plate with right stack</message>
</record>
<record>
  <date>2018-12-23T16:47:46</date>
  <millis>1545576466423</millis>
  <sequence>56</sequence>
  <logger>model.gameWorld.MyLogger</logger>
  <level>INFO</level>
  <class>model.gameObjects.Clown</class>
  <method>intersectStacks</method>
  <thread>14</thread>
  <message>plate addded to right stack</message>
</record>
<record>
  <date>2018-12-23T16:47:46</date>
  <millis>1545576466423</millis>
  <sequence>57</sequence>
  <logger>model.gameWorld.MyLogger</logger>
  <level>WARNING</level>
  <class>model.gameObjects.shapes.plate.PlatesPool</class>
  <method>PopPlate</method>
  <thread>14</thread>
  <message>pool is empty</message>
</record>
<record>
  <date>2018-12-23T16:47:46</date>
  <millis>1545576466423</millis>
  <sequence>58</sequence>
  <logger>model.gameWorld.MyLogger</logger>
  <level>INFO</level>
  <class>model.gameObjects.shapes.plate.PlateFactory</class>
  <method>getPlate</method>
  <thread>14</thread>
  <message>rectanglar Plate instance is returned from factory </message>
</record>
<record>
  <date>2018-12-23T16:47:46</date>
  <millis>1545576466807</millis>
  <sequence>59</sequence>
  <logger>model.gameWorld.MyLogger</logger>
  <level>INFO</level>
  <class>model.gameObjects.Clown</class>
  <method>setX</method>
  <thread>14</thread>
  <message>clown moved right</message>
</record>
<record>
  <date>2018-12-23T16:47:47</date>
  <millis>1545576467328</millis>
  <sequence>60</sequence>
  <logger>model.gameWorld.MyLogger</logger>
  <level>INFO</level>
  <class>model.gameObjects.Clown</class>
  <method>setX</method>
  <thread>14</thread>
  <message>clown moved left</message>
</record>
<record>
  <date>2018-12-23T16:47:47</date>
  <millis>1545576467832</millis>
  <sequence>61</sequence>
  <logger>model.gameWorld.MyLogger</logger>
  <level>INFO</level>
  <class>model.gameObjects.Clown</class>
  <method>setX</method>
  <thread>14</thread>
  <message>clown moved left</message>
</record>
<record>
  <date>2018-12-23T16:47:47</date>
  <millis>1545576467875</millis>
  <sequence>62</sequence>
  <logger>model.gameWorld.MyLogger</logger>
  <level>INFO</level>
  <class>model.gameObjects.Clown</class>
  <method>setX</method>
  <thread>14</thread>
  <message>clown moved left</message>
</record>
<record>
  <date>2018-12-23T16:47:47</date>
  <millis>1545576467920</millis>
  <sequence>63</sequence>
  <logger>model.gameWorld.MyLogger</logger>
  <level>INFO</level>
  <class>model.gameObjects.Clown</class>
  <method>setX</method>
  <thread>14</thread>
  <message>clown moved left</message>
</record>
<record>
  <date>2018-12-23T16:47:47</date>
  <millis>1545576467961</millis>
  <sequence>64</sequence>
  <logger>model.gameWorld.MyLogger</logger>
  <level>INFO</level>
  <class>model.gameObjects.Clown</class>
  <method>setX</method>
  <thread>14</thread>
  <message>clown moved left</message>
</record>
<record>
  <date>2018-12-23T16:47:47</date>
  <millis>1545576467998</millis>
  <sequence>65</sequence>
  <logger>model.gameWorld.MyLogger</logger>
  <level>INFO</level>
  <class>model.gameObjects.Clown</class>
  <method>setX</method>
  <thread>14</thread>
  <message>clown moved left</message>
</record>
<record>
  <date>2018-12-23T16:47:48</date>
  <millis>1545576468040</millis>
  <sequence>66</sequence>
  <logger>model.gameWorld.MyLogger</logger>
  <level>INFO</level>
  <class>model.gameObjects.Clown</class>
  <method>setX</method>
  <thread>14</thread>
  <message>clown moved left</message>
</record>
<record>
  <date>2018-12-23T16:47:48</date>
  <millis>1545576468083</millis>
  <sequence>67</sequence>
  <logger>model.gameWorld.MyLogger</logger>
  <level>INFO</level>
  <class>model.gameObjects.Clown</class>
  <method>setX</method>
  <thread>14</thread>
  <message>clown moved left</message>
</record>
<record>
  <date>2018-12-23T16:47:48</date>
  <millis>1545576468211</millis>
  <sequence>68</sequence>
  <logger>model.gameWorld.MyLogger</logger>
  <level>INFO</level>
  <class>model.gameObjects.Clown</class>
  <method>setX</method>
  <thread>14</thread>
  <message>clown moved left</message>
</record>
<record>
  <date>2018-12-23T16:47:48</date>
  <millis>1545576468792</millis>
  <sequence>69</sequence>
  <logger>model.gameWorld.MyLogger</logger>
  <level>INFO</level>
  <class>model.gameObjects.Clown</class>
  <method>intersectStacks</method>
  <thread>14</thread>
  <message>intersection of plate with left stack</message>
</record>
<record>
  <date>2018-12-23T16:47:48</date>
  <millis>1545576468793</millis>
  <sequence>70</sequence>
  <logger>model.gameWorld.MyLogger</logger>
  <level>INFO</level>
  <class>model.gameObjects.Clown</class>
  <method>intersectStacks</method>
  <thread>14</thread>
  <message>plate addded to left stack</message>
</record>
<record>
  <date>2018-12-23T16:47:48</date>
  <millis>1545576468793</millis>
  <sequence>71</sequence>
  <logger>model.gameWorld.MyLogger</logger>
  <level>WARNING</level>
  <class>model.gameObjects.shapes.plate.PlatesPool</class>
  <method>PopPlate</method>
  <thread>14</thread>
  <message>pool is empty</message>
</record>
<record>
  <date>2018-12-23T16:47:48</date>
  <millis>1545576468793</millis>
  <sequence>72</sequence>
  <logger>model.gameWorld.MyLogger</logger>
  <level>INFO</level>
  <class>model.gameObjects.shapes.plate.PlateFactory</class>
  <method>getPlate</method>
  <thread>14</thread>
  <message>oval Plate instance is returned from factory </message>
</record>
<record>
  <date>2018-12-23T16:47:49</date>
  <millis>1545576469180</millis>
  <sequence>73</sequence>
  <logger>model.gameWorld.MyLogger</logger>
  <level>INFO</level>
  <class>model.gameObjects.Clown</class>
  <method>setX</method>
  <thread>14</thread>
  <message>clown moved left</message>
</record>
<record>
  <date>2018-12-23T16:47:49</date>
  <millis>1545576469483</millis>
  <sequence>74</sequence>
  <logger>model.gameWorld.MyLogger</logger>
  <level>INFO</level>
  <class>model.gameObjects.shapes.plate.PlateFactory</class>
  <method>getBatmanLogo</method>
  <thread>14</thread>
  <message>batman logo instance is returned from factory </message>
</record>
<record>
  <date>2018-12-23T16:47:49</date>
  <millis>1545576469492</millis>
  <sequence>75</sequence>
  <logger>model.gameWorld.MyLogger</logger>
  <level>INFO</level>
  <class>model.gameObjects.shapes.plate.PlateFactory</class>
  <method>getHarleyLogo</method>
  <thread>14</thread>
  <message>harley logo instance is returned from factory </message>
</record>
<record>
  <date>2018-12-23T16:47:50</date>
  <millis>1545576470122</millis>
  <sequence>76</sequence>
  <logger>model.gameWorld.MyLogger</logger>
  <level>INFO</level>
  <class>model.gameObjects.Clown</class>
  <method>intersectStacks</method>
  <thread>14</thread>
  <message>intersection of plate with right stack</message>
</record>
<record>
  <date>2018-12-23T16:47:50</date>
  <millis>1545576470123</millis>
  <sequence>77</sequence>
  <logger>model.gameWorld.MyLogger</logger>
  <level>INFO</level>
  <class>model.gameObjects.Clown</class>
  <method>intersectStacks</method>
  <thread>14</thread>
  <message>plate addded to right stack</message>
</record>
<record>
  <date>2018-12-23T16:47:50</date>
  <millis>1545576470123</millis>
  <sequence>78</sequence>
  <logger>model.gameWorld.MyLogger</logger>
  <level>WARNING</level>
  <class>model.gameObjects.shapes.plate.PlatesPool</class>
  <method>PopPlate</method>
  <thread>14</thread>
  <message>pool is empty</message>
</record>
<record>
  <date>2018-12-23T16:47:50</date>
  <millis>1545576470123</millis>
  <sequence>79</sequence>
  <logger>model.gameWorld.MyLogger</logger>
  <level>INFO</level>
  <class>model.gameObjects.shapes.plate.PlateFactory</class>
  <method>getPlate</method>
  <thread>14</thread>
  <message>oval Plate instance is returned from factory </message>
</record>
<record>
  <date>2018-12-23T16:47:50</date>
  <millis>1545576470228</millis>
  <sequence>80</sequence>
  <logger>model.gameWorld.MyLogger</logger>
  <level>INFO</level>
  <class>model.gameObjects.Clown</class>
  <method>intersectStacks</method>
  <thread>14</thread>
  <message>intersection of plate with right stack</message>
</record>
<record>
  <date>2018-12-23T16:47:50</date>
  <millis>1545576470229</millis>
  <sequence>81</sequence>
  <logger>model.gameWorld.MyLogger</logger>
  <level>INFO</level>
  <class>model.gameObjects.Clown</class>
  <method>intersectStacks</method>
  <thread>14</thread>
  <message>plate addded to right stack</message>
</record>
<record>
  <date>2018-12-23T16:47:50</date>
  <millis>1545576470791</millis>
  <sequence>82</sequence>
  <logger>model.gameWorld.MyLogger</logger>
  <level>INFO</level>
  <class>model.gameObjects.Clown</class>
  <method>setX</method>
  <thread>14</thread>
  <message>clown moved right</message>
</record>
</log>
