<?xml version="1.0" encoding="windows-1256" standalone="no"?>
<!DOCTYPE log SYSTEM "logger.dtd">
<log>
<record>
  <date>2018-12-23T17:05:50</date>
  <millis>1545577550573</millis>
  <sequence>0</sequence>
  <logger>model.gameWorld.MyLogger</logger>
  <level>WARNING</level>
  <class>model.gameObjects.shapes.plate.PlatesPool</class>
  <method>PopPlate</method>
  <thread>14</thread>
  <message>pool is empty</message>
</record>
<record>
  <date>2018-12-23T17:05:50</date>
  <millis>1545577550574</millis>
  <sequence>1</sequence>
  <logger>model.gameWorld.MyLogger</logger>
  <level>INFO</level>
  <class>model.gameObjects.shapes.plate.PlateFactory</class>
  <method>getPlate</method>
  <thread>14</thread>
  <message>oval Plate instance is returned from factory </message>
</record>
<record>
  <date>2018-12-23T17:05:50</date>
  <millis>1545577550581</millis>
  <sequence>2</sequence>
  <logger>model.gameWorld.MyLogger</logger>
  <level>WARNING</level>
  <class>model.gameObjects.shapes.plate.PlatesPool</class>
  <method>PopPlate</method>
  <thread>14</thread>
  <message>pool is empty</message>
</record>
<record>
  <date>2018-12-23T17:05:50</date>
  <millis>1545577550582</millis>
  <sequence>3</sequence>
  <logger>model.gameWorld.MyLogger</logger>
  <level>INFO</level>
  <class>model.gameObjects.shapes.plate.PlateFactory</class>
  <method>getPlate</method>
  <thread>14</thread>
  <message>rectanglar Plate instance is returned from factory </message>
</record>
<record>
  <date>2018-12-23T17:05:50</date>
  <millis>1545577550583</millis>
  <sequence>4</sequence>
  <logger>model.gameWorld.MyLogger</logger>
  <level>WARNING</level>
  <class>model.gameObjects.shapes.plate.PlatesPool</class>
  <method>PopPlate</method>
  <thread>14</thread>
  <message>pool is empty</message>
</record>
<record>
  <date>2018-12-23T17:05:50</date>
  <millis>1545577550583</millis>
  <sequence>5</sequence>
  <logger>model.gameWorld.MyLogger</logger>
  <level>INFO</level>
  <class>model.gameObjects.shapes.plate.PlateFactory</class>
  <method>getPlate</method>
  <thread>14</thread>
  <message>oval Plate instance is returned from factory </message>
</record>
<record>
  <date>2018-12-23T17:05:50</date>
  <millis>1545577550584</millis>
  <sequence>6</sequence>
  <logger>model.gameWorld.MyLogger</logger>
  <level>WARNING</level>
  <class>model.gameObjects.shapes.plate.PlatesPool</class>
  <method>PopPlate</method>
  <thread>14</thread>
  <message>pool is empty</message>
</record>
<record>
  <date>2018-12-23T17:05:50</date>
  <millis>1545577550585</millis>
  <sequence>7</sequence>
  <logger>model.gameWorld.MyLogger</logger>
  <level>INFO</level>
  <class>model.gameObjects.shapes.plate.PlateFactory</class>
  <method>getPlate</method>
  <thread>14</thread>
  <message>oval Plate instance is returned from factory </message>
</record>
<record>
  <date>2018-12-23T17:05:50</date>
  <millis>1545577550586</millis>
  <sequence>8</sequence>
  <logger>model.gameWorld.MyLogger</logger>
  <level>WARNING</level>
  <class>model.gameObjects.shapes.plate.PlatesPool</class>
  <method>PopPlate</method>
  <thread>14</thread>
  <message>pool is empty</message>
</record>
<record>
  <date>2018-12-23T17:05:50</date>
  <millis>1545577550587</millis>
  <sequence>9</sequence>
  <logger>model.gameWorld.MyLogger</logger>
  <level>INFO</level>
  <class>model.gameObjects.shapes.plate.PlateFactory</class>
  <method>getPlate</method>
  <thread>14</thread>
  <message>rectanglar Plate instance is returned from factory </message>
</record>
<record>
  <date>2018-12-23T17:05:50</date>
  <millis>1545577550587</millis>
  <sequence>10</sequence>
  <logger>model.gameWorld.MyLogger</logger>
  <level>WARNING</level>
  <class>model.gameObjects.shapes.plate.PlatesPool</class>
  <method>PopPlate</method>
  <thread>14</thread>
  <message>pool is empty</message>
</record>
<record>
  <date>2018-12-23T17:05:50</date>
  <millis>1545577550588</millis>
  <sequence>11</sequence>
  <logger>model.gameWorld.MyLogger</logger>
  <level>INFO</level>
  <class>model.gameObjects.shapes.plate.PlateFactory</class>
  <method>getPlate</method>
  <thread>14</thread>
  <message>oval Plate instance is returned from factory </message>
</record>
<record>
  <date>2018-12-23T17:05:51</date>
  <millis>1545577551677</millis>
  <sequence>12</sequence>
  <logger>model.gameWorld.MyLogger</logger>
  <level>INFO</level>
  <class>model.gameObjects.Clown</class>
  <method>setX</method>
  <thread>14</thread>
  <message>clown moved right</message>
</record>
<record>
  <date>2018-12-23T17:05:52</date>
  <millis>1545577552003</millis>
  <sequence>13</sequence>
  <logger>model.gameWorld.MyLogger</logger>
  <level>INFO</level>
  <class>model.gameObjects.Clown</class>
  <method>setX</method>
  <thread>14</thread>
  <message>clown moved right</message>
</record>
<record>
  <date>2018-12-23T17:05:52</date>
  <millis>1545577552375</millis>
  <sequence>14</sequence>
  <logger>model.gameWorld.MyLogger</logger>
  <level>INFO</level>
  <class>model.gameObjects.Clown</class>
  <method>setX</method>
  <thread>14</thread>
  <message>clown moved right</message>
</record>
<record>
  <date>2018-12-23T17:05:52</date>
  <millis>1545577552879</millis>
  <sequence>15</sequence>
  <logger>model.gameWorld.MyLogger</logger>
  <level>INFO</level>
  <class>model.gameObjects.Clown</class>
  <method>intersectStacks</method>
  <thread>14</thread>
  <message>intersection of plate with right stack</message>
</record>
<record>
  <date>2018-12-23T17:05:52</date>
  <millis>1545577552880</millis>
  <sequence>16</sequence>
  <logger>model.gameWorld.MyLogger</logger>
  <level>INFO</level>
  <class>model.gameObjects.Clown</class>
  <method>intersectStacks</method>
  <thread>14</thread>
  <message>plate addded to right stack</message>
</record>
<record>
  <date>2018-12-23T17:05:52</date>
  <millis>1545577552881</millis>
  <sequence>17</sequence>
  <logger>model.gameWorld.MyLogger</logger>
  <level>WARNING</level>
  <class>model.gameObjects.shapes.plate.PlatesPool</class>
  <method>PopPlate</method>
  <thread>14</thread>
  <message>pool is empty</message>
</record>
<record>
  <date>2018-12-23T17:05:52</date>
  <millis>1545577552881</millis>
  <sequence>18</sequence>
  <logger>model.gameWorld.MyLogger</logger>
  <level>INFO</level>
  <class>model.gameObjects.shapes.plate.PlateFactory</class>
  <method>getPlate</method>
  <thread>14</thread>
  <message>oval Plate instance is returned from factory </message>
</record>
<record>
  <date>2018-12-23T17:05:52</date>
  <millis>1545577552967</millis>
  <sequence>19</sequence>
  <logger>model.gameWorld.MyLogger</logger>
  <level>INFO</level>
  <class>model.gameObjects.Clown</class>
  <method>intersectStacks</method>
  <thread>14</thread>
  <message>intersection of plate with left stack</message>
</record>
<record>
  <date>2018-12-23T17:05:52</date>
  <millis>1545577552968</millis>
  <sequence>20</sequence>
  <logger>model.gameWorld.MyLogger</logger>
  <level>INFO</level>
  <class>model.gameObjects.Clown</class>
  <method>intersectStacks</method>
  <thread>14</thread>
  <message>plate addded to left stack</message>
</record>
<record>
  <date>2018-12-23T17:05:52</date>
  <millis>1545577552968</millis>
  <sequence>21</sequence>
  <logger>model.gameWorld.MyLogger</logger>
  <level>WARNING</level>
  <class>model.gameObjects.shapes.plate.PlatesPool</class>
  <method>PopPlate</method>
  <thread>14</thread>
  <message>pool is empty</message>
</record>
<record>
  <date>2018-12-23T17:05:52</date>
  <millis>1545577552969</millis>
  <sequence>22</sequence>
  <logger>model.gameWorld.MyLogger</logger>
  <level>INFO</level>
  <class>model.gameObjects.shapes.plate.PlateFactory</class>
  <method>getPlate</method>
  <thread>14</thread>
  <message>oval Plate instance is returned from factory </message>
</record>
<record>
  <date>2018-12-23T17:05:53</date>
  <millis>1545577553074</millis>
  <sequence>23</sequence>
  <logger>model.gameWorld.MyLogger</logger>
  <level>INFO</level>
  <class>model.gameObjects.Clown</class>
  <method>intersectStacks</method>
  <thread>14</thread>
  <message>intersection of plate with left stack</message>
</record>
<record>
  <date>2018-12-23T17:05:53</date>
  <millis>1545577553075</millis>
  <sequence>24</sequence>
  <logger>model.gameWorld.MyLogger</logger>
  <level>INFO</level>
  <class>model.gameObjects.Clown</class>
  <method>intersectStacks</method>
  <thread>14</thread>
  <message>plate addded to left stack</message>
</record>
<record>
  <date>2018-12-23T17:05:53</date>
  <millis>1545577553075</millis>
  <sequence>25</sequence>
  <logger>model.gameWorld.MyLogger</logger>
  <level>WARNING</level>
  <class>model.gameObjects.shapes.plate.PlatesPool</class>
  <method>PopPlate</method>
  <thread>14</thread>
  <message>pool is empty</message>
</record>
<record>
  <date>2018-12-23T17:05:53</date>
  <millis>1545577553076</millis>
  <sequence>26</sequence>
  <logger>model.gameWorld.MyLogger</logger>
  <level>INFO</level>
  <class>model.gameObjects.shapes.plate.PlateFactory</class>
  <method>getPlate</method>
  <thread>14</thread>
  <message>rectanglar Plate instance is returned from factory </message>
</record>
<record>
  <date>2018-12-23T17:05:53</date>
  <millis>1545577553179</millis>
  <sequence>27</sequence>
  <logger>model.gameWorld.MyLogger</logger>
  <level>INFO</level>
  <class>model.gameObjects.Clown</class>
  <method>setX</method>
  <thread>14</thread>
  <message>clown moved right</message>
</record>
<record>
  <date>2018-12-23T17:05:53</date>
  <millis>1545577553333</millis>
  <sequence>28</sequence>
  <logger>model.gameWorld.MyLogger</logger>
  <level>INFO</level>
  <class>model.gameObjects.Clown</class>
  <method>setX</method>
  <thread>14</thread>
  <message>clown moved right</message>
</record>
<record>
  <date>2018-12-23T17:05:53</date>
  <millis>1545577553836</millis>
  <sequence>29</sequence>
  <logger>model.gameWorld.MyLogger</logger>
  <level>INFO</level>
  <class>model.gameObjects.Clown</class>
  <method>setX</method>
  <thread>14</thread>
  <message>clown moved right</message>
</record>
<record>
  <date>2018-12-23T17:05:53</date>
  <millis>1545577553877</millis>
  <sequence>30</sequence>
  <logger>model.gameWorld.MyLogger</logger>
  <level>INFO</level>
  <class>model.gameObjects.Clown</class>
  <method>setX</method>
  <thread>14</thread>
  <message>clown moved right</message>
</record>
<record>
  <date>2018-12-23T17:05:53</date>
  <millis>1545577553924</millis>
  <sequence>31</sequence>
  <logger>model.gameWorld.MyLogger</logger>
  <level>INFO</level>
  <class>model.gameObjects.Clown</class>
  <method>setX</method>
  <thread>14</thread>
  <message>clown moved right</message>
</record>
<record>
  <date>2018-12-23T17:05:53</date>
  <millis>1545577553960</millis>
  <sequence>32</sequence>
  <logger>model.gameWorld.MyLogger</logger>
  <level>INFO</level>
  <class>model.gameObjects.Clown</class>
  <method>setX</method>
  <thread>14</thread>
  <message>clown moved right</message>
</record>
<record>
  <date>2018-12-23T17:05:54</date>
  <millis>1545577554001</millis>
  <sequence>33</sequence>
  <logger>model.gameWorld.MyLogger</logger>
  <level>INFO</level>
  <class>model.gameObjects.Clown</class>
  <method>setX</method>
  <thread>14</thread>
  <message>clown moved right</message>
</record>
<record>
  <date>2018-12-23T17:05:54</date>
  <millis>1545577554044</millis>
  <sequence>34</sequence>
  <logger>model.gameWorld.MyLogger</logger>
  <level>INFO</level>
  <class>model.gameObjects.Clown</class>
  <method>setX</method>
  <thread>14</thread>
  <message>clown moved right</message>
</record>
<record>
  <date>2018-12-23T17:05:54</date>
  <millis>1545577554085</millis>
  <sequence>35</sequence>
  <logger>model.gameWorld.MyLogger</logger>
  <level>INFO</level>
  <class>model.gameObjects.Clown</class>
  <method>setX</method>
  <thread>14</thread>
  <message>clown moved right</message>
</record>
<record>
  <date>2018-12-23T17:05:54</date>
  <millis>1545577554129</millis>
  <sequence>36</sequence>
  <logger>model.gameWorld.MyLogger</logger>
  <level>INFO</level>
  <class>model.gameObjects.Clown</class>
  <method>setX</method>
  <thread>14</thread>
  <message>clown moved right</message>
</record>
<record>
  <date>2018-12-23T17:05:54</date>
  <millis>1545577554172</millis>
  <sequence>37</sequence>
  <logger>model.gameWorld.MyLogger</logger>
  <level>INFO</level>
  <class>model.gameObjects.Clown</class>
  <method>setX</method>
  <thread>14</thread>
  <message>clown moved right</message>
</record>
<record>
  <date>2018-12-23T17:05:54</date>
  <millis>1545577554213</millis>
  <sequence>38</sequence>
  <logger>model.gameWorld.MyLogger</logger>
  <level>INFO</level>
  <class>model.gameObjects.Clown</class>
  <method>setX</method>
  <thread>14</thread>
  <message>clown moved right</message>
</record>
<record>
  <date>2018-12-23T17:05:54</date>
  <millis>1545577554254</millis>
  <sequence>39</sequence>
  <logger>model.gameWorld.MyLogger</logger>
  <level>INFO</level>
  <class>model.gameObjects.Clown</class>
  <method>setX</method>
  <thread>14</thread>
  <message>clown moved right</message>
</record>
<record>
  <date>2018-12-23T17:05:54</date>
  <millis>1545577554301</millis>
  <sequence>40</sequence>
  <logger>model.gameWorld.MyLogger</logger>
  <level>INFO</level>
  <class>model.gameObjects.Clown</class>
  <method>setX</method>
  <thread>14</thread>
  <message>clown moved right</message>
</record>
<record>
  <date>2018-12-23T17:05:54</date>
  <millis>1545577554338</millis>
  <sequence>41</sequence>
  <logger>model.gameWorld.MyLogger</logger>
  <level>INFO</level>
  <class>model.gameObjects.Clown</class>
  <method>setX</method>
  <thread>14</thread>
  <message>clown moved right</message>
</record>
<record>
  <date>2018-12-23T17:05:54</date>
  <millis>1545577554379</millis>
  <sequence>42</sequence>
  <logger>model.gameWorld.MyLogger</logger>
  <level>INFO</level>
  <class>model.gameObjects.Clown</class>
  <method>setX</method>
  <thread>14</thread>
  <message>clown moved right</message>
</record>
<record>
  <date>2018-12-23T17:05:54</date>
  <millis>1545577554426</millis>
  <sequence>43</sequence>
  <logger>model.gameWorld.MyLogger</logger>
  <level>INFO</level>
  <class>model.gameObjects.Clown</class>
  <method>setX</method>
  <thread>14</thread>
  <message>clown moved right</message>
</record>
<record>
  <date>2018-12-23T17:05:54</date>
  <millis>1545577554707</millis>
  <sequence>44</sequence>
  <logger>model.gameWorld.MyLogger</logger>
  <level>INFO</level>
  <class>model.gameObjects.Clown</class>
  <method>setX</method>
  <thread>14</thread>
  <message>clown moved left</message>
</record>
<record>
  <date>2018-12-23T17:05:55</date>
  <millis>1545577555311</millis>
  <sequence>45</sequence>
  <logger>model.gameWorld.MyLogger</logger>
  <level>INFO</level>
  <class>model.gameObjects.Clown</class>
  <method>intersectStacks</method>
  <thread>14</thread>
  <message>intersection of plate with right stack</message>
</record>
<record>
  <date>2018-12-23T17:05:55</date>
  <millis>1545577555311</millis>
  <sequence>46</sequence>
  <logger>model.gameWorld.MyLogger</logger>
  <level>INFO</level>
  <class>model.gameObjects.Clown</class>
  <method>intersectStacks</method>
  <thread>14</thread>
  <message>plate addded to right stack</message>
</record>
<record>
  <date>2018-12-23T17:05:55</date>
  <millis>1545577555312</millis>
  <sequence>47</sequence>
  <logger>model.gameWorld.MyLogger</logger>
  <level>WARNING</level>
  <class>model.gameObjects.shapes.plate.PlatesPool</class>
  <method>PopPlate</method>
  <thread>14</thread>
  <message>pool is empty</message>
</record>
<record>
  <date>2018-12-23T17:05:55</date>
  <millis>1545577555312</millis>
  <sequence>48</sequence>
  <logger>model.gameWorld.MyLogger</logger>
  <level>INFO</level>
  <class>model.gameObjects.shapes.plate.PlateFactory</class>
  <method>getPlate</method>
  <thread>14</thread>
  <message>oval Plate instance is returned from factory </message>
</record>
<record>
  <date>2018-12-23T17:05:55</date>
  <millis>1545577555407</millis>
  <sequence>49</sequence>
  <logger>model.gameWorld.MyLogger</logger>
  <level>INFO</level>
  <class>model.gameObjects.Clown</class>
  <method>intersectStacks</method>
  <thread>14</thread>
  <message>intersection of plate with left stack</message>
</record>
<record>
  <date>2018-12-23T17:05:55</date>
  <millis>1545577555408</millis>
  <sequence>50</sequence>
  <logger>model.gameWorld.MyLogger</logger>
  <level>INFO</level>
  <class>model.gameObjects.Clown</class>
  <method>intersectStacks</method>
  <thread>14</thread>
  <message>plate addded to left stack</message>
</record>
<record>
  <date>2018-12-23T17:05:55</date>
  <millis>1545577555410</millis>
  <sequence>51</sequence>
  <logger>model.gameWorld.MyLogger</logger>
  <level>WARNING</level>
  <class>model.gameWorld.GameWorld</class>
  <method>refresh</method>
  <thread>14</thread>
  <message>score up</message>
</record>
<record>
  <date>2018-12-23T17:05:55</date>
  <millis>1545577555859</millis>
  <sequence>52</sequence>
  <logger>model.gameWorld.MyLogger</logger>
  <level>INFO</level>
  <class>model.gameObjects.Clown</class>
  <method>setX</method>
  <thread>14</thread>
  <message>clown moved right</message>
</record>
<record>
  <date>2018-12-23T17:05:56</date>
  <millis>1545577556025</millis>
  <sequence>53</sequence>
  <logger>model.gameWorld.MyLogger</logger>
  <level>INFO</level>
  <class>model.gameObjects.Clown</class>
  <method>setX</method>
  <thread>14</thread>
  <message>clown moved right</message>
</record>
<record>
  <date>2018-12-23T17:05:56</date>
  <millis>1545577556202</millis>
  <sequence>54</sequence>
  <logger>model.gameWorld.MyLogger</logger>
  <level>INFO</level>
  <class>model.gameObjects.Clown</class>
  <method>setX</method>
  <thread>14</thread>
  <message>clown moved right</message>
</record>
<record>
  <date>2018-12-23T17:05:56</date>
  <millis>1545577556657</millis>
  <sequence>55</sequence>
  <logger>model.gameWorld.MyLogger</logger>
  <level>INFO</level>
  <class>model.gameObjects.Clown</class>
  <method>intersectStacks</method>
  <thread>14</thread>
  <message>intersection of plate with left stack</message>
</record>
<record>
  <date>2018-12-23T17:05:56</date>
  <millis>1545577556658</millis>
  <sequence>56</sequence>
  <logger>model.gameWorld.MyLogger</logger>
  <level>INFO</level>
  <class>model.gameObjects.Clown</class>
  <method>intersectStacks</method>
  <thread>14</thread>
  <message>plate addded to left stack</message>
</record>
<record>
  <date>2018-12-23T17:05:56</date>
  <millis>1545577556715</millis>
  <sequence>57</sequence>
  <logger>model.gameWorld.MyLogger</logger>
  <level>INFO</level>
  <class>model.gameObjects.Clown</class>
  <method>setX</method>
  <thread>14</thread>
  <message>clown moved left</message>
</record>
<record>
  <date>2018-12-23T17:05:56</date>
  <millis>1545577556898</millis>
  <sequence>58</sequence>
  <logger>model.gameWorld.MyLogger</logger>
  <level>INFO</level>
  <class>model.gameObjects.Clown</class>
  <method>setX</method>
  <thread>14</thread>
  <message>clown moved left</message>
</record>
<record>
  <date>2018-12-23T17:05:57</date>
  <millis>1545577557165</millis>
  <sequence>59</sequence>
  <logger>model.gameWorld.MyLogger</logger>
  <level>INFO</level>
  <class>model.gameObjects.Clown</class>
  <method>setX</method>
  <thread>14</thread>
  <message>clown moved left</message>
</record>
<record>
  <date>2018-12-23T17:05:57</date>
  <millis>1545577557759</millis>
  <sequence>60</sequence>
  <logger>model.gameWorld.MyLogger</logger>
  <level>INFO</level>
  <class>model.gameObjects.Clown</class>
  <method>intersectStacks</method>
  <thread>14</thread>
  <message>intersection of plate with right stack</message>
</record>
<record>
  <date>2018-12-23T17:05:57</date>
  <millis>1545577557759</millis>
  <sequence>61</sequence>
  <logger>model.gameWorld.MyLogger</logger>
  <level>INFO</level>
  <class>model.gameObjects.Clown</class>
  <method>intersectStacks</method>
  <thread>14</thread>
  <message>plate addded to right stack</message>
</record>
<record>
  <date>2018-12-23T17:05:57</date>
  <millis>1545577557760</millis>
  <sequence>62</sequence>
  <logger>model.gameWorld.MyLogger</logger>
  <level>WARNING</level>
  <class>model.gameWorld.GameWorld</class>
  <method>refresh</method>
  <thread>14</thread>
  <message>score up</message>
</record>
<record>
  <date>2018-12-23T17:06:00</date>
  <millis>1545577560013</millis>
  <sequence>63</sequence>
  <logger>model.gameWorld.MyLogger</logger>
  <level>INFO</level>
  <class>model.gameObjects.shapes.plate.PlateFactory</class>
  <method>getBatmanLogo</method>
  <thread>14</thread>
  <message>batman logo instance is returned from factory </message>
</record>
<record>
  <date>2018-12-23T17:06:00</date>
  <millis>1545577560024</millis>
  <sequence>64</sequence>
  <logger>model.gameWorld.MyLogger</logger>
  <level>INFO</level>
  <class>model.gameObjects.shapes.plate.PlateFactory</class>
  <method>getHarleyLogo</method>
  <thread>14</thread>
  <message>harley logo instance is returned from factory </message>
</record>
</log>
