<?xml version="1.0" encoding="windows-1252" standalone="no"?>
<!DOCTYPE log SYSTEM "logger.dtd">
<log>
<record>
  <date>2018-12-23T12:37:31.714494700Z</date>
  <millis>1545568651714</millis>
  <nanos>494700</nanos>
  <sequence>0</sequence>
  <logger>model.gameWorld.MyLogger</logger>
  <level>WARNING</level>
  <class>model.gameObjects.shapes.plate.PlatesPool</class>
  <method>PopPlate</method>
  <thread>17</thread>
  <message>pool is empty</message>
</record>
<record>
  <date>2018-12-23T12:37:31.744574200Z</date>
  <millis>1545568651744</millis>
  <nanos>574200</nanos>
  <sequence>1</sequence>
  <logger>model.gameWorld.MyLogger</logger>
  <level>INFO</level>
  <class>model.gameObjects.shapes.plate.PlateFactory</class>
  <method>getPlate</method>
  <thread>17</thread>
  <message>rectanglar Plate instance is returned from factory </message>
</record>
<record>
  <date>2018-12-23T12:37:31.746579Z</date>
  <millis>1545568651746</millis>
  <nanos>579000</nanos>
  <sequence>2</sequence>
  <logger>model.gameWorld.MyLogger</logger>
  <level>WARNING</level>
  <class>model.gameObjects.shapes.plate.PlatesPool</class>
  <method>PopPlate</method>
  <thread>17</thread>
  <message>pool is empty</message>
</record>
<record>
  <date>2018-12-23T12:37:31.746579Z</date>
  <millis>1545568651746</millis>
  <nanos>579000</nanos>
  <sequence>3</sequence>
  <logger>model.gameWorld.MyLogger</logger>
  <level>INFO</level>
  <class>model.gameObjects.shapes.plate.PlateFactory</class>
  <method>getPlate</method>
  <thread>17</thread>
  <message>rectanglar Plate instance is returned from factory </message>
</record>
<record>
  <date>2018-12-23T12:37:31.747581900Z</date>
  <millis>1545568651747</millis>
  <nanos>581900</nanos>
  <sequence>4</sequence>
  <logger>model.gameWorld.MyLogger</logger>
  <level>WARNING</level>
  <class>model.gameObjects.shapes.plate.PlatesPool</class>
  <method>PopPlate</method>
  <thread>17</thread>
  <message>pool is empty</message>
</record>
<record>
  <date>2018-12-23T12:37:31.747581900Z</date>
  <millis>1545568651747</millis>
  <nanos>581900</nanos>
  <sequence>5</sequence>
  <logger>model.gameWorld.MyLogger</logger>
  <level>INFO</level>
  <class>model.gameObjects.shapes.plate.PlateFactory</class>
  <method>getPlate</method>
  <thread>17</thread>
  <message>oval Plate instance is returned from factory </message>
</record>
<record>
  <date>2018-12-23T12:37:31.752595500Z</date>
  <millis>1545568651752</millis>
  <nanos>595500</nanos>
  <sequence>6</sequence>
  <logger>model.gameWorld.MyLogger</logger>
  <level>WARNING</level>
  <class>model.gameObjects.shapes.plate.PlatesPool</class>
  <method>PopPlate</method>
  <thread>17</thread>
  <message>pool is empty</message>
</record>
<record>
  <date>2018-12-23T12:37:31.753599500Z</date>
  <millis>1545568651753</millis>
  <nanos>599500</nanos>
  <sequence>7</sequence>
  <logger>model.gameWorld.MyLogger</logger>
  <level>INFO</level>
  <class>model.gameObjects.shapes.plate.PlateFactory</class>
  <method>getPlate</method>
  <thread>17</thread>
  <message>oval Plate instance is returned from factory </message>
</record>
<record>
  <date>2018-12-23T12:37:31.753599500Z</date>
  <millis>1545568651753</millis>
  <nanos>599500</nanos>
  <sequence>8</sequence>
  <logger>model.gameWorld.MyLogger</logger>
  <level>WARNING</level>
  <class>model.gameObjects.shapes.plate.PlatesPool</class>
  <method>PopPlate</method>
  <thread>17</thread>
  <message>pool is empty</message>
</record>
<record>
  <date>2018-12-23T12:37:31.754600800Z</date>
  <millis>1545568651754</millis>
  <nanos>600800</nanos>
  <sequence>9</sequence>
  <logger>model.gameWorld.MyLogger</logger>
  <level>INFO</level>
  <class>model.gameObjects.shapes.plate.PlateFactory</class>
  <method>getPlate</method>
  <thread>17</thread>
  <message>oval Plate instance is returned from factory </message>
</record>
<record>
  <date>2018-12-23T12:37:31.754600800Z</date>
  <millis>1545568651754</millis>
  <nanos>600800</nanos>
  <sequence>10</sequence>
  <logger>model.gameWorld.MyLogger</logger>
  <level>WARNING</level>
  <class>model.gameObjects.shapes.plate.PlatesPool</class>
  <method>PopPlate</method>
  <thread>17</thread>
  <message>pool is empty</message>
</record>
<record>
  <date>2018-12-23T12:37:31.754600800Z</date>
  <millis>1545568651754</millis>
  <nanos>600800</nanos>
  <sequence>11</sequence>
  <logger>model.gameWorld.MyLogger</logger>
  <level>INFO</level>
  <class>model.gameObjects.shapes.plate.PlateFactory</class>
  <method>getPlate</method>
  <thread>17</thread>
  <message>rectanglar Plate instance is returned from factory </message>
</record>
<record>
  <date>2018-12-23T12:37:32.939034Z</date>
  <millis>1545568652939</millis>
  <nanos>34000</nanos>
  <sequence>12</sequence>
  <logger>model.gameWorld.MyLogger</logger>
  <level>INFO</level>
  <class>model.gameObjects.Clown</class>
  <method>setX</method>
  <thread>17</thread>
  <message>clown moved left</message>
</record>
<record>
  <date>2018-12-23T12:37:33.837527900Z</date>
  <millis>1545568653837</millis>
  <nanos>527900</nanos>
  <sequence>13</sequence>
  <logger>model.gameWorld.MyLogger</logger>
  <level>INFO</level>
  <class>model.gameObjects.Clown</class>
  <method>setX</method>
  <thread>17</thread>
  <message>clown moved right</message>
</record>
<record>
  <date>2018-12-23T12:37:34.044583100Z</date>
  <millis>1545568654044</millis>
  <nanos>583100</nanos>
  <sequence>14</sequence>
  <logger>model.gameWorld.MyLogger</logger>
  <level>INFO</level>
  <class>model.gameObjects.Clown</class>
  <method>intersectStacks</method>
  <thread>17</thread>
  <message>intersection of plate with left stack</message>
</record>
<record>
  <date>2018-12-23T12:37:34.045078700Z</date>
  <millis>1545568654045</millis>
  <nanos>78700</nanos>
  <sequence>15</sequence>
  <logger>model.gameWorld.MyLogger</logger>
  <level>INFO</level>
  <class>model.gameObjects.Clown</class>
  <method>intersectStacks</method>
  <thread>17</thread>
  <message>plate addded to left stack</message>
</record>
<record>
  <date>2018-12-23T12:37:34.045078700Z</date>
  <millis>1545568654045</millis>
  <nanos>78700</nanos>
  <sequence>16</sequence>
  <logger>model.gameWorld.MyLogger</logger>
  <level>WARNING</level>
  <class>model.gameObjects.shapes.plate.PlatesPool</class>
  <method>PopPlate</method>
  <thread>17</thread>
  <message>pool is empty</message>
</record>
<record>
  <date>2018-12-23T12:37:34.045579900Z</date>
  <millis>1545568654045</millis>
  <nanos>579900</nanos>
  <sequence>17</sequence>
  <logger>model.gameWorld.MyLogger</logger>
  <level>INFO</level>
  <class>model.gameObjects.shapes.plate.PlateFactory</class>
  <method>getPlate</method>
  <thread>17</thread>
  <message>rectanglar Plate instance is returned from factory </message>
</record>
<record>
  <date>2018-12-23T12:37:34.195022200Z</date>
  <millis>1545568654195</millis>
  <nanos>22200</nanos>
  <sequence>18</sequence>
  <logger>model.gameWorld.MyLogger</logger>
  <level>INFO</level>
  <class>model.gameObjects.Clown</class>
  <method>intersectStacks</method>
  <thread>17</thread>
  <message>intersection of plate with right stack</message>
</record>
<record>
  <date>2018-12-23T12:37:34.195480200Z</date>
  <millis>1545568654195</millis>
  <nanos>480200</nanos>
  <sequence>19</sequence>
  <logger>model.gameWorld.MyLogger</logger>
  <level>INFO</level>
  <class>model.gameObjects.Clown</class>
  <method>intersectStacks</method>
  <thread>17</thread>
  <message>plate addded to right stack</message>
</record>
<record>
  <date>2018-12-23T12:37:34.195979900Z</date>
  <millis>1545568654195</millis>
  <nanos>979900</nanos>
  <sequence>20</sequence>
  <logger>model.gameWorld.MyLogger</logger>
  <level>WARNING</level>
  <class>model.gameObjects.shapes.plate.PlatesPool</class>
  <method>PopPlate</method>
  <thread>17</thread>
  <message>pool is empty</message>
</record>
<record>
  <date>2018-12-23T12:37:34.195979900Z</date>
  <millis>1545568654195</millis>
  <nanos>979900</nanos>
  <sequence>21</sequence>
  <logger>model.gameWorld.MyLogger</logger>
  <level>INFO</level>
  <class>model.gameObjects.shapes.plate.PlateFactory</class>
  <method>getPlate</method>
  <thread>17</thread>
  <message>oval Plate instance is returned from factory </message>
</record>
<record>
  <date>2018-12-23T12:37:34.259187800Z</date>
  <millis>1545568654259</millis>
  <nanos>187800</nanos>
  <sequence>22</sequence>
  <logger>model.gameWorld.MyLogger</logger>
  <level>INFO</level>
  <class>model.gameObjects.Clown</class>
  <method>intersectStacks</method>
  <thread>17</thread>
  <message>intersection of plate with right stack</message>
</record>
<record>
  <date>2018-12-23T12:37:34.260695Z</date>
  <millis>1545568654260</millis>
  <nanos>695000</nanos>
  <sequence>23</sequence>
  <logger>model.gameWorld.MyLogger</logger>
  <level>INFO</level>
  <class>model.gameObjects.Clown</class>
  <method>intersectStacks</method>
  <thread>17</thread>
  <message>plate addded to right stack</message>
</record>
<record>
  <date>2018-12-23T12:37:34.261197700Z</date>
  <millis>1545568654261</millis>
  <nanos>197700</nanos>
  <sequence>24</sequence>
  <logger>model.gameWorld.MyLogger</logger>
  <level>WARNING</level>
  <class>model.gameObjects.shapes.plate.PlatesPool</class>
  <method>PopPlate</method>
  <thread>17</thread>
  <message>pool is empty</message>
</record>
<record>
  <date>2018-12-23T12:37:34.261696900Z</date>
  <millis>1545568654261</millis>
  <nanos>696900</nanos>
  <sequence>25</sequence>
  <logger>model.gameWorld.MyLogger</logger>
  <level>INFO</level>
  <class>model.gameObjects.shapes.plate.PlateFactory</class>
  <method>getPlate</method>
  <thread>17</thread>
  <message>oval Plate instance is returned from factory </message>
</record>
<record>
  <date>2018-12-23T12:37:34.343945400Z</date>
  <millis>1545568654343</millis>
  <nanos>945400</nanos>
  <sequence>26</sequence>
  <logger>model.gameWorld.MyLogger</logger>
  <level>INFO</level>
  <class>model.gameObjects.Clown</class>
  <method>setX</method>
  <thread>17</thread>
  <message>clown moved right</message>
</record>
<record>
  <date>2018-12-23T12:37:35.064436Z</date>
  <millis>1545568655064</millis>
  <nanos>436000</nanos>
  <sequence>27</sequence>
  <logger>model.gameWorld.MyLogger</logger>
  <level>INFO</level>
  <class>model.gameObjects.Clown</class>
  <method>setX</method>
  <thread>17</thread>
  <message>clown moved right</message>
</record>
<record>
  <date>2018-12-23T12:37:35.511851600Z</date>
  <millis>1545568655511</millis>
  <nanos>851600</nanos>
  <sequence>28</sequence>
  <logger>model.gameWorld.MyLogger</logger>
  <level>INFO</level>
  <class>model.gameObjects.Clown</class>
  <method>setX</method>
  <thread>17</thread>
  <message>clown moved right</message>
</record>
<record>
  <date>2018-12-23T12:37:36.003120400Z</date>
  <millis>1545568656003</millis>
  <nanos>120400</nanos>
  <sequence>29</sequence>
  <logger>model.gameWorld.MyLogger</logger>
  <level>INFO</level>
  <class>model.gameObjects.Clown</class>
  <method>setX</method>
  <thread>17</thread>
  <message>clown moved right</message>
</record>
<record>
  <date>2018-12-23T12:37:36.034202800Z</date>
  <millis>1545568656034</millis>
  <nanos>202800</nanos>
  <sequence>30</sequence>
  <logger>model.gameWorld.MyLogger</logger>
  <level>INFO</level>
  <class>model.gameObjects.Clown</class>
  <method>setX</method>
  <thread>17</thread>
  <message>clown moved right</message>
</record>
<record>
  <date>2018-12-23T12:37:36.059773Z</date>
  <millis>1545568656059</millis>
  <nanos>773000</nanos>
  <sequence>31</sequence>
  <logger>model.gameWorld.MyLogger</logger>
  <level>INFO</level>
  <class>model.gameObjects.Clown</class>
  <method>setX</method>
  <thread>17</thread>
  <message>clown moved right</message>
</record>
<record>
  <date>2018-12-23T12:37:36.089850900Z</date>
  <millis>1545568656089</millis>
  <nanos>850900</nanos>
  <sequence>32</sequence>
  <logger>model.gameWorld.MyLogger</logger>
  <level>INFO</level>
  <class>model.gameObjects.Clown</class>
  <method>setX</method>
  <thread>17</thread>
  <message>clown moved right</message>
</record>
<record>
  <date>2018-12-23T12:37:36.122940200Z</date>
  <millis>1545568656122</millis>
  <nanos>940200</nanos>
  <sequence>33</sequence>
  <logger>model.gameWorld.MyLogger</logger>
  <level>INFO</level>
  <class>model.gameObjects.Clown</class>
  <method>setX</method>
  <thread>17</thread>
  <message>clown moved right</message>
</record>
<record>
  <date>2018-12-23T12:37:36.553600700Z</date>
  <millis>1545568656553</millis>
  <nanos>600700</nanos>
  <sequence>34</sequence>
  <logger>model.gameWorld.MyLogger</logger>
  <level>INFO</level>
  <class>model.gameObjects.Clown</class>
  <method>setX</method>
  <thread>17</thread>
  <message>clown moved right</message>
</record>
<record>
  <date>2018-12-23T12:37:37.086398500Z</date>
  <millis>1545568657086</millis>
  <nanos>398500</nanos>
  <sequence>35</sequence>
  <logger>model.gameWorld.MyLogger</logger>
  <level>INFO</level>
  <class>model.gameObjects.Clown</class>
  <method>setX</method>
  <thread>17</thread>
  <message>clown moved right</message>
</record>
<record>
  <date>2018-12-23T12:37:37.745707700Z</date>
  <millis>1545568657745</millis>
  <nanos>707700</nanos>
  <sequence>36</sequence>
  <logger>model.gameWorld.MyLogger</logger>
  <level>INFO</level>
  <class>model.gameObjects.Clown</class>
  <method>intersectStacks</method>
  <thread>17</thread>
  <message>intersection of plate with left stack</message>
</record>
<record>
  <date>2018-12-23T12:37:37.745707700Z</date>
  <millis>1545568657745</millis>
  <nanos>707700</nanos>
  <sequence>37</sequence>
  <logger>model.gameWorld.MyLogger</logger>
  <level>INFO</level>
  <class>model.gameObjects.Clown</class>
  <method>intersectStacks</method>
  <thread>17</thread>
  <message>plate addded to left stack</message>
</record>
<record>
  <date>2018-12-23T12:37:37.746209400Z</date>
  <millis>1545568657746</millis>
  <nanos>209400</nanos>
  <sequence>38</sequence>
  <logger>model.gameWorld.MyLogger</logger>
  <level>WARNING</level>
  <class>model.gameObjects.shapes.plate.PlatesPool</class>
  <method>PopPlate</method>
  <thread>17</thread>
  <message>pool is empty</message>
</record>
<record>
  <date>2018-12-23T12:37:37.746209400Z</date>
  <millis>1545568657746</millis>
  <nanos>209400</nanos>
  <sequence>39</sequence>
  <logger>model.gameWorld.MyLogger</logger>
  <level>INFO</level>
  <class>model.gameObjects.shapes.plate.PlateFactory</class>
  <method>getPlate</method>
  <thread>17</thread>
  <message>rectanglar Plate instance is returned from factory </message>
</record>
<record>
  <date>2018-12-23T12:37:37.788387200Z</date>
  <millis>1545568657788</millis>
  <nanos>387200</nanos>
  <sequence>40</sequence>
  <logger>model.gameWorld.MyLogger</logger>
  <level>INFO</level>
  <class>model.gameObjects.Clown</class>
  <method>intersectStacks</method>
  <thread>17</thread>
  <message>intersection of plate with left stack</message>
</record>
<record>
  <date>2018-12-23T12:37:37.788824100Z</date>
  <millis>1545568657788</millis>
  <nanos>824100</nanos>
  <sequence>41</sequence>
  <logger>model.gameWorld.MyLogger</logger>
  <level>INFO</level>
  <class>model.gameObjects.Clown</class>
  <method>intersectStacks</method>
  <thread>17</thread>
  <message>plate addded to left stack</message>
</record>
<record>
  <date>2018-12-23T12:37:37.789325900Z</date>
  <millis>1545568657789</millis>
  <nanos>325900</nanos>
  <sequence>42</sequence>
  <logger>model.gameWorld.MyLogger</logger>
  <level>WARNING</level>
  <class>model.gameWorld.GameWorld</class>
  <method>refresh</method>
  <thread>17</thread>
  <message>score up</message>
</record>
<record>
  <date>2018-12-23T12:37:37.849022200Z</date>
  <millis>1545568657849</millis>
  <nanos>22200</nanos>
  <sequence>43</sequence>
  <logger>model.gameWorld.MyLogger</logger>
  <level>INFO</level>
  <class>model.gameObjects.Clown</class>
  <method>setX</method>
  <thread>17</thread>
  <message>clown moved right</message>
</record>
<record>
  <date>2018-12-23T12:37:38.104668100Z</date>
  <millis>1545568658104</millis>
  <nanos>668100</nanos>
  <sequence>44</sequence>
  <logger>model.gameWorld.MyLogger</logger>
  <level>INFO</level>
  <class>model.gameObjects.Clown</class>
  <method>setX</method>
  <thread>17</thread>
  <message>clown moved right</message>
</record>
<record>
  <date>2018-12-23T12:37:39.431317500Z</date>
  <millis>1545568659431</millis>
  <nanos>317500</nanos>
  <sequence>45</sequence>
  <logger>model.gameWorld.MyLogger</logger>
  <level>INFO</level>
  <class>model.gameObjects.Clown</class>
  <method>setX</method>
  <thread>17</thread>
  <message>clown moved left</message>
</record>
<record>
  <date>2018-12-23T12:37:40.323960900Z</date>
  <millis>1545568660323</millis>
  <nanos>960900</nanos>
  <sequence>46</sequence>
  <logger>model.gameWorld.MyLogger</logger>
  <level>INFO</level>
  <class>model.gameObjects.Clown</class>
  <method>setX</method>
  <thread>17</thread>
  <message>clown moved left</message>
</record>
<record>
  <date>2018-12-23T12:37:40.711478700Z</date>
  <millis>1545568660711</millis>
  <nanos>478700</nanos>
  <sequence>47</sequence>
  <logger>model.gameWorld.MyLogger</logger>
  <level>INFO</level>
  <class>model.gameObjects.Clown</class>
  <method>setX</method>
  <thread>17</thread>
  <message>clown moved right</message>
</record>
<record>
  <date>2018-12-23T12:37:41.066260900Z</date>
  <millis>1545568661066</millis>
  <nanos>260900</nanos>
  <sequence>48</sequence>
  <logger>model.gameWorld.MyLogger</logger>
  <level>INFO</level>
  <class>model.gameObjects.Clown</class>
  <method>setX</method>
  <thread>17</thread>
  <message>clown moved right</message>
</record>
<record>
  <date>2018-12-23T12:37:41.372300700Z</date>
  <millis>1545568661372</millis>
  <nanos>300700</nanos>
  <sequence>49</sequence>
  <logger>model.gameWorld.MyLogger</logger>
  <level>INFO</level>
  <class>model.gameObjects.shapes.plate.PlateFactory</class>
  <method>getBatmanLogo</method>
  <thread>17</thread>
  <message>batman logo instance is returned from factory </message>
</record>
<record>
  <date>2018-12-23T12:37:41.379782800Z</date>
  <millis>1545568661379</millis>
  <nanos>782800</nanos>
  <sequence>50</sequence>
  <logger>model.gameWorld.MyLogger</logger>
  <level>INFO</level>
  <class>model.gameObjects.shapes.plate.PlateFactory</class>
  <method>getHarleyLogo</method>
  <thread>17</thread>
  <message>harley logo instance is returned from factory </message>
</record>
<record>
  <date>2018-12-23T12:37:41.876261500Z</date>
  <millis>1545568661876</millis>
  <nanos>261500</nanos>
  <sequence>51</sequence>
  <logger>model.gameWorld.MyLogger</logger>
  <level>INFO</level>
  <class>model.gameObjects.Clown</class>
  <method>intersectStacks</method>
  <thread>17</thread>
  <message>intersection of plate with left stack</message>
</record>
<record>
  <date>2018-12-23T12:37:41.876763300Z</date>
  <millis>1545568661876</millis>
  <nanos>763300</nanos>
  <sequence>52</sequence>
  <logger>model.gameWorld.MyLogger</logger>
  <level>INFO</level>
  <class>model.gameObjects.Clown</class>
  <method>intersectStacks</method>
  <thread>17</thread>
  <message>plate addded to left stack</message>
</record>
<record>
  <date>2018-12-23T12:37:42.297771800Z</date>
  <millis>1545568662297</millis>
  <nanos>771800</nanos>
  <sequence>53</sequence>
  <logger>model.gameWorld.MyLogger</logger>
  <level>INFO</level>
  <class>model.gameObjects.Clown</class>
  <method>setX</method>
  <thread>17</thread>
  <message>clown moved left</message>
</record>
<record>
  <date>2018-12-23T12:37:42.788333700Z</date>
  <millis>1545568662788</millis>
  <nanos>333700</nanos>
  <sequence>54</sequence>
  <logger>model.gameWorld.MyLogger</logger>
  <level>INFO</level>
  <class>model.gameObjects.Clown</class>
  <method>setX</method>
  <thread>17</thread>
  <message>clown moved left</message>
</record>
<record>
  <date>2018-12-23T12:37:42.814367100Z</date>
  <millis>1545568662814</millis>
  <nanos>367100</nanos>
  <sequence>55</sequence>
  <logger>model.gameWorld.MyLogger</logger>
  <level>INFO</level>
  <class>model.gameObjects.Clown</class>
  <method>setX</method>
  <thread>17</thread>
  <message>clown moved left</message>
</record>
<record>
  <date>2018-12-23T12:37:42.844445Z</date>
  <millis>1545568662844</millis>
  <nanos>445000</nanos>
  <sequence>56</sequence>
  <logger>model.gameWorld.MyLogger</logger>
  <level>INFO</level>
  <class>model.gameObjects.Clown</class>
  <method>setX</method>
  <thread>17</thread>
  <message>clown moved left</message>
</record>
<record>
  <date>2018-12-23T12:37:42.877079900Z</date>
  <millis>1545568662877</millis>
  <nanos>79900</nanos>
  <sequence>57</sequence>
  <logger>model.gameWorld.MyLogger</logger>
  <level>INFO</level>
  <class>model.gameObjects.Clown</class>
  <method>setX</method>
  <thread>17</thread>
  <message>clown moved left</message>
</record>
<record>
  <date>2018-12-23T12:37:42.906611900Z</date>
  <millis>1545568662906</millis>
  <nanos>611900</nanos>
  <sequence>58</sequence>
  <logger>model.gameWorld.MyLogger</logger>
  <level>INFO</level>
  <class>model.gameObjects.Clown</class>
  <method>setX</method>
  <thread>17</thread>
  <message>clown moved left</message>
</record>
<record>
  <date>2018-12-23T12:37:42.933271400Z</date>
  <millis>1545568662933</millis>
  <nanos>271400</nanos>
  <sequence>59</sequence>
  <logger>model.gameWorld.MyLogger</logger>
  <level>INFO</level>
  <class>model.gameObjects.Clown</class>
  <method>setX</method>
  <thread>17</thread>
  <message>clown moved left</message>
</record>
<record>
  <date>2018-12-23T12:37:42.962352100Z</date>
  <millis>1545568662962</millis>
  <nanos>352100</nanos>
  <sequence>60</sequence>
  <logger>model.gameWorld.MyLogger</logger>
  <level>INFO</level>
  <class>model.gameObjects.Clown</class>
  <method>setX</method>
  <thread>17</thread>
  <message>clown moved left</message>
</record>
<record>
  <date>2018-12-23T12:37:42.994460100Z</date>
  <millis>1545568662994</millis>
  <nanos>460100</nanos>
  <sequence>61</sequence>
  <logger>model.gameWorld.MyLogger</logger>
  <level>INFO</level>
  <class>model.gameObjects.Clown</class>
  <method>setX</method>
  <thread>17</thread>
  <message>clown moved left</message>
</record>
<record>
  <date>2018-12-23T12:37:43.026825600Z</date>
  <millis>1545568663026</millis>
  <nanos>825600</nanos>
  <sequence>62</sequence>
  <logger>model.gameWorld.MyLogger</logger>
  <level>INFO</level>
  <class>model.gameObjects.Clown</class>
  <method>setX</method>
  <thread>17</thread>
  <message>clown moved left</message>
</record>
<record>
  <date>2018-12-23T12:37:43.060350300Z</date>
  <millis>1545568663060</millis>
  <nanos>350300</nanos>
  <sequence>63</sequence>
  <logger>model.gameWorld.MyLogger</logger>
  <level>INFO</level>
  <class>model.gameObjects.Clown</class>
  <method>setX</method>
  <thread>17</thread>
  <message>clown moved left</message>
</record>
<record>
  <date>2018-12-23T12:37:43.082408900Z</date>
  <millis>1545568663082</millis>
  <nanos>408900</nanos>
  <sequence>64</sequence>
  <logger>model.gameWorld.MyLogger</logger>
  <level>INFO</level>
  <class>model.gameObjects.Clown</class>
  <method>setX</method>
  <thread>17</thread>
  <message>clown moved left</message>
</record>
<record>
  <date>2018-12-23T12:37:43.112488400Z</date>
  <millis>1545568663112</millis>
  <nanos>488400</nanos>
  <sequence>65</sequence>
  <logger>model.gameWorld.MyLogger</logger>
  <level>INFO</level>
  <class>model.gameObjects.Clown</class>
  <method>setX</method>
  <thread>17</thread>
  <message>clown moved left</message>
</record>
<record>
  <date>2018-12-23T12:37:43.148584400Z</date>
  <millis>1545568663148</millis>
  <nanos>584400</nanos>
  <sequence>66</sequence>
  <logger>model.gameWorld.MyLogger</logger>
  <level>INFO</level>
  <class>model.gameObjects.Clown</class>
  <method>setX</method>
  <thread>17</thread>
  <message>clown moved left</message>
</record>
<record>
  <date>2018-12-23T12:37:43.179165600Z</date>
  <millis>1545568663179</millis>
  <nanos>165600</nanos>
  <sequence>67</sequence>
  <logger>model.gameWorld.MyLogger</logger>
  <level>INFO</level>
  <class>model.gameObjects.Clown</class>
  <method>setX</method>
  <thread>17</thread>
  <message>clown moved left</message>
</record>
<record>
  <date>2018-12-23T12:37:43.202728400Z</date>
  <millis>1545568663202</millis>
  <nanos>728400</nanos>
  <sequence>68</sequence>
  <logger>model.gameWorld.MyLogger</logger>
  <level>INFO</level>
  <class>model.gameObjects.Clown</class>
  <method>setX</method>
  <thread>17</thread>
  <message>clown moved left</message>
</record>
<record>
  <date>2018-12-23T12:37:43.329566200Z</date>
  <millis>1545568663329</millis>
  <nanos>566200</nanos>
  <sequence>69</sequence>
  <logger>model.gameWorld.MyLogger</logger>
  <level>INFO</level>
  <class>model.gameObjects.Clown</class>
  <method>setX</method>
  <thread>17</thread>
  <message>clown moved right</message>
</record>
<record>
  <date>2018-12-23T12:37:43.569239800Z</date>
  <millis>1545568663569</millis>
  <nanos>239800</nanos>
  <sequence>70</sequence>
  <logger>model.gameWorld.MyLogger</logger>
  <level>INFO</level>
  <class>model.gameObjects.Clown</class>
  <method>setX</method>
  <thread>17</thread>
  <message>clown moved right</message>
</record>
<record>
  <date>2018-12-23T12:37:43.810554300Z</date>
  <millis>1545568663810</millis>
  <nanos>554300</nanos>
  <sequence>71</sequence>
  <logger>model.gameWorld.MyLogger</logger>
  <level>INFO</level>
  <class>model.gameObjects.Clown</class>
  <method>intersectStacks</method>
  <thread>17</thread>
  <message>intersection of plate with right stack</message>
</record>
<record>
  <date>2018-12-23T12:37:43.811055500Z</date>
  <millis>1545568663811</millis>
  <nanos>55500</nanos>
  <sequence>72</sequence>
  <logger>model.gameWorld.MyLogger</logger>
  <level>INFO</level>
  <class>model.gameObjects.Clown</class>
  <method>intersectStacks</method>
  <thread>17</thread>
  <message>plate addded to right stack</message>
</record>
<record>
  <date>2018-12-23T12:37:44.250893Z</date>
  <millis>1545568664250</millis>
  <nanos>893000</nanos>
  <sequence>73</sequence>
  <logger>model.gameWorld.MyLogger</logger>
  <level>INFO</level>
  <class>model.gameObjects.Clown</class>
  <method>intersectStacks</method>
  <thread>17</thread>
  <message>intersection of plate with left stack</message>
</record>
<record>
  <date>2018-12-23T12:37:44.251358200Z</date>
  <millis>1545568664251</millis>
  <nanos>358200</nanos>
  <sequence>74</sequence>
  <logger>model.gameWorld.MyLogger</logger>
  <level>INFO</level>
  <class>model.gameObjects.Clown</class>
  <method>intersectStacks</method>
  <thread>17</thread>
  <message>plate addded to left stack</message>
</record>
<record>
  <date>2018-12-23T12:37:44.251859400Z</date>
  <millis>1545568664251</millis>
  <nanos>859400</nanos>
  <sequence>75</sequence>
  <logger>model.gameWorld.MyLogger</logger>
  <level>WARNING</level>
  <class>model.gameObjects.shapes.plate.PlatesPool</class>
  <method>PopPlate</method>
  <thread>17</thread>
  <message>pool is empty</message>
</record>
<record>
  <date>2018-12-23T12:37:44.252360100Z</date>
  <millis>1545568664252</millis>
  <nanos>360100</nanos>
  <sequence>76</sequence>
  <logger>model.gameWorld.MyLogger</logger>
  <level>INFO</level>
  <class>model.gameObjects.shapes.plate.PlateFactory</class>
  <method>getPlate</method>
  <thread>17</thread>
  <message>oval Plate instance is returned from factory </message>
</record>
<record>
  <date>2018-12-23T12:37:44.379783300Z</date>
  <millis>1545568664379</millis>
  <nanos>783300</nanos>
  <sequence>77</sequence>
  <logger>model.gameWorld.MyLogger</logger>
  <level>INFO</level>
  <class>model.gameObjects.Clown</class>
  <method>setX</method>
  <thread>17</thread>
  <message>clown moved right</message>
</record>
<record>
  <date>2018-12-23T12:37:44.864170400Z</date>
  <millis>1545568664864</millis>
  <nanos>170400</nanos>
  <sequence>78</sequence>
  <logger>model.gameWorld.MyLogger</logger>
  <level>INFO</level>
  <class>model.gameObjects.Clown</class>
  <method>setX</method>
  <thread>17</thread>
  <message>clown moved right</message>
</record>
<record>
  <date>2018-12-23T12:37:44.895484700Z</date>
  <millis>1545568664895</millis>
  <nanos>484700</nanos>
  <sequence>79</sequence>
  <logger>model.gameWorld.MyLogger</logger>
  <level>INFO</level>
  <class>model.gameObjects.Clown</class>
  <method>setX</method>
  <thread>17</thread>
  <message>clown moved right</message>
</record>
<record>
  <date>2018-12-23T12:37:44.927106800Z</date>
  <millis>1545568664927</millis>
  <nanos>106800</nanos>
  <sequence>80</sequence>
  <logger>model.gameWorld.MyLogger</logger>
  <level>INFO</level>
  <class>model.gameObjects.Clown</class>
  <method>setX</method>
  <thread>17</thread>
  <message>clown moved right</message>
</record>
<record>
  <date>2018-12-23T12:37:44.950848500Z</date>
  <millis>1545568664950</millis>
  <nanos>848500</nanos>
  <sequence>81</sequence>
  <logger>model.gameWorld.MyLogger</logger>
  <level>INFO</level>
  <class>model.gameObjects.Clown</class>
  <method>setX</method>
  <thread>17</thread>
  <message>clown moved right</message>
</record>
<record>
  <date>2018-12-23T12:37:44.980372900Z</date>
  <millis>1545568664980</millis>
  <nanos>372900</nanos>
  <sequence>82</sequence>
  <logger>model.gameWorld.MyLogger</logger>
  <level>INFO</level>
  <class>model.gameObjects.Clown</class>
  <method>setX</method>
  <thread>17</thread>
  <message>clown moved right</message>
</record>
<record>
  <date>2018-12-23T12:37:45.010794700Z</date>
  <millis>1545568665010</millis>
  <nanos>794700</nanos>
  <sequence>83</sequence>
  <logger>model.gameWorld.MyLogger</logger>
  <level>INFO</level>
  <class>model.gameObjects.Clown</class>
  <method>setX</method>
  <thread>17</thread>
  <message>clown moved right</message>
</record>
<record>
  <date>2018-12-23T12:37:45.044494200Z</date>
  <millis>1545568665044</millis>
  <nanos>494200</nanos>
  <sequence>84</sequence>
  <logger>model.gameWorld.MyLogger</logger>
  <level>INFO</level>
  <class>model.gameObjects.Clown</class>
  <method>setX</method>
  <thread>17</thread>
  <message>clown moved right</message>
</record>
<record>
  <date>2018-12-23T12:37:45.076434600Z</date>
  <millis>1545568665076</millis>
  <nanos>434600</nanos>
  <sequence>85</sequence>
  <logger>model.gameWorld.MyLogger</logger>
  <level>INFO</level>
  <class>model.gameObjects.Clown</class>
  <method>setX</method>
  <thread>17</thread>
  <message>clown moved right</message>
</record>
<record>
  <date>2018-12-23T12:37:45.100502700Z</date>
  <millis>1545568665100</millis>
  <nanos>502700</nanos>
  <sequence>86</sequence>
  <logger>model.gameWorld.MyLogger</logger>
  <level>INFO</level>
  <class>model.gameObjects.Clown</class>
  <method>setX</method>
  <thread>17</thread>
  <message>clown moved right</message>
</record>
<record>
  <date>2018-12-23T12:37:45.131118900Z</date>
  <millis>1545568665131</millis>
  <nanos>118900</nanos>
  <sequence>87</sequence>
  <logger>model.gameWorld.MyLogger</logger>
  <level>INFO</level>
  <class>model.gameObjects.Clown</class>
  <method>setX</method>
  <thread>17</thread>
  <message>clown moved right</message>
</record>
<record>
  <date>2018-12-23T12:37:45.162039300Z</date>
  <millis>1545568665162</millis>
  <nanos>39300</nanos>
  <sequence>88</sequence>
  <logger>model.gameWorld.MyLogger</logger>
  <level>INFO</level>
  <class>model.gameObjects.Clown</class>
  <method>setX</method>
  <thread>17</thread>
  <message>clown moved right</message>
</record>
<record>
  <date>2018-12-23T12:37:45.194557500Z</date>
  <millis>1545568665194</millis>
  <nanos>557500</nanos>
  <sequence>89</sequence>
  <logger>model.gameWorld.MyLogger</logger>
  <level>INFO</level>
  <class>model.gameObjects.Clown</class>
  <method>setX</method>
  <thread>17</thread>
  <message>clown moved right</message>
</record>
<record>
  <date>2018-12-23T12:37:45.226830500Z</date>
  <millis>1545568665226</millis>
  <nanos>830500</nanos>
  <sequence>90</sequence>
  <logger>model.gameWorld.MyLogger</logger>
  <level>INFO</level>
  <class>model.gameObjects.Clown</class>
  <method>setX</method>
  <thread>17</thread>
  <message>clown moved right</message>
</record>
<record>
  <date>2018-12-23T12:37:45.248264100Z</date>
  <millis>1545568665248</millis>
  <nanos>264100</nanos>
  <sequence>91</sequence>
  <logger>model.gameWorld.MyLogger</logger>
  <level>INFO</level>
  <class>model.gameObjects.Clown</class>
  <method>setX</method>
  <thread>17</thread>
  <message>clown moved right</message>
</record>
<record>
  <date>2018-12-23T12:37:45.278689Z</date>
  <millis>1545568665278</millis>
  <nanos>689000</nanos>
  <sequence>92</sequence>
  <logger>model.gameWorld.MyLogger</logger>
  <level>INFO</level>
  <class>model.gameObjects.Clown</class>
  <method>setX</method>
  <thread>17</thread>
  <message>clown moved right</message>
</record>
<record>
  <date>2018-12-23T12:37:45.311098700Z</date>
  <millis>1545568665311</millis>
  <nanos>98700</nanos>
  <sequence>93</sequence>
  <logger>model.gameWorld.MyLogger</logger>
  <level>INFO</level>
  <class>model.gameObjects.Clown</class>
  <method>setX</method>
  <thread>17</thread>
  <message>clown moved right</message>
</record>
<record>
  <date>2018-12-23T12:37:46.076427900Z</date>
  <millis>1545568666076</millis>
  <nanos>427900</nanos>
  <sequence>94</sequence>
  <logger>model.gameWorld.MyLogger</logger>
  <level>INFO</level>
  <class>model.gameObjects.Clown</class>
  <method>setX</method>
  <thread>17</thread>
  <message>clown moved right</message>
</record>
<record>
  <date>2018-12-23T12:37:46.698599500Z</date>
  <millis>1545568666698</millis>
  <nanos>599500</nanos>
  <sequence>95</sequence>
  <logger>model.gameWorld.MyLogger</logger>
  <level>INFO</level>
  <class>model.gameObjects.Clown</class>
  <method>intersectStacks</method>
  <thread>17</thread>
  <message>intersection of plate with left stack</message>
</record>
<record>
  <date>2018-12-23T12:37:46.699058100Z</date>
  <millis>1545568666699</millis>
  <nanos>58100</nanos>
  <sequence>96</sequence>
  <logger>model.gameWorld.MyLogger</logger>
  <level>INFO</level>
  <class>model.gameObjects.Clown</class>
  <method>intersectStacks</method>
  <thread>17</thread>
  <message>plate addded to left stack</message>
</record>
<record>
  <date>2018-12-23T12:37:46.699058100Z</date>
  <millis>1545568666699</millis>
  <nanos>58100</nanos>
  <sequence>97</sequence>
  <logger>model.gameWorld.MyLogger</logger>
  <level>WARNING</level>
  <class>model.gameWorld.GameWorld</class>
  <method>refresh</method>
  <thread>17</thread>
  <message>score up</message>
</record>
<record>
  <date>2018-12-23T12:37:46.868061300Z</date>
  <millis>1545568666868</millis>
  <nanos>61300</nanos>
  <sequence>98</sequence>
  <logger>model.gameWorld.MyLogger</logger>
  <level>INFO</level>
  <class>model.gameObjects.Clown</class>
  <method>setX</method>
  <thread>17</thread>
  <message>clown moved left</message>
</record>
<record>
  <date>2018-12-23T12:37:47.092852Z</date>
  <millis>1545568667092</millis>
  <nanos>852000</nanos>
  <sequence>99</sequence>
  <logger>model.gameWorld.MyLogger</logger>
  <level>INFO</level>
  <class>model.gameObjects.Clown</class>
  <method>setX</method>
  <thread>17</thread>
  <message>clown moved left</message>
</record>
<record>
  <date>2018-12-23T12:37:47.908635800Z</date>
  <millis>1545568667908</millis>
  <nanos>635800</nanos>
  <sequence>100</sequence>
  <logger>model.gameWorld.MyLogger</logger>
  <level>INFO</level>
  <class>model.gameObjects.Clown</class>
  <method>intersectStacks</method>
  <thread>17</thread>
  <message>intersection of plate with right stack</message>
</record>
<record>
  <date>2018-12-23T12:37:47.909140100Z</date>
  <millis>1545568667909</millis>
  <nanos>140100</nanos>
  <sequence>101</sequence>
  <logger>model.gameWorld.MyLogger</logger>
  <level>INFO</level>
  <class>model.gameObjects.Clown</class>
  <method>intersectStacks</method>
  <thread>17</thread>
  <message>plate addded to right stack</message>
</record>
<record>
  <date>2018-12-23T12:37:48.005870Z</date>
  <millis>1545568668005</millis>
  <nanos>870000</nanos>
  <sequence>102</sequence>
  <logger>model.gameWorld.MyLogger</logger>
  <level>INFO</level>
  <class>model.gameObjects.Clown</class>
  <method>setX</method>
  <thread>17</thread>
  <message>clown moved right</message>
</record>
<record>
  <date>2018-12-23T12:37:48.499157500Z</date>
  <millis>1545568668499</millis>
  <nanos>157500</nanos>
  <sequence>103</sequence>
  <logger>model.gameWorld.MyLogger</logger>
  <level>INFO</level>
  <class>model.gameObjects.Clown</class>
  <method>setX</method>
  <thread>17</thread>
  <message>clown moved right</message>
</record>
<record>
  <date>2018-12-23T12:37:48.530864Z</date>
  <millis>1545568668530</millis>
  <nanos>864000</nanos>
  <sequence>104</sequence>
  <logger>model.gameWorld.MyLogger</logger>
  <level>INFO</level>
  <class>model.gameObjects.Clown</class>
  <method>setX</method>
  <thread>17</thread>
  <message>clown moved right</message>
</record>
<record>
  <date>2018-12-23T12:37:48.563623800Z</date>
  <millis>1545568668563</millis>
  <nanos>623800</nanos>
  <sequence>105</sequence>
  <logger>model.gameWorld.MyLogger</logger>
  <level>INFO</level>
  <class>model.gameObjects.Clown</class>
  <method>setX</method>
  <thread>17</thread>
  <message>clown moved right</message>
</record>
<record>
  <date>2018-12-23T12:37:48.972658900Z</date>
  <millis>1545568668972</millis>
  <nanos>658900</nanos>
  <sequence>106</sequence>
  <logger>model.gameWorld.MyLogger</logger>
  <level>INFO</level>
  <class>model.gameObjects.Clown</class>
  <method>intersectStacks</method>
  <thread>17</thread>
  <message>intersection of plate with right stack</message>
</record>
<record>
  <date>2018-12-23T12:37:48.973532800Z</date>
  <millis>1545568668973</millis>
  <nanos>532800</nanos>
  <sequence>107</sequence>
  <logger>model.gameWorld.MyLogger</logger>
  <level>INFO</level>
  <class>model.gameObjects.Clown</class>
  <method>intersectStacks</method>
  <thread>17</thread>
  <message>plate addded to right stack</message>
</record>
<record>
  <date>2018-12-23T12:37:49.186423600Z</date>
  <millis>1545568669186</millis>
  <nanos>423600</nanos>
  <sequence>108</sequence>
  <logger>model.gameWorld.MyLogger</logger>
  <level>INFO</level>
  <class>model.gameObjects.Clown</class>
  <method>setX</method>
  <thread>17</thread>
  <message>clown moved left</message>
</record>
<record>
  <date>2018-12-23T12:37:50.221809200Z</date>
  <millis>1545568670221</millis>
  <nanos>809200</nanos>
  <sequence>109</sequence>
  <logger>model.gameWorld.MyLogger</logger>
  <level>INFO</level>
  <class>model.gameObjects.Clown</class>
  <method>setX</method>
  <thread>17</thread>
  <message>clown moved right</message>
</record>
<record>
  <date>2018-12-23T12:37:50.599510600Z</date>
  <millis>1545568670599</millis>
  <nanos>510600</nanos>
  <sequence>110</sequence>
  <logger>model.gameWorld.MyLogger</logger>
  <level>INFO</level>
  <class>model.gameObjects.Clown</class>
  <method>setX</method>
  <thread>17</thread>
  <message>clown moved left</message>
</record>
<record>
  <date>2018-12-23T12:37:51.373128400Z</date>
  <millis>1545568671373</millis>
  <nanos>128400</nanos>
  <sequence>111</sequence>
  <logger>model.gameWorld.MyLogger</logger>
  <level>INFO</level>
  <class>model.gameObjects.shapes.plate.PlateFactory</class>
  <method>getBatmanLogo</method>
  <thread>17</thread>
  <message>batman logo instance is returned from factory </message>
</record>
<record>
  <date>2018-12-23T12:37:51.379134600Z</date>
  <millis>1545568671379</millis>
  <nanos>134600</nanos>
  <sequence>112</sequence>
  <logger>model.gameWorld.MyLogger</logger>
  <level>INFO</level>
  <class>model.gameObjects.Clown</class>
  <method>intersectStacks</method>
  <thread>17</thread>
  <message>intersection of plate with left stack</message>
</record>
<record>
  <date>2018-12-23T12:37:51.379134600Z</date>
  <millis>1545568671379</millis>
  <nanos>134600</nanos>
  <sequence>113</sequence>
  <logger>model.gameWorld.MyLogger</logger>
  <level>INFO</level>
  <class>model.gameObjects.Clown</class>
  <method>intersectStacks</method>
  <thread>17</thread>
  <message>plate addded to left stack</message>
</record>
<record>
  <date>2018-12-23T12:37:51.379635800Z</date>
  <millis>1545568671379</millis>
  <nanos>635800</nanos>
  <sequence>114</sequence>
  <logger>model.gameWorld.MyLogger</logger>
  <level>WARNING</level>
  <class>model.gameObjects.shapes.plate.PlatesPool</class>
  <method>PopPlate</method>
  <thread>17</thread>
  <message>pool is empty</message>
</record>
<record>
  <date>2018-12-23T12:37:51.379635800Z</date>
  <millis>1545568671379</millis>
  <nanos>635800</nanos>
  <sequence>115</sequence>
  <logger>model.gameWorld.MyLogger</logger>
  <level>INFO</level>
  <class>model.gameObjects.shapes.plate.PlateFactory</class>
  <method>getPlate</method>
  <thread>17</thread>
  <message>rectanglar Plate instance is returned from factory </message>
</record>
<record>
  <date>2018-12-23T12:37:51.387155400Z</date>
  <millis>1545568671387</millis>
  <nanos>155400</nanos>
  <sequence>116</sequence>
  <logger>model.gameWorld.MyLogger</logger>
  <level>INFO</level>
  <class>model.gameObjects.shapes.plate.PlateFactory</class>
  <method>getHarleyLogo</method>
  <thread>17</thread>
  <message>harley logo instance is returned from factory </message>
</record>
<record>
  <date>2018-12-23T12:37:52.057900300Z</date>
  <millis>1545568672057</millis>
  <nanos>900300</nanos>
  <sequence>117</sequence>
  <logger>model.gameWorld.MyLogger</logger>
  <level>INFO</level>
  <class>model.gameObjects.Clown</class>
  <method>setX</method>
  <thread>17</thread>
  <message>clown moved right</message>
</record>
<record>
  <date>2018-12-23T12:37:52.358182700Z</date>
  <millis>1545568672358</millis>
  <nanos>182700</nanos>
  <sequence>118</sequence>
  <logger>model.gameWorld.MyLogger</logger>
  <level>INFO</level>
  <class>model.gameObjects.Clown</class>
  <method>setX</method>
  <thread>17</thread>
  <message>clown moved right</message>
</record>
<record>
  <date>2018-12-23T12:37:53.108205800Z</date>
  <millis>1545568673108</millis>
  <nanos>205800</nanos>
  <sequence>119</sequence>
  <logger>model.gameWorld.MyLogger</logger>
  <level>INFO</level>
  <class>model.gameObjects.Clown</class>
  <method>setX</method>
  <thread>17</thread>
  <message>clown moved right</message>
</record>
<record>
  <date>2018-12-23T12:37:53.647224700Z</date>
  <millis>1545568673647</millis>
  <nanos>224700</nanos>
  <sequence>120</sequence>
  <logger>model.gameWorld.MyLogger</logger>
  <level>INFO</level>
  <class>model.gameObjects.Clown</class>
  <method>intersectStacks</method>
  <thread>17</thread>
  <message>intersection of plate with right stack</message>
</record>
<record>
  <date>2018-12-23T12:37:53.647729Z</date>
  <millis>1545568673647</millis>
  <nanos>729000</nanos>
  <sequence>121</sequence>
  <logger>model.gameWorld.MyLogger</logger>
  <level>INFO</level>
  <class>model.gameObjects.Clown</class>
  <method>intersectStacks</method>
  <thread>17</thread>
  <message>plate addded to right stack</message>
</record>
<record>
  <date>2018-12-23T12:37:53.647729Z</date>
  <millis>1545568673647</millis>
  <nanos>729000</nanos>
  <sequence>122</sequence>
  <logger>model.gameWorld.MyLogger</logger>
  <level>WARNING</level>
  <class>model.gameObjects.shapes.plate.PlatesPool</class>
  <method>PopPlate</method>
  <thread>17</thread>
  <message>pool is empty</message>
</record>
<record>
  <date>2018-12-23T12:37:53.648230200Z</date>
  <millis>1545568673648</millis>
  <nanos>230200</nanos>
  <sequence>123</sequence>
  <logger>model.gameWorld.MyLogger</logger>
  <level>INFO</level>
  <class>model.gameObjects.shapes.plate.PlateFactory</class>
  <method>getPlate</method>
  <thread>17</thread>
  <message>oval Plate instance is returned from factory </message>
</record>
<record>
  <date>2018-12-23T12:37:53.850931900Z</date>
  <millis>1545568673850</millis>
  <nanos>931900</nanos>
  <sequence>124</sequence>
  <logger>model.gameWorld.MyLogger</logger>
  <level>INFO</level>
  <class>model.gameObjects.Clown</class>
  <method>intersectStacks</method>
  <thread>17</thread>
  <message>intersection of plate with left stack</message>
</record>
<record>
  <date>2018-12-23T12:37:53.851717900Z</date>
  <millis>1545568673851</millis>
  <nanos>717900</nanos>
  <sequence>125</sequence>
  <logger>model.gameWorld.MyLogger</logger>
  <level>INFO</level>
  <class>model.gameObjects.Clown</class>
  <method>intersectStacks</method>
  <thread>17</thread>
  <message>plate addded to left stack</message>
</record>
<record>
  <date>2018-12-23T12:37:53.851717900Z</date>
  <millis>1545568673851</millis>
  <nanos>717900</nanos>
  <sequence>126</sequence>
  <logger>model.gameWorld.MyLogger</logger>
  <level>WARNING</level>
  <class>model.gameObjects.shapes.plate.PlatesPool</class>
  <method>PopPlate</method>
  <thread>17</thread>
  <message>pool is empty</message>
</record>
<record>
  <date>2018-12-23T12:37:53.852209300Z</date>
  <millis>1545568673852</millis>
  <nanos>209300</nanos>
  <sequence>127</sequence>
  <logger>model.gameWorld.MyLogger</logger>
  <level>INFO</level>
  <class>model.gameObjects.shapes.plate.PlateFactory</class>
  <method>getPlate</method>
  <thread>17</thread>
  <message>oval Plate instance is returned from factory </message>
</record>
<record>
  <date>2018-12-23T12:37:54.385846600Z</date>
  <millis>1545568674385</millis>
  <nanos>846600</nanos>
  <sequence>128</sequence>
  <logger>model.gameWorld.MyLogger</logger>
  <level>INFO</level>
  <class>model.gameObjects.Clown</class>
  <method>setX</method>
  <thread>17</thread>
  <message>clown moved left</message>
</record>
<record>
  <date>2018-12-23T12:37:55.225228700Z</date>
  <millis>1545568675225</millis>
  <nanos>228700</nanos>
  <sequence>129</sequence>
  <logger>model.gameWorld.MyLogger</logger>
  <level>INFO</level>
  <class>model.gameObjects.Clown</class>
  <method>setX</method>
  <thread>17</thread>
  <message>clown moved left</message>
</record>
<record>
  <date>2018-12-23T12:37:55.483827300Z</date>
  <millis>1545568675483</millis>
  <nanos>827300</nanos>
  <sequence>130</sequence>
  <logger>model.gameWorld.MyLogger</logger>
  <level>INFO</level>
  <class>model.gameObjects.Clown</class>
  <method>setX</method>
  <thread>17</thread>
  <message>clown moved left</message>
</record>
<record>
  <date>2018-12-23T12:37:55.707750300Z</date>
  <millis>1545568675707</millis>
  <nanos>750300</nanos>
  <sequence>131</sequence>
  <logger>model.gameWorld.MyLogger</logger>
  <level>INFO</level>
  <class>model.gameObjects.Clown</class>
  <method>setX</method>
  <thread>17</thread>
  <message>clown moved left</message>
</record>
<record>
  <date>2018-12-23T12:37:55.973948200Z</date>
  <millis>1545568675973</millis>
  <nanos>948200</nanos>
  <sequence>132</sequence>
  <logger>model.gameWorld.MyLogger</logger>
  <level>INFO</level>
  <class>model.gameObjects.Clown</class>
  <method>setX</method>
  <thread>17</thread>
  <message>clown moved left</message>
</record>
<record>
  <date>2018-12-23T12:37:56.243793300Z</date>
  <millis>1545568676243</millis>
  <nanos>793300</nanos>
  <sequence>133</sequence>
  <logger>model.gameWorld.MyLogger</logger>
  <level>INFO</level>
  <class>model.gameObjects.Clown</class>
  <method>intersectStacks</method>
  <thread>17</thread>
  <message>intersection of plate with right stack</message>
</record>
<record>
  <date>2018-12-23T12:37:56.244331500Z</date>
  <millis>1545568676244</millis>
  <nanos>331500</nanos>
  <sequence>134</sequence>
  <logger>model.gameWorld.MyLogger</logger>
  <level>INFO</level>
  <class>model.gameObjects.Clown</class>
  <method>intersectStacks</method>
  <thread>17</thread>
  <message>plate addded to right stack</message>
</record>
<record>
  <date>2018-12-23T12:37:56.244331500Z</date>
  <millis>1545568676244</millis>
  <nanos>331500</nanos>
  <sequence>135</sequence>
  <logger>model.gameWorld.MyLogger</logger>
  <level>WARNING</level>
  <class>model.gameObjects.shapes.plate.PlatesPool</class>
  <method>PopPlate</method>
  <thread>17</thread>
  <message>pool is empty</message>
</record>
<record>
  <date>2018-12-23T12:37:56.244798800Z</date>
  <millis>1545568676244</millis>
  <nanos>798800</nanos>
  <sequence>136</sequence>
  <logger>model.gameWorld.MyLogger</logger>
  <level>INFO</level>
  <class>model.gameObjects.shapes.plate.PlateFactory</class>
  <method>getPlate</method>
  <thread>17</thread>
  <message>rectanglar Plate instance is returned from factory </message>
</record>
<record>
  <date>2018-12-23T12:37:57.118806700Z</date>
  <millis>1545568677118</millis>
  <nanos>806700</nanos>
  <sequence>137</sequence>
  <logger>model.gameWorld.MyLogger</logger>
  <level>INFO</level>
  <class>model.gameObjects.Clown</class>
  <method>setX</method>
  <thread>17</thread>
  <message>clown moved left</message>
</record>
<record>
  <date>2018-12-23T12:37:57.677851700Z</date>
  <millis>1545568677677</millis>
  <nanos>851700</nanos>
  <sequence>138</sequence>
  <logger>model.gameWorld.MyLogger</logger>
  <level>INFO</level>
  <class>model.gameObjects.Clown</class>
  <method>setX</method>
  <thread>17</thread>
  <message>clown moved left</message>
</record>
<record>
  <date>2018-12-23T12:37:58.168678400Z</date>
  <millis>1545568678168</millis>
  <nanos>678400</nanos>
  <sequence>139</sequence>
  <logger>model.gameWorld.MyLogger</logger>
  <level>INFO</level>
  <class>model.gameObjects.Clown</class>
  <method>setX</method>
  <thread>17</thread>
  <message>clown moved left</message>
</record>
<record>
  <date>2018-12-23T12:37:58.200854700Z</date>
  <millis>1545568678200</millis>
  <nanos>854700</nanos>
  <sequence>140</sequence>
  <logger>model.gameWorld.MyLogger</logger>
  <level>INFO</level>
  <class>model.gameObjects.Clown</class>
  <method>setX</method>
  <thread>17</thread>
  <message>clown moved left</message>
</record>
<record>
  <date>2018-12-23T12:37:58.233577500Z</date>
  <millis>1545568678233</millis>
  <nanos>577500</nanos>
  <sequence>141</sequence>
  <logger>model.gameWorld.MyLogger</logger>
  <level>INFO</level>
  <class>model.gameObjects.Clown</class>
  <method>setX</method>
  <thread>17</thread>
  <message>clown moved left</message>
</record>
<record>
  <date>2018-12-23T12:37:58.256322900Z</date>
  <millis>1545568678256</millis>
  <nanos>322900</nanos>
  <sequence>142</sequence>
  <logger>model.gameWorld.MyLogger</logger>
  <level>INFO</level>
  <class>model.gameObjects.Clown</class>
  <method>setX</method>
  <thread>17</thread>
  <message>clown moved left</message>
</record>
<record>
  <date>2018-12-23T12:37:58.286582300Z</date>
  <millis>1545568678286</millis>
  <nanos>582300</nanos>
  <sequence>143</sequence>
  <logger>model.gameWorld.MyLogger</logger>
  <level>INFO</level>
  <class>model.gameObjects.Clown</class>
  <method>setX</method>
  <thread>17</thread>
  <message>clown moved left</message>
</record>
<record>
  <date>2018-12-23T12:37:58.318166Z</date>
  <millis>1545568678318</millis>
  <nanos>166000</nanos>
  <sequence>144</sequence>
  <logger>model.gameWorld.MyLogger</logger>
  <level>INFO</level>
  <class>model.gameObjects.Clown</class>
  <method>setX</method>
  <thread>17</thread>
  <message>clown moved left</message>
</record>
<record>
  <date>2018-12-23T12:37:58.349751100Z</date>
  <millis>1545568678349</millis>
  <nanos>751100</nanos>
  <sequence>145</sequence>
  <logger>model.gameWorld.MyLogger</logger>
  <level>INFO</level>
  <class>model.gameObjects.Clown</class>
  <method>setX</method>
  <thread>17</thread>
  <message>clown moved left</message>
</record>
<record>
  <date>2018-12-23T12:37:58.375319800Z</date>
  <millis>1545568678375</millis>
  <nanos>319800</nanos>
  <sequence>146</sequence>
  <logger>model.gameWorld.MyLogger</logger>
  <level>INFO</level>
  <class>model.gameObjects.Clown</class>
  <method>setX</method>
  <thread>17</thread>
  <message>clown moved left</message>
</record>
<record>
  <date>2018-12-23T12:37:58.406400700Z</date>
  <millis>1545568678406</millis>
  <nanos>400700</nanos>
  <sequence>147</sequence>
  <logger>model.gameWorld.MyLogger</logger>
  <level>INFO</level>
  <class>model.gameObjects.Clown</class>
  <method>setX</method>
  <thread>17</thread>
  <message>clown moved left</message>
</record>
<record>
  <date>2018-12-23T12:37:58.437024500Z</date>
  <millis>1545568678437</millis>
  <nanos>24500</nanos>
  <sequence>148</sequence>
  <logger>model.gameWorld.MyLogger</logger>
  <level>INFO</level>
  <class>model.gameObjects.Clown</class>
  <method>setX</method>
  <thread>17</thread>
  <message>clown moved left</message>
</record>
<record>
  <date>2018-12-23T12:37:58.844426500Z</date>
  <millis>1545568678844</millis>
  <nanos>426500</nanos>
  <sequence>149</sequence>
  <logger>model.gameWorld.MyLogger</logger>
  <level>INFO</level>
  <class>model.gameObjects.Clown</class>
  <method>setX</method>
  <thread>17</thread>
  <message>clown moved right</message>
</record>
<record>
  <date>2018-12-23T12:37:58.886564800Z</date>
  <millis>1545568678886</millis>
  <nanos>564800</nanos>
  <sequence>150</sequence>
  <logger>model.gameWorld.MyLogger</logger>
  <level>INFO</level>
  <class>model.gameObjects.Clown</class>
  <method>intersectStacks</method>
  <thread>17</thread>
  <message>intersection of plate with right stack</message>
</record>
<record>
  <date>2018-12-23T12:37:58.886899900Z</date>
  <millis>1545568678886</millis>
  <nanos>899900</nanos>
  <sequence>151</sequence>
  <logger>model.gameWorld.MyLogger</logger>
  <level>INFO</level>
  <class>model.gameObjects.Clown</class>
  <method>intersectStacks</method>
  <thread>17</thread>
  <message>plate addded to right stack</message>
</record>
<record>
  <date>2018-12-23T12:37:58.887938800Z</date>
  <millis>1545568678887</millis>
  <nanos>938800</nanos>
  <sequence>152</sequence>
  <logger>model.gameWorld.MyLogger</logger>
  <level>WARNING</level>
  <class>model.gameWorld.GameWorld</class>
  <method>refresh</method>
  <thread>17</thread>
  <message>score up</message>
</record>
<record>
  <date>2018-12-23T12:37:59.224377900Z</date>
  <millis>1545568679224</millis>
  <nanos>377900</nanos>
  <sequence>153</sequence>
  <logger>model.gameWorld.MyLogger</logger>
  <level>INFO</level>
  <class>model.gameObjects.Clown</class>
  <method>setX</method>
  <thread>17</thread>
  <message>clown moved right</message>
</record>
<record>
  <date>2018-12-23T12:37:59.718997800Z</date>
  <millis>1545568679718</millis>
  <nanos>997800</nanos>
  <sequence>154</sequence>
  <logger>model.gameWorld.MyLogger</logger>
  <level>INFO</level>
  <class>model.gameObjects.Clown</class>
  <method>setX</method>
  <thread>17</thread>
  <message>clown moved right</message>
</record>
<record>
  <date>2018-12-23T12:37:59.743781Z</date>
  <millis>1545568679743</millis>
  <nanos>781000</nanos>
  <sequence>155</sequence>
  <logger>model.gameWorld.MyLogger</logger>
  <level>INFO</level>
  <class>model.gameObjects.Clown</class>
  <method>setX</method>
  <thread>17</thread>
  <message>clown moved right</message>
</record>
<record>
  <date>2018-12-23T12:37:59.774147300Z</date>
  <millis>1545568679774</millis>
  <nanos>147300</nanos>
  <sequence>156</sequence>
  <logger>model.gameWorld.MyLogger</logger>
  <level>INFO</level>
  <class>model.gameObjects.Clown</class>
  <method>setX</method>
  <thread>17</thread>
  <message>clown moved right</message>
</record>
<record>
  <date>2018-12-23T12:37:59.805883600Z</date>
  <millis>1545568679805</millis>
  <nanos>883600</nanos>
  <sequence>157</sequence>
  <logger>model.gameWorld.MyLogger</logger>
  <level>INFO</level>
  <class>model.gameObjects.Clown</class>
  <method>setX</method>
  <thread>17</thread>
  <message>clown moved right</message>
</record>
<record>
  <date>2018-12-23T12:37:59.836433500Z</date>
  <millis>1545568679836</millis>
  <nanos>433500</nanos>
  <sequence>158</sequence>
  <logger>model.gameWorld.MyLogger</logger>
  <level>INFO</level>
  <class>model.gameObjects.Clown</class>
  <method>setX</method>
  <thread>17</thread>
  <message>clown moved right</message>
</record>
<record>
  <date>2018-12-23T12:37:59.868022800Z</date>
  <millis>1545568679868</millis>
  <nanos>22800</nanos>
  <sequence>159</sequence>
  <logger>model.gameWorld.MyLogger</logger>
  <level>INFO</level>
  <class>model.gameObjects.Clown</class>
  <method>setX</method>
  <thread>17</thread>
  <message>clown moved right</message>
</record>
<record>
  <date>2018-12-23T12:37:59.899267100Z</date>
  <millis>1545568679899</millis>
  <nanos>267100</nanos>
  <sequence>160</sequence>
  <logger>model.gameWorld.MyLogger</logger>
  <level>INFO</level>
  <class>model.gameObjects.Clown</class>
  <method>setX</method>
  <thread>17</thread>
  <message>clown moved right</message>
</record>
<record>
  <date>2018-12-23T12:37:59.923010800Z</date>
  <millis>1545568679923</millis>
  <nanos>10800</nanos>
  <sequence>161</sequence>
  <logger>model.gameWorld.MyLogger</logger>
  <level>INFO</level>
  <class>model.gameObjects.Clown</class>
  <method>setX</method>
  <thread>17</thread>
  <message>clown moved right</message>
</record>
<record>
  <date>2018-12-23T12:37:59.952582500Z</date>
  <millis>1545568679952</millis>
  <nanos>582500</nanos>
  <sequence>162</sequence>
  <logger>model.gameWorld.MyLogger</logger>
  <level>INFO</level>
  <class>model.gameObjects.Clown</class>
  <method>setX</method>
  <thread>17</thread>
  <message>clown moved right</message>
</record>
<record>
  <date>2018-12-23T12:37:59.983460800Z</date>
  <millis>1545568679983</millis>
  <nanos>460800</nanos>
  <sequence>163</sequence>
  <logger>model.gameWorld.MyLogger</logger>
  <level>INFO</level>
  <class>model.gameObjects.Clown</class>
  <method>setX</method>
  <thread>17</thread>
  <message>clown moved right</message>
</record>
<record>
  <date>2018-12-23T12:38:00.014029100Z</date>
  <millis>1545568680014</millis>
  <nanos>29100</nanos>
  <sequence>164</sequence>
  <logger>model.gameWorld.MyLogger</logger>
  <level>INFO</level>
  <class>model.gameObjects.Clown</class>
  <method>setX</method>
  <thread>17</thread>
  <message>clown moved right</message>
</record>
<record>
  <date>2018-12-23T12:38:00.046616700Z</date>
  <millis>1545568680046</millis>
  <nanos>616700</nanos>
  <sequence>165</sequence>
  <logger>model.gameWorld.MyLogger</logger>
  <level>INFO</level>
  <class>model.gameObjects.Clown</class>
  <method>setX</method>
  <thread>17</thread>
  <message>clown moved right</message>
</record>
<record>
  <date>2018-12-23T12:38:00.072181300Z</date>
  <millis>1545568680072</millis>
  <nanos>181300</nanos>
  <sequence>166</sequence>
  <logger>model.gameWorld.MyLogger</logger>
  <level>INFO</level>
  <class>model.gameObjects.Clown</class>
  <method>setX</method>
  <thread>17</thread>
  <message>clown moved right</message>
</record>
<record>
  <date>2018-12-23T12:38:00.103770Z</date>
  <millis>1545568680103</millis>
  <nanos>770000</nanos>
  <sequence>167</sequence>
  <logger>model.gameWorld.MyLogger</logger>
  <level>INFO</level>
  <class>model.gameObjects.Clown</class>
  <method>setX</method>
  <thread>17</thread>
  <message>clown moved right</message>
</record>
<record>
  <date>2018-12-23T12:38:00.133346800Z</date>
  <millis>1545568680133</millis>
  <nanos>346800</nanos>
  <sequence>168</sequence>
  <logger>model.gameWorld.MyLogger</logger>
  <level>INFO</level>
  <class>model.gameObjects.Clown</class>
  <method>setX</method>
  <thread>17</thread>
  <message>clown moved right</message>
</record>
<record>
  <date>2018-12-23T12:38:00.164929400Z</date>
  <millis>1545568680164</millis>
  <nanos>929400</nanos>
  <sequence>169</sequence>
  <logger>model.gameWorld.MyLogger</logger>
  <level>INFO</level>
  <class>model.gameObjects.Clown</class>
  <method>setX</method>
  <thread>17</thread>
  <message>clown moved right</message>
</record>
<record>
  <date>2018-12-23T12:38:00.196519200Z</date>
  <millis>1545568680196</millis>
  <nanos>519200</nanos>
  <sequence>170</sequence>
  <logger>model.gameWorld.MyLogger</logger>
  <level>INFO</level>
  <class>model.gameObjects.Clown</class>
  <method>setX</method>
  <thread>17</thread>
  <message>clown moved right</message>
</record>
<record>
  <date>2018-12-23T12:38:00.222079600Z</date>
  <millis>1545568680222</millis>
  <nanos>79600</nanos>
  <sequence>171</sequence>
  <logger>model.gameWorld.MyLogger</logger>
  <level>INFO</level>
  <class>model.gameObjects.Clown</class>
  <method>setX</method>
  <thread>17</thread>
  <message>clown moved right</message>
</record>
<record>
  <date>2018-12-23T12:38:00.253219600Z</date>
  <millis>1545568680253</millis>
  <nanos>219600</nanos>
  <sequence>172</sequence>
  <logger>model.gameWorld.MyLogger</logger>
  <level>INFO</level>
  <class>model.gameObjects.Clown</class>
  <method>setX</method>
  <thread>17</thread>
  <message>clown moved right</message>
</record>
<record>
  <date>2018-12-23T12:38:00.286304200Z</date>
  <millis>1545568680286</millis>
  <nanos>304200</nanos>
  <sequence>173</sequence>
  <logger>model.gameWorld.MyLogger</logger>
  <level>INFO</level>
  <class>model.gameObjects.Clown</class>
  <method>setX</method>
  <thread>17</thread>
  <message>clown moved left</message>
</record>
<record>
  <date>2018-12-23T12:38:00.447784200Z</date>
  <millis>1545568680447</millis>
  <nanos>784200</nanos>
  <sequence>174</sequence>
  <logger>model.gameWorld.MyLogger</logger>
  <level>INFO</level>
  <class>model.gameObjects.Clown</class>
  <method>setX</method>
  <thread>17</thread>
  <message>clown moved left</message>
</record>
<record>
  <date>2018-12-23T12:38:00.942016500Z</date>
  <millis>1545568680942</millis>
  <nanos>16500</nanos>
  <sequence>175</sequence>
  <logger>model.gameWorld.MyLogger</logger>
  <level>INFO</level>
  <class>model.gameObjects.Clown</class>
  <method>setX</method>
  <thread>17</thread>
  <message>clown moved left</message>
</record>
<record>
  <date>2018-12-23T12:38:00.974899200Z</date>
  <millis>1545568680974</millis>
  <nanos>899200</nanos>
  <sequence>176</sequence>
  <logger>model.gameWorld.MyLogger</logger>
  <level>INFO</level>
  <class>model.gameObjects.Clown</class>
  <method>setX</method>
  <thread>17</thread>
  <message>clown moved left</message>
</record>
<record>
  <date>2018-12-23T12:38:00.998282100Z</date>
  <millis>1545568680998</millis>
  <nanos>282100</nanos>
  <sequence>177</sequence>
  <logger>model.gameWorld.MyLogger</logger>
  <level>INFO</level>
  <class>model.gameObjects.Clown</class>
  <method>setX</method>
  <thread>17</thread>
  <message>clown moved left</message>
</record>
<record>
  <date>2018-12-23T12:38:01.029838400Z</date>
  <millis>1545568681029</millis>
  <nanos>838400</nanos>
  <sequence>178</sequence>
  <logger>model.gameWorld.MyLogger</logger>
  <level>INFO</level>
  <class>model.gameObjects.Clown</class>
  <method>setX</method>
  <thread>17</thread>
  <message>clown moved left</message>
</record>
<record>
  <date>2018-12-23T12:38:01.060372400Z</date>
  <millis>1545568681060</millis>
  <nanos>372400</nanos>
  <sequence>179</sequence>
  <logger>model.gameWorld.MyLogger</logger>
  <level>INFO</level>
  <class>model.gameObjects.Clown</class>
  <method>setX</method>
  <thread>17</thread>
  <message>clown moved left</message>
</record>
<record>
  <date>2018-12-23T12:38:01.091691800Z</date>
  <millis>1545568681091</millis>
  <nanos>691800</nanos>
  <sequence>180</sequence>
  <logger>model.gameWorld.MyLogger</logger>
  <level>INFO</level>
  <class>model.gameObjects.Clown</class>
  <method>setX</method>
  <thread>17</thread>
  <message>clown moved left</message>
</record>
<record>
  <date>2018-12-23T12:38:01.124239700Z</date>
  <millis>1545568681124</millis>
  <nanos>239700</nanos>
  <sequence>181</sequence>
  <logger>model.gameWorld.MyLogger</logger>
  <level>INFO</level>
  <class>model.gameObjects.Clown</class>
  <method>setX</method>
  <thread>17</thread>
  <message>clown moved left</message>
</record>
<record>
  <date>2018-12-23T12:38:01.377463400Z</date>
  <millis>1545568681377</millis>
  <nanos>463400</nanos>
  <sequence>182</sequence>
  <logger>model.gameWorld.MyLogger</logger>
  <level>INFO</level>
  <class>model.gameObjects.shapes.plate.PlateFactory</class>
  <method>getBatmanLogo</method>
  <thread>17</thread>
  <message>batman logo instance is returned from factory </message>
</record>
<record>
  <date>2018-12-23T12:38:01.390034600Z</date>
  <millis>1545568681390</millis>
  <nanos>34600</nanos>
  <sequence>183</sequence>
  <logger>model.gameWorld.MyLogger</logger>
  <level>INFO</level>
  <class>model.gameObjects.shapes.plate.PlateFactory</class>
  <method>getHarleyLogo</method>
  <thread>17</thread>
  <message>harley logo instance is returned from factory </message>
</record>
<record>
  <date>2018-12-23T12:38:01.620713300Z</date>
  <millis>1545568681620</millis>
  <nanos>713300</nanos>
  <sequence>184</sequence>
  <logger>model.gameWorld.MyLogger</logger>
  <level>INFO</level>
  <class>model.gameObjects.Clown</class>
  <method>setX</method>
  <thread>17</thread>
  <message>clown moved left</message>
</record>
<record>
  <date>2018-12-23T12:38:01.907413900Z</date>
  <millis>1545568681907</millis>
  <nanos>413900</nanos>
  <sequence>185</sequence>
  <logger>model.gameWorld.MyLogger</logger>
  <level>INFO</level>
  <class>model.gameObjects.Clown</class>
  <method>setX</method>
  <thread>17</thread>
  <message>clown moved left</message>
</record>
<record>
  <date>2018-12-23T12:38:02.123418800Z</date>
  <millis>1545568682123</millis>
  <nanos>418800</nanos>
  <sequence>186</sequence>
  <logger>model.gameWorld.MyLogger</logger>
  <level>INFO</level>
  <class>model.gameObjects.Clown</class>
  <method>setX</method>
  <thread>17</thread>
  <message>clown moved left</message>
</record>
<record>
  <date>2018-12-23T12:38:02.333075700Z</date>
  <millis>1545568682333</millis>
  <nanos>75700</nanos>
  <sequence>187</sequence>
  <logger>model.gameWorld.MyLogger</logger>
  <level>INFO</level>
  <class>model.gameObjects.Clown</class>
  <method>setX</method>
  <thread>17</thread>
  <message>clown moved left</message>
</record>
<record>
  <date>2018-12-23T12:38:02.534012100Z</date>
  <millis>1545568682534</millis>
  <nanos>12100</nanos>
  <sequence>188</sequence>
  <logger>model.gameWorld.MyLogger</logger>
  <level>INFO</level>
  <class>model.gameObjects.Clown</class>
  <method>setX</method>
  <thread>17</thread>
  <message>clown moved left</message>
</record>
<record>
  <date>2018-12-23T12:38:02.928297900Z</date>
  <millis>1545568682928</millis>
  <nanos>297900</nanos>
  <sequence>189</sequence>
  <logger>model.gameWorld.MyLogger</logger>
  <level>INFO</level>
  <class>model.gameObjects.Clown</class>
  <method>intersectStacks</method>
  <thread>17</thread>
  <message>intersection of plate with right stack</message>
</record>
<record>
  <date>2018-12-23T12:38:02.928753400Z</date>
  <millis>1545568682928</millis>
  <nanos>753400</nanos>
  <sequence>190</sequence>
  <logger>model.gameWorld.MyLogger</logger>
  <level>INFO</level>
  <class>model.gameObjects.Clown</class>
  <method>intersectStacks</method>
  <thread>17</thread>
  <message>plate addded to right stack</message>
</record>
<record>
  <date>2018-12-23T12:38:02.937277500Z</date>
  <millis>1545568682937</millis>
  <nanos>277500</nanos>
  <sequence>191</sequence>
  <logger>model.gameWorld.MyLogger</logger>
  <level>INFO</level>
  <class>model.gameObjects.Clown</class>
  <method>setX</method>
  <thread>17</thread>
  <message>clown moved right</message>
</record>
<record>
  <date>2018-12-23T12:38:03.149585300Z</date>
  <millis>1545568683149</millis>
  <nanos>585300</nanos>
  <sequence>192</sequence>
  <logger>model.gameWorld.MyLogger</logger>
  <level>INFO</level>
  <class>model.gameObjects.Clown</class>
  <method>setX</method>
  <thread>17</thread>
  <message>clown moved right</message>
</record>
<record>
  <date>2018-12-23T12:38:03.490394400Z</date>
  <millis>1545568683490</millis>
  <nanos>394400</nanos>
  <sequence>193</sequence>
  <logger>model.gameWorld.MyLogger</logger>
  <level>INFO</level>
  <class>model.gameObjects.Clown</class>
  <method>setX</method>
  <thread>17</thread>
  <message>clown moved right</message>
</record>
<record>
  <date>2018-12-23T12:38:03.737786600Z</date>
  <millis>1545568683737</millis>
  <nanos>786600</nanos>
  <sequence>194</sequence>
  <logger>model.gameWorld.MyLogger</logger>
  <level>INFO</level>
  <class>model.gameObjects.Clown</class>
  <method>setX</method>
  <thread>17</thread>
  <message>clown moved right</message>
</record>
<record>
  <date>2018-12-23T12:38:04.257604500Z</date>
  <millis>1545568684257</millis>
  <nanos>604500</nanos>
  <sequence>195</sequence>
  <logger>model.gameWorld.MyLogger</logger>
  <level>INFO</level>
  <class>model.gameObjects.Clown</class>
  <method>setX</method>
  <thread>17</thread>
  <message>clown moved right</message>
</record>
<record>
  <date>2018-12-23T12:38:04.616860500Z</date>
  <millis>1545568684616</millis>
  <nanos>860500</nanos>
  <sequence>196</sequence>
  <logger>model.gameWorld.MyLogger</logger>
  <level>INFO</level>
  <class>model.gameObjects.Clown</class>
  <method>setX</method>
  <thread>17</thread>
  <message>clown moved right</message>
</record>
<record>
  <date>2018-12-23T12:38:05.932655600Z</date>
  <millis>1545568685932</millis>
  <nanos>655600</nanos>
  <sequence>197</sequence>
  <logger>model.gameWorld.MyLogger</logger>
  <level>INFO</level>
  <class>model.gameObjects.Clown</class>
  <method>setX</method>
  <thread>17</thread>
  <message>clown moved left</message>
</record>
<record>
  <date>2018-12-23T12:38:06.130535900Z</date>
  <millis>1545568686130</millis>
  <nanos>535900</nanos>
  <sequence>198</sequence>
  <logger>model.gameWorld.MyLogger</logger>
  <level>INFO</level>
  <class>model.gameObjects.Clown</class>
  <method>intersectStacks</method>
  <thread>17</thread>
  <message>intersection of plate with right stack</message>
</record>
<record>
  <date>2018-12-23T12:38:06.130535900Z</date>
  <millis>1545568686130</millis>
  <nanos>535900</nanos>
  <sequence>199</sequence>
  <logger>model.gameWorld.MyLogger</logger>
  <level>INFO</level>
  <class>model.gameObjects.Clown</class>
  <method>intersectStacks</method>
  <thread>17</thread>
  <message>plate addded to right stack</message>
</record>
<record>
  <date>2018-12-23T12:38:06.545238500Z</date>
  <millis>1545568686545</millis>
  <nanos>238500</nanos>
  <sequence>200</sequence>
  <logger>model.gameWorld.MyLogger</logger>
  <level>INFO</level>
  <class>model.gameObjects.Clown</class>
  <method>setX</method>
  <thread>17</thread>
  <message>clown moved left</message>
</record>
<record>
  <date>2018-12-23T12:38:06.789120800Z</date>
  <millis>1545568686789</millis>
  <nanos>120800</nanos>
  <sequence>201</sequence>
  <logger>model.gameWorld.MyLogger</logger>
  <level>INFO</level>
  <class>model.gameObjects.Clown</class>
  <method>setX</method>
  <thread>17</thread>
  <message>clown moved left</message>
</record>
<record>
  <date>2018-12-23T12:38:09.082331800Z</date>
  <millis>1545568689082</millis>
  <nanos>331800</nanos>
  <sequence>202</sequence>
  <logger>model.gameWorld.MyLogger</logger>
  <level>INFO</level>
  <class>model.gameObjects.Clown</class>
  <method>setX</method>
  <thread>17</thread>
  <message>clown moved left</message>
</record>
<record>
  <date>2018-12-23T12:38:09.572011100Z</date>
  <millis>1545568689572</millis>
  <nanos>11100</nanos>
  <sequence>203</sequence>
  <logger>model.gameWorld.MyLogger</logger>
  <level>INFO</level>
  <class>model.gameObjects.Clown</class>
  <method>setX</method>
  <thread>17</thread>
  <message>clown moved left</message>
</record>
<record>
  <date>2018-12-23T12:38:09.605189300Z</date>
  <millis>1545568689605</millis>
  <nanos>189300</nanos>
  <sequence>204</sequence>
  <logger>model.gameWorld.MyLogger</logger>
  <level>INFO</level>
  <class>model.gameObjects.Clown</class>
  <method>setX</method>
  <thread>17</thread>
  <message>clown moved left</message>
</record>
<record>
  <date>2018-12-23T12:38:09.637296800Z</date>
  <millis>1545568689637</millis>
  <nanos>296800</nanos>
  <sequence>205</sequence>
  <logger>model.gameWorld.MyLogger</logger>
  <level>INFO</level>
  <class>model.gameObjects.Clown</class>
  <method>setX</method>
  <thread>17</thread>
  <message>clown moved left</message>
</record>
<record>
  <date>2018-12-23T12:38:09.670328500Z</date>
  <millis>1545568689670</millis>
  <nanos>328500</nanos>
  <sequence>206</sequence>
  <logger>model.gameWorld.MyLogger</logger>
  <level>INFO</level>
  <class>model.gameObjects.Clown</class>
  <method>setX</method>
  <thread>17</thread>
  <message>clown moved left</message>
</record>
<record>
  <date>2018-12-23T12:38:09.691302Z</date>
  <millis>1545568689691</millis>
  <nanos>302000</nanos>
  <sequence>207</sequence>
  <logger>model.gameWorld.MyLogger</logger>
  <level>INFO</level>
  <class>model.gameObjects.Clown</class>
  <method>setX</method>
  <thread>17</thread>
  <message>clown moved left</message>
</record>
<record>
  <date>2018-12-23T12:38:09.722032300Z</date>
  <millis>1545568689722</millis>
  <nanos>32300</nanos>
  <sequence>208</sequence>
  <logger>model.gameWorld.MyLogger</logger>
  <level>INFO</level>
  <class>model.gameObjects.Clown</class>
  <method>setX</method>
  <thread>17</thread>
  <message>clown moved left</message>
</record>
<record>
  <date>2018-12-23T12:38:09.754416300Z</date>
  <millis>1545568689754</millis>
  <nanos>416300</nanos>
  <sequence>209</sequence>
  <logger>model.gameWorld.MyLogger</logger>
  <level>INFO</level>
  <class>model.gameObjects.Clown</class>
  <method>setX</method>
  <thread>17</thread>
  <message>clown moved left</message>
</record>
<record>
  <date>2018-12-23T12:38:09.787311800Z</date>
  <millis>1545568689787</millis>
  <nanos>311800</nanos>
  <sequence>210</sequence>
  <logger>model.gameWorld.MyLogger</logger>
  <level>INFO</level>
  <class>model.gameObjects.Clown</class>
  <method>setX</method>
  <thread>17</thread>
  <message>clown moved left</message>
</record>
<record>
  <date>2018-12-23T12:38:10.065320700Z</date>
  <millis>1545568690065</millis>
  <nanos>320700</nanos>
  <sequence>211</sequence>
  <logger>model.gameWorld.MyLogger</logger>
  <level>INFO</level>
  <class>model.gameObjects.Clown</class>
  <method>setX</method>
  <thread>17</thread>
  <message>clown moved right</message>
</record>
<record>
  <date>2018-12-23T12:38:10.090839500Z</date>
  <millis>1545568690090</millis>
  <nanos>839500</nanos>
  <sequence>212</sequence>
  <logger>model.gameWorld.MyLogger</logger>
  <level>INFO</level>
  <class>model.gameObjects.Clown</class>
  <method>intersectStacks</method>
  <thread>17</thread>
  <message>intersection of plate with left stack</message>
</record>
<record>
  <date>2018-12-23T12:38:10.090839500Z</date>
  <millis>1545568690090</millis>
  <nanos>839500</nanos>
  <sequence>213</sequence>
  <logger>model.gameWorld.MyLogger</logger>
  <level>INFO</level>
  <class>model.gameObjects.Clown</class>
  <method>intersectStacks</method>
  <thread>17</thread>
  <message>plate addded to left stack</message>
</record>
<record>
  <date>2018-12-23T12:38:10.091345800Z</date>
  <millis>1545568690091</millis>
  <nanos>345800</nanos>
  <sequence>214</sequence>
  <logger>model.gameWorld.MyLogger</logger>
  <level>WARNING</level>
  <class>model.gameWorld.GameWorld</class>
  <method>refresh</method>
  <thread>17</thread>
  <message>score up</message>
</record>
<record>
  <date>2018-12-23T12:38:10.696497100Z</date>
  <millis>1545568690696</millis>
  <nanos>497100</nanos>
  <sequence>215</sequence>
  <logger>model.gameWorld.MyLogger</logger>
  <level>INFO</level>
  <class>model.gameObjects.Clown</class>
  <method>setX</method>
  <thread>17</thread>
  <message>clown moved left</message>
</record>
<record>
  <date>2018-12-23T12:38:10.957377100Z</date>
  <millis>1545568690957</millis>
  <nanos>377100</nanos>
  <sequence>216</sequence>
  <logger>model.gameWorld.MyLogger</logger>
  <level>INFO</level>
  <class>model.gameObjects.Clown</class>
  <method>setX</method>
  <thread>17</thread>
  <message>clown moved left</message>
</record>
<record>
  <date>2018-12-23T12:38:11.257403500Z</date>
  <millis>1545568691257</millis>
  <nanos>403500</nanos>
  <sequence>217</sequence>
  <logger>model.gameWorld.MyLogger</logger>
  <level>INFO</level>
  <class>model.gameObjects.Clown</class>
  <method>setX</method>
  <thread>17</thread>
  <message>clown moved left</message>
</record>
<record>
  <date>2018-12-23T12:38:11.387312700Z</date>
  <millis>1545568691387</millis>
  <nanos>312700</nanos>
  <sequence>218</sequence>
  <logger>model.gameWorld.MyLogger</logger>
  <level>INFO</level>
  <class>model.gameObjects.shapes.plate.PlateFactory</class>
  <method>getBatmanLogo</method>
  <thread>17</thread>
  <message>batman logo instance is returned from factory </message>
</record>
<record>
  <date>2018-12-23T12:38:11.391828700Z</date>
  <millis>1545568691391</millis>
  <nanos>828700</nanos>
  <sequence>219</sequence>
  <logger>model.gameWorld.MyLogger</logger>
  <level>INFO</level>
  <class>model.gameObjects.shapes.plate.PlateFactory</class>
  <method>getHarleyLogo</method>
  <thread>17</thread>
  <message>harley logo instance is returned from factory </message>
</record>
<record>
  <date>2018-12-23T12:38:11.555005100Z</date>
  <millis>1545568691555</millis>
  <nanos>5100</nanos>
  <sequence>220</sequence>
  <logger>model.gameWorld.MyLogger</logger>
  <level>INFO</level>
  <class>model.gameObjects.Clown</class>
  <method>setX</method>
  <thread>17</thread>
  <message>clown moved left</message>
</record>
<record>
  <date>2018-12-23T12:38:11.961569700Z</date>
  <millis>1545568691961</millis>
  <nanos>569700</nanos>
  <sequence>221</sequence>
  <logger>model.gameWorld.MyLogger</logger>
  <level>INFO</level>
  <class>model.gameObjects.Clown</class>
  <method>setX</method>
  <thread>17</thread>
  <message>clown moved left</message>
</record>
<record>
  <date>2018-12-23T12:38:12.525411900Z</date>
  <millis>1545568692525</millis>
  <nanos>411900</nanos>
  <sequence>222</sequence>
  <logger>model.gameWorld.MyLogger</logger>
  <level>INFO</level>
  <class>model.gameObjects.Clown</class>
  <method>intersectStacks</method>
  <thread>17</thread>
  <message>intersection of plate with right stack</message>
</record>
<record>
  <date>2018-12-23T12:38:12.525926500Z</date>
  <millis>1545568692525</millis>
  <nanos>926500</nanos>
  <sequence>223</sequence>
  <logger>model.gameWorld.MyLogger</logger>
  <level>INFO</level>
  <class>model.gameObjects.Clown</class>
  <method>intersectStacks</method>
  <thread>17</thread>
  <message>plate addded to right stack</message>
</record>
<record>
  <date>2018-12-23T12:38:12.525926500Z</date>
  <millis>1545568692525</millis>
  <nanos>926500</nanos>
  <sequence>224</sequence>
  <logger>model.gameWorld.MyLogger</logger>
  <level>WARNING</level>
  <class>model.gameWorld.GameWorld</class>
  <method>refresh</method>
  <thread>17</thread>
  <message>score up</message>
</record>
<record>
  <date>2018-12-23T12:38:12.723032600Z</date>
  <millis>1545568692723</millis>
  <nanos>32600</nanos>
  <sequence>225</sequence>
  <logger>model.gameWorld.MyLogger</logger>
  <level>INFO</level>
  <class>model.gameObjects.Clown</class>
  <method>setX</method>
  <thread>17</thread>
  <message>clown moved left</message>
</record>
<record>
  <date>2018-12-23T12:38:13.209792600Z</date>
  <millis>1545568693209</millis>
  <nanos>792600</nanos>
  <sequence>226</sequence>
  <logger>model.gameWorld.MyLogger</logger>
  <level>INFO</level>
  <class>model.gameObjects.Clown</class>
  <method>setX</method>
  <thread>17</thread>
  <message>clown moved left</message>
</record>
<record>
  <date>2018-12-23T12:38:13.241425600Z</date>
  <millis>1545568693241</millis>
  <nanos>425600</nanos>
  <sequence>227</sequence>
  <logger>model.gameWorld.MyLogger</logger>
  <level>INFO</level>
  <class>model.gameObjects.Clown</class>
  <method>setX</method>
  <thread>17</thread>
  <message>clown moved left</message>
</record>
<record>
  <date>2018-12-23T12:38:13.274644400Z</date>
  <millis>1545568693274</millis>
  <nanos>644400</nanos>
  <sequence>228</sequence>
  <logger>model.gameWorld.MyLogger</logger>
  <level>INFO</level>
  <class>model.gameObjects.Clown</class>
  <method>setX</method>
  <thread>17</thread>
  <message>clown moved left</message>
</record>
<record>
  <date>2018-12-23T12:38:13.298886300Z</date>
  <millis>1545568693298</millis>
  <nanos>886300</nanos>
  <sequence>229</sequence>
  <logger>model.gameWorld.MyLogger</logger>
  <level>INFO</level>
  <class>model.gameObjects.Clown</class>
  <method>setX</method>
  <thread>17</thread>
  <message>clown moved left</message>
</record>
<record>
  <date>2018-12-23T12:38:13.328218300Z</date>
  <millis>1545568693328</millis>
  <nanos>218300</nanos>
  <sequence>230</sequence>
  <logger>model.gameWorld.MyLogger</logger>
  <level>INFO</level>
  <class>model.gameObjects.Clown</class>
  <method>setX</method>
  <thread>17</thread>
  <message>clown moved left</message>
</record>
<record>
  <date>2018-12-23T12:38:14.108174500Z</date>
  <millis>1545568694108</millis>
  <nanos>174500</nanos>
  <sequence>231</sequence>
  <logger>model.gameWorld.MyLogger</logger>
  <level>INFO</level>
  <class>model.gameObjects.Clown</class>
  <method>setX</method>
  <thread>17</thread>
  <message>clown moved right</message>
</record>
<record>
  <date>2018-12-23T12:38:16.043264Z</date>
  <millis>1545568696043</millis>
  <nanos>264000</nanos>
  <sequence>232</sequence>
  <logger>model.gameWorld.MyLogger</logger>
  <level>INFO</level>
  <class>model.gameObjects.Clown</class>
  <method>setX</method>
  <thread>17</thread>
  <message>clown moved right</message>
</record>
<record>
  <date>2018-12-23T12:38:16.058960200Z</date>
  <millis>1545568696058</millis>
  <nanos>960200</nanos>
  <sequence>233</sequence>
  <logger>model.gameWorld.MyLogger</logger>
  <level>INFO</level>
  <class>model.gameObjects.Clown</class>
  <method>intersectStacks</method>
  <thread>17</thread>
  <message>intersection of plate with right stack</message>
</record>
<record>
  <date>2018-12-23T12:38:16.058960200Z</date>
  <millis>1545568696058</millis>
  <nanos>960200</nanos>
  <sequence>234</sequence>
  <logger>model.gameWorld.MyLogger</logger>
  <level>INFO</level>
  <class>model.gameObjects.Clown</class>
  <method>intersectStacks</method>
  <thread>17</thread>
  <message>plate addded to right stack</message>
</record>
<record>
  <date>2018-12-23T12:38:16.059465Z</date>
  <millis>1545568696059</millis>
  <nanos>465000</nanos>
  <sequence>235</sequence>
  <logger>model.gameWorld.MyLogger</logger>
  <level>WARNING</level>
  <class>model.gameWorld.GameWorld</class>
  <method>refresh</method>
  <thread>17</thread>
  <message>score up</message>
</record>
<record>
  <date>2018-12-23T12:38:16.121703400Z</date>
  <millis>1545568696121</millis>
  <nanos>703400</nanos>
  <sequence>236</sequence>
  <logger>model.gameWorld.MyLogger</logger>
  <level>INFO</level>
  <class>model.gameObjects.Clown</class>
  <method>intersectStacks</method>
  <thread>17</thread>
  <message>intersection of plate with right stack</message>
</record>
<record>
  <date>2018-12-23T12:38:16.122236500Z</date>
  <millis>1545568696122</millis>
  <nanos>236500</nanos>
  <sequence>237</sequence>
  <logger>model.gameWorld.MyLogger</logger>
  <level>INFO</level>
  <class>model.gameObjects.Clown</class>
  <method>intersectStacks</method>
  <thread>17</thread>
  <message>plate addded to right stack</message>
</record>
<record>
  <date>2018-12-23T12:38:16.785312600Z</date>
  <millis>1545568696785</millis>
  <nanos>312600</nanos>
  <sequence>238</sequence>
  <logger>model.gameWorld.MyLogger</logger>
  <level>INFO</level>
  <class>model.gameObjects.Clown</class>
  <method>setX</method>
  <thread>17</thread>
  <message>clown moved right</message>
</record>
<record>
  <date>2018-12-23T12:38:17.085102600Z</date>
  <millis>1545568697085</millis>
  <nanos>102600</nanos>
  <sequence>239</sequence>
  <logger>model.gameWorld.MyLogger</logger>
  <level>INFO</level>
  <class>model.gameObjects.Clown</class>
  <method>setX</method>
  <thread>17</thread>
  <message>clown moved right</message>
</record>
<record>
  <date>2018-12-23T12:38:17.301703300Z</date>
  <millis>1545568697301</millis>
  <nanos>703300</nanos>
  <sequence>240</sequence>
  <logger>model.gameWorld.MyLogger</logger>
  <level>INFO</level>
  <class>model.gameObjects.Clown</class>
  <method>setX</method>
  <thread>17</thread>
  <message>clown moved right</message>
</record>
<record>
  <date>2018-12-23T12:38:17.532182500Z</date>
  <millis>1545568697532</millis>
  <nanos>182500</nanos>
  <sequence>241</sequence>
  <logger>model.gameWorld.MyLogger</logger>
  <level>INFO</level>
  <class>model.gameObjects.Clown</class>
  <method>setX</method>
  <thread>17</thread>
  <message>clown moved right</message>
</record>
<record>
  <date>2018-12-23T12:38:17.747986Z</date>
  <millis>1545568697747</millis>
  <nanos>986000</nanos>
  <sequence>242</sequence>
  <logger>model.gameWorld.MyLogger</logger>
  <level>INFO</level>
  <class>model.gameObjects.Clown</class>
  <method>setX</method>
  <thread>17</thread>
  <message>clown moved right</message>
</record>
<record>
  <date>2018-12-23T12:38:17.969698Z</date>
  <millis>1545568697969</millis>
  <nanos>698000</nanos>
  <sequence>243</sequence>
  <logger>model.gameWorld.MyLogger</logger>
  <level>INFO</level>
  <class>model.gameObjects.Clown</class>
  <method>setX</method>
  <thread>17</thread>
  <message>clown moved right</message>
</record>
<record>
  <date>2018-12-23T12:38:18.218677600Z</date>
  <millis>1545568698218</millis>
  <nanos>677600</nanos>
  <sequence>244</sequence>
  <logger>model.gameWorld.MyLogger</logger>
  <level>INFO</level>
  <class>model.gameObjects.Clown</class>
  <method>setX</method>
  <thread>17</thread>
  <message>clown moved right</message>
</record>
<record>
  <date>2018-12-23T12:38:18.586372800Z</date>
  <millis>1545568698586</millis>
  <nanos>372800</nanos>
  <sequence>245</sequence>
  <logger>model.gameWorld.MyLogger</logger>
  <level>INFO</level>
  <class>model.gameObjects.Clown</class>
  <method>intersectStacks</method>
  <thread>17</thread>
  <message>intersection of plate with left stack</message>
</record>
<record>
  <date>2018-12-23T12:38:18.586372800Z</date>
  <millis>1545568698586</millis>
  <nanos>372800</nanos>
  <sequence>246</sequence>
  <logger>model.gameWorld.MyLogger</logger>
  <level>INFO</level>
  <class>model.gameObjects.Clown</class>
  <method>intersectStacks</method>
  <thread>17</thread>
  <message>plate addded to left stack</message>
</record>
<record>
  <date>2018-12-23T12:38:18.607674800Z</date>
  <millis>1545568698607</millis>
  <nanos>674800</nanos>
  <sequence>247</sequence>
  <logger>model.gameWorld.MyLogger</logger>
  <level>INFO</level>
  <class>model.gameObjects.Clown</class>
  <method>intersectStacks</method>
  <thread>17</thread>
  <message>intersection of plate with left stack</message>
</record>
<record>
  <date>2018-12-23T12:38:18.607674800Z</date>
  <millis>1545568698607</millis>
  <nanos>674800</nanos>
  <sequence>248</sequence>
  <logger>model.gameWorld.MyLogger</logger>
  <level>INFO</level>
  <class>model.gameObjects.Clown</class>
  <method>intersectStacks</method>
  <thread>17</thread>
  <message>plate addded to left stack</message>
</record>
<record>
  <date>2018-12-23T12:38:18.615197500Z</date>
  <millis>1545568698615</millis>
  <nanos>197500</nanos>
  <sequence>249</sequence>
  <logger>model.gameWorld.MyLogger</logger>
  <level>INFO</level>
  <class>model.gameObjects.Clown</class>
  <method>setX</method>
  <thread>17</thread>
  <message>clown moved right</message>
</record>
<record>
  <date>2018-12-23T12:38:20.025595400Z</date>
  <millis>1545568700025</millis>
  <nanos>595400</nanos>
  <sequence>250</sequence>
  <logger>model.gameWorld.MyLogger</logger>
  <level>INFO</level>
  <class>model.gameObjects.Clown</class>
  <method>setX</method>
  <thread>17</thread>
  <message>clown moved right</message>
</record>
<record>
  <date>2018-12-23T12:38:20.514380200Z</date>
  <millis>1545568700514</millis>
  <nanos>380200</nanos>
  <sequence>251</sequence>
  <logger>model.gameWorld.MyLogger</logger>
  <level>INFO</level>
  <class>model.gameObjects.Clown</class>
  <method>setX</method>
  <thread>17</thread>
  <message>clown moved right</message>
</record>
<record>
  <date>2018-12-23T12:38:20.548403600Z</date>
  <millis>1545568700548</millis>
  <nanos>403600</nanos>
  <sequence>252</sequence>
  <logger>model.gameWorld.MyLogger</logger>
  <level>INFO</level>
  <class>model.gameObjects.Clown</class>
  <method>setX</method>
  <thread>17</thread>
  <message>clown moved right</message>
</record>
<record>
  <date>2018-12-23T12:38:20.579040300Z</date>
  <millis>1545568700579</millis>
  <nanos>40300</nanos>
  <sequence>253</sequence>
  <logger>model.gameWorld.MyLogger</logger>
  <level>INFO</level>
  <class>model.gameObjects.Clown</class>
  <method>setX</method>
  <thread>17</thread>
  <message>clown moved right</message>
</record>
<record>
  <date>2018-12-23T12:38:20.603835800Z</date>
  <millis>1545568700603</millis>
  <nanos>835800</nanos>
  <sequence>254</sequence>
  <logger>model.gameWorld.MyLogger</logger>
  <level>INFO</level>
  <class>model.gameObjects.Clown</class>
  <method>setX</method>
  <thread>17</thread>
  <message>clown moved right</message>
</record>
<record>
  <date>2018-12-23T12:38:20.634802600Z</date>
  <millis>1545568700634</millis>
  <nanos>802600</nanos>
  <sequence>255</sequence>
  <logger>model.gameWorld.MyLogger</logger>
  <level>INFO</level>
  <class>model.gameObjects.Clown</class>
  <method>setX</method>
  <thread>17</thread>
  <message>clown moved right</message>
</record>
<record>
  <date>2018-12-23T12:38:20.664992600Z</date>
  <millis>1545568700664</millis>
  <nanos>992600</nanos>
  <sequence>256</sequence>
  <logger>model.gameWorld.MyLogger</logger>
  <level>INFO</level>
  <class>model.gameObjects.Clown</class>
  <method>setX</method>
  <thread>17</thread>
  <message>clown moved right</message>
</record>
<record>
  <date>2018-12-23T12:38:21.211288Z</date>
  <millis>1545568701211</millis>
  <nanos>288000</nanos>
  <sequence>257</sequence>
  <logger>model.gameWorld.MyLogger</logger>
  <level>INFO</level>
  <class>model.gameObjects.Clown</class>
  <method>setX</method>
  <thread>17</thread>
  <message>clown moved left</message>
</record>
<record>
  <date>2018-12-23T12:38:21.396015700Z</date>
  <millis>1545568701396</millis>
  <nanos>15700</nanos>
  <sequence>258</sequence>
  <logger>model.gameWorld.MyLogger</logger>
  <level>INFO</level>
  <class>model.gameObjects.shapes.plate.PlateFactory</class>
  <method>getBatmanLogo</method>
  <thread>17</thread>
  <message>batman logo instance is returned from factory </message>
</record>
<record>
  <date>2018-12-23T12:38:21.401533600Z</date>
  <millis>1545568701401</millis>
  <nanos>533600</nanos>
  <sequence>259</sequence>
  <logger>model.gameWorld.MyLogger</logger>
  <level>INFO</level>
  <class>model.gameObjects.shapes.plate.PlateFactory</class>
  <method>getHarleyLogo</method>
  <thread>17</thread>
  <message>harley logo instance is returned from factory </message>
</record>
<record>
  <date>2018-12-23T12:38:22.115264800Z</date>
  <millis>1545568702115</millis>
  <nanos>264800</nanos>
  <sequence>260</sequence>
  <logger>model.gameWorld.MyLogger</logger>
  <level>INFO</level>
  <class>model.gameObjects.Clown</class>
  <method>intersectStacks</method>
  <thread>17</thread>
  <message>intersection of plate with right stack</message>
</record>
<record>
  <date>2018-12-23T12:38:22.115729500Z</date>
  <millis>1545568702115</millis>
  <nanos>729500</nanos>
  <sequence>261</sequence>
  <logger>model.gameWorld.MyLogger</logger>
  <level>INFO</level>
  <class>model.gameObjects.Clown</class>
  <method>intersectStacks</method>
  <thread>17</thread>
  <message>plate addded to right stack</message>
</record>
<record>
  <date>2018-12-23T12:38:24.342492700Z</date>
  <millis>1545568704342</millis>
  <nanos>492700</nanos>
  <sequence>262</sequence>
  <logger>model.gameWorld.MyLogger</logger>
  <level>INFO</level>
  <class>model.gameObjects.Clown</class>
  <method>intersectStacks</method>
  <thread>17</thread>
  <message>intersection of plate with left stack</message>
</record>
<record>
  <date>2018-12-23T12:38:24.342807800Z</date>
  <millis>1545568704342</millis>
  <nanos>807800</nanos>
  <sequence>263</sequence>
  <logger>model.gameWorld.MyLogger</logger>
  <level>INFO</level>
  <class>model.gameObjects.Clown</class>
  <method>intersectStacks</method>
  <thread>17</thread>
  <message>plate addded to left stack</message>
</record>
<record>
  <date>2018-12-23T12:38:24.342807800Z</date>
  <millis>1545568704342</millis>
  <nanos>807800</nanos>
  <sequence>264</sequence>
  <logger>model.gameWorld.MyLogger</logger>
  <level>WARNING</level>
  <class>model.gameWorld.GameWorld</class>
  <method>refresh</method>
  <thread>17</thread>
  <message>score up</message>
</record>
</log>
