<?xml version="1.0" encoding="windows-1256" standalone="no"?>
<!DOCTYPE log SYSTEM "logger.dtd">
<log>
<record>
  <date>2018-12-23T16:45:41</date>
  <millis>1545576341682</millis>
  <sequence>0</sequence>
  <logger>model.gameWorld.MyLogger</logger>
  <level>WARNING</level>
  <class>model.gameObjects.shapes.plate.PlatesPool</class>
  <method>PopPlate</method>
  <thread>14</thread>
  <message>pool is empty</message>
</record>
<record>
  <date>2018-12-23T16:45:41</date>
  <millis>1545576341684</millis>
  <sequence>1</sequence>
  <logger>model.gameWorld.MyLogger</logger>
  <level>INFO</level>
  <class>model.gameObjects.shapes.plate.PlateFactory</class>
  <method>getPlate</method>
  <thread>14</thread>
  <message>rectanglar Plate instance is returned from factory </message>
</record>
<record>
  <date>2018-12-23T16:45:41</date>
  <millis>1545576341689</millis>
  <sequence>2</sequence>
  <logger>model.gameWorld.MyLogger</logger>
  <level>WARNING</level>
  <class>model.gameObjects.shapes.plate.PlatesPool</class>
  <method>PopPlate</method>
  <thread>14</thread>
  <message>pool is empty</message>
</record>
<record>
  <date>2018-12-23T16:45:41</date>
  <millis>1545576341689</millis>
  <sequence>3</sequence>
  <logger>model.gameWorld.MyLogger</logger>
  <level>INFO</level>
  <class>model.gameObjects.shapes.plate.PlateFactory</class>
  <method>getPlate</method>
  <thread>14</thread>
  <message>rectanglar Plate instance is returned from factory </message>
</record>
<record>
  <date>2018-12-23T16:45:41</date>
  <millis>1545576341690</millis>
  <sequence>4</sequence>
  <logger>model.gameWorld.MyLogger</logger>
  <level>WARNING</level>
  <class>model.gameObjects.shapes.plate.PlatesPool</class>
  <method>PopPlate</method>
  <thread>14</thread>
  <message>pool is empty</message>
</record>
<record>
  <date>2018-12-23T16:45:41</date>
  <millis>1545576341690</millis>
  <sequence>5</sequence>
  <logger>model.gameWorld.MyLogger</logger>
  <level>INFO</level>
  <class>model.gameObjects.shapes.plate.PlateFactory</class>
  <method>getPlate</method>
  <thread>14</thread>
  <message>oval Plate instance is returned from factory </message>
</record>
<record>
  <date>2018-12-23T16:45:41</date>
  <millis>1545576341695</millis>
  <sequence>6</sequence>
  <logger>model.gameWorld.MyLogger</logger>
  <level>WARNING</level>
  <class>model.gameObjects.shapes.plate.PlatesPool</class>
  <method>PopPlate</method>
  <thread>14</thread>
  <message>pool is empty</message>
</record>
<record>
  <date>2018-12-23T16:45:41</date>
  <millis>1545576341696</millis>
  <sequence>7</sequence>
  <logger>model.gameWorld.MyLogger</logger>
  <level>INFO</level>
  <class>model.gameObjects.shapes.plate.PlateFactory</class>
  <method>getPlate</method>
  <thread>14</thread>
  <message>rectanglar Plate instance is returned from factory </message>
</record>
<record>
  <date>2018-12-23T16:45:41</date>
  <millis>1545576341697</millis>
  <sequence>8</sequence>
  <logger>model.gameWorld.MyLogger</logger>
  <level>WARNING</level>
  <class>model.gameObjects.shapes.plate.PlatesPool</class>
  <method>PopPlate</method>
  <thread>14</thread>
  <message>pool is empty</message>
</record>
<record>
  <date>2018-12-23T16:45:41</date>
  <millis>1545576341697</millis>
  <sequence>9</sequence>
  <logger>model.gameWorld.MyLogger</logger>
  <level>INFO</level>
  <class>model.gameObjects.shapes.plate.PlateFactory</class>
  <method>getPlate</method>
  <thread>14</thread>
  <message>rectanglar Plate instance is returned from factory </message>
</record>
<record>
  <date>2018-12-23T16:45:41</date>
  <millis>1545576341698</millis>
  <sequence>10</sequence>
  <logger>model.gameWorld.MyLogger</logger>
  <level>WARNING</level>
  <class>model.gameObjects.shapes.plate.PlatesPool</class>
  <method>PopPlate</method>
  <thread>14</thread>
  <message>pool is empty</message>
</record>
<record>
  <date>2018-12-23T16:45:41</date>
  <millis>1545576341698</millis>
  <sequence>11</sequence>
  <logger>model.gameWorld.MyLogger</logger>
  <level>INFO</level>
  <class>model.gameObjects.shapes.plate.PlateFactory</class>
  <method>getPlate</method>
  <thread>14</thread>
  <message>oval Plate instance is returned from factory </message>
</record>
<record>
  <date>2018-12-23T16:45:42</date>
  <millis>1545576342529</millis>
  <sequence>12</sequence>
  <logger>model.gameWorld.MyLogger</logger>
  <level>INFO</level>
  <class>model.gameObjects.Clown</class>
  <method>setX</method>
  <thread>14</thread>
  <message>clown moved right</message>
</record>
<record>
  <date>2018-12-23T16:45:42</date>
  <millis>1545576342753</millis>
  <sequence>13</sequence>
  <logger>model.gameWorld.MyLogger</logger>
  <level>INFO</level>
  <class>model.gameObjects.Clown</class>
  <method>setX</method>
  <thread>14</thread>
  <message>clown moved right</message>
</record>
<record>
  <date>2018-12-23T16:45:43</date>
  <millis>1545576343182</millis>
  <sequence>14</sequence>
  <logger>model.gameWorld.MyLogger</logger>
  <level>INFO</level>
  <class>model.gameObjects.Clown</class>
  <method>setX</method>
  <thread>14</thread>
  <message>clown moved left</message>
</record>
<record>
  <date>2018-12-23T16:45:43</date>
  <millis>1545576343571</millis>
  <sequence>15</sequence>
  <logger>model.gameWorld.MyLogger</logger>
  <level>INFO</level>
  <class>model.gameObjects.Clown</class>
  <method>setX</method>
  <thread>14</thread>
  <message>clown moved right</message>
</record>
<record>
  <date>2018-12-23T16:45:43</date>
  <millis>1545576343950</millis>
  <sequence>16</sequence>
  <logger>model.gameWorld.MyLogger</logger>
  <level>INFO</level>
  <class>model.gameObjects.Clown</class>
  <method>setX</method>
  <thread>14</thread>
  <message>clown moved left</message>
</record>
<record>
  <date>2018-12-23T16:45:44</date>
  <millis>1545576344202</millis>
  <sequence>17</sequence>
  <logger>model.gameWorld.MyLogger</logger>
  <level>INFO</level>
  <class>model.gameObjects.Clown</class>
  <method>intersectStacks</method>
  <thread>14</thread>
  <message>intersection of plate with right stack</message>
</record>
<record>
  <date>2018-12-23T16:45:44</date>
  <millis>1545576344203</millis>
  <sequence>18</sequence>
  <logger>model.gameWorld.MyLogger</logger>
  <level>INFO</level>
  <class>model.gameObjects.Clown</class>
  <method>intersectStacks</method>
  <thread>14</thread>
  <message>plate addded to right stack</message>
</record>
<record>
  <date>2018-12-23T16:45:44</date>
  <millis>1545576344203</millis>
  <sequence>19</sequence>
  <logger>model.gameWorld.MyLogger</logger>
  <level>WARNING</level>
  <class>model.gameObjects.shapes.plate.PlatesPool</class>
  <method>PopPlate</method>
  <thread>14</thread>
  <message>pool is empty</message>
</record>
<record>
  <date>2018-12-23T16:45:44</date>
  <millis>1545576344204</millis>
  <sequence>20</sequence>
  <logger>model.gameWorld.MyLogger</logger>
  <level>INFO</level>
  <class>model.gameObjects.shapes.plate.PlateFactory</class>
  <method>getPlate</method>
  <thread>14</thread>
  <message>oval Plate instance is returned from factory </message>
</record>
<record>
  <date>2018-12-23T16:45:44</date>
  <millis>1545576344264</millis>
  <sequence>21</sequence>
  <logger>model.gameWorld.MyLogger</logger>
  <level>INFO</level>
  <class>model.gameObjects.Clown</class>
  <method>setX</method>
  <thread>14</thread>
  <message>clown moved right</message>
</record>
<record>
  <date>2018-12-23T16:45:44</date>
  <millis>1545576344300</millis>
  <sequence>22</sequence>
  <logger>model.gameWorld.MyLogger</logger>
  <level>INFO</level>
  <class>model.gameObjects.Clown</class>
  <method>intersectStacks</method>
  <thread>14</thread>
  <message>intersection of plate with left stack</message>
</record>
<record>
  <date>2018-12-23T16:45:44</date>
  <millis>1545576344300</millis>
  <sequence>23</sequence>
  <logger>model.gameWorld.MyLogger</logger>
  <level>INFO</level>
  <class>model.gameObjects.Clown</class>
  <method>intersectStacks</method>
  <thread>14</thread>
  <message>plate addded to left stack</message>
</record>
<record>
  <date>2018-12-23T16:45:44</date>
  <millis>1545576344301</millis>
  <sequence>24</sequence>
  <logger>model.gameWorld.MyLogger</logger>
  <level>WARNING</level>
  <class>model.gameObjects.shapes.plate.PlatesPool</class>
  <method>PopPlate</method>
  <thread>14</thread>
  <message>pool is empty</message>
</record>
<record>
  <date>2018-12-23T16:45:44</date>
  <millis>1545576344301</millis>
  <sequence>25</sequence>
  <logger>model.gameWorld.MyLogger</logger>
  <level>INFO</level>
  <class>model.gameObjects.shapes.plate.PlateFactory</class>
  <method>getPlate</method>
  <thread>14</thread>
  <message>rectanglar Plate instance is returned from factory </message>
</record>
<record>
  <date>2018-12-23T16:45:44</date>
  <millis>1545576344524</millis>
  <sequence>26</sequence>
  <logger>model.gameWorld.MyLogger</logger>
  <level>INFO</level>
  <class>model.gameObjects.Clown</class>
  <method>setX</method>
  <thread>14</thread>
  <message>clown moved right</message>
</record>
<record>
  <date>2018-12-23T16:45:45</date>
  <millis>1545576345027</millis>
  <sequence>27</sequence>
  <logger>model.gameWorld.MyLogger</logger>
  <level>INFO</level>
  <class>model.gameObjects.Clown</class>
  <method>setX</method>
  <thread>14</thread>
  <message>clown moved right</message>
</record>
<record>
  <date>2018-12-23T16:45:45</date>
  <millis>1545576345071</millis>
  <sequence>28</sequence>
  <logger>model.gameWorld.MyLogger</logger>
  <level>INFO</level>
  <class>model.gameObjects.Clown</class>
  <method>setX</method>
  <thread>14</thread>
  <message>clown moved right</message>
</record>
<record>
  <date>2018-12-23T16:45:45</date>
  <millis>1545576345114</millis>
  <sequence>29</sequence>
  <logger>model.gameWorld.MyLogger</logger>
  <level>INFO</level>
  <class>model.gameObjects.Clown</class>
  <method>setX</method>
  <thread>14</thread>
  <message>clown moved right</message>
</record>
<record>
  <date>2018-12-23T16:45:45</date>
  <millis>1545576345155</millis>
  <sequence>30</sequence>
  <logger>model.gameWorld.MyLogger</logger>
  <level>INFO</level>
  <class>model.gameObjects.Clown</class>
  <method>setX</method>
  <thread>14</thread>
  <message>clown moved right</message>
</record>
<record>
  <date>2018-12-23T16:45:45</date>
  <millis>1545576345193</millis>
  <sequence>31</sequence>
  <logger>model.gameWorld.MyLogger</logger>
  <level>INFO</level>
  <class>model.gameObjects.Clown</class>
  <method>setX</method>
  <thread>14</thread>
  <message>clown moved right</message>
</record>
<record>
  <date>2018-12-23T16:45:45</date>
  <millis>1545576345337</millis>
  <sequence>32</sequence>
  <logger>model.gameWorld.MyLogger</logger>
  <level>INFO</level>
  <class>model.gameObjects.Clown</class>
  <method>setX</method>
  <thread>14</thread>
  <message>clown moved left</message>
</record>
<record>
  <date>2018-12-23T16:45:45</date>
  <millis>1545576345839</millis>
  <sequence>33</sequence>
  <logger>model.gameWorld.MyLogger</logger>
  <level>INFO</level>
  <class>model.gameObjects.Clown</class>
  <method>setX</method>
  <thread>14</thread>
  <message>clown moved left</message>
</record>
<record>
  <date>2018-12-23T16:45:45</date>
  <millis>1545576345879</millis>
  <sequence>34</sequence>
  <logger>model.gameWorld.MyLogger</logger>
  <level>INFO</level>
  <class>model.gameObjects.Clown</class>
  <method>setX</method>
  <thread>14</thread>
  <message>clown moved left</message>
</record>
<record>
  <date>2018-12-23T16:45:45</date>
  <millis>1545576345926</millis>
  <sequence>35</sequence>
  <logger>model.gameWorld.MyLogger</logger>
  <level>INFO</level>
  <class>model.gameObjects.Clown</class>
  <method>setX</method>
  <thread>14</thread>
  <message>clown moved left</message>
</record>
<record>
  <date>2018-12-23T16:45:45</date>
  <millis>1545576345964</millis>
  <sequence>36</sequence>
  <logger>model.gameWorld.MyLogger</logger>
  <level>INFO</level>
  <class>model.gameObjects.Clown</class>
  <method>setX</method>
  <thread>14</thread>
  <message>clown moved left</message>
</record>
<record>
  <date>2018-12-23T16:45:46</date>
  <millis>1545576346005</millis>
  <sequence>37</sequence>
  <logger>model.gameWorld.MyLogger</logger>
  <level>INFO</level>
  <class>model.gameObjects.Clown</class>
  <method>setX</method>
  <thread>14</thread>
  <message>clown moved left</message>
</record>
<record>
  <date>2018-12-23T16:45:46</date>
  <millis>1545576346047</millis>
  <sequence>38</sequence>
  <logger>model.gameWorld.MyLogger</logger>
  <level>INFO</level>
  <class>model.gameObjects.Clown</class>
  <method>setX</method>
  <thread>14</thread>
  <message>clown moved left</message>
</record>
<record>
  <date>2018-12-23T16:45:46</date>
  <millis>1545576346089</millis>
  <sequence>39</sequence>
  <logger>model.gameWorld.MyLogger</logger>
  <level>INFO</level>
  <class>model.gameObjects.Clown</class>
  <method>setX</method>
  <thread>14</thread>
  <message>clown moved left</message>
</record>
<record>
  <date>2018-12-23T16:45:46</date>
  <millis>1545576346400</millis>
  <sequence>40</sequence>
  <logger>model.gameWorld.MyLogger</logger>
  <level>INFO</level>
  <class>model.gameObjects.Clown</class>
  <method>setX</method>
  <thread>14</thread>
  <message>clown moved right</message>
</record>
<record>
  <date>2018-12-23T16:45:46</date>
  <millis>1545576346731</millis>
  <sequence>41</sequence>
  <logger>model.gameWorld.MyLogger</logger>
  <level>INFO</level>
  <class>model.gameObjects.Clown</class>
  <method>intersectStacks</method>
  <thread>14</thread>
  <message>intersection of plate with right stack</message>
</record>
<record>
  <date>2018-12-23T16:45:46</date>
  <millis>1545576346731</millis>
  <sequence>42</sequence>
  <logger>model.gameWorld.MyLogger</logger>
  <level>INFO</level>
  <class>model.gameObjects.Clown</class>
  <method>intersectStacks</method>
  <thread>14</thread>
  <message>plate addded to right stack</message>
</record>
<record>
  <date>2018-12-23T16:45:46</date>
  <millis>1545576346732</millis>
  <sequence>43</sequence>
  <logger>model.gameWorld.MyLogger</logger>
  <level>WARNING</level>
  <class>model.gameObjects.shapes.plate.PlatesPool</class>
  <method>PopPlate</method>
  <thread>14</thread>
  <message>pool is empty</message>
</record>
<record>
  <date>2018-12-23T16:45:46</date>
  <millis>1545576346732</millis>
  <sequence>44</sequence>
  <logger>model.gameWorld.MyLogger</logger>
  <level>INFO</level>
  <class>model.gameObjects.shapes.plate.PlateFactory</class>
  <method>getPlate</method>
  <thread>14</thread>
  <message>oval Plate instance is returned from factory </message>
</record>
<record>
  <date>2018-12-23T16:45:46</date>
  <millis>1545576346803</millis>
  <sequence>45</sequence>
  <logger>model.gameWorld.MyLogger</logger>
  <level>INFO</level>
  <class>model.gameObjects.Clown</class>
  <method>setX</method>
  <thread>14</thread>
  <message>clown moved right</message>
</record>
<record>
  <date>2018-12-23T16:45:46</date>
  <millis>1545576346982</millis>
  <sequence>46</sequence>
  <logger>model.gameWorld.MyLogger</logger>
  <level>INFO</level>
  <class>model.gameObjects.Clown</class>
  <method>setX</method>
  <thread>14</thread>
  <message>clown moved right</message>
</record>
<record>
  <date>2018-12-23T16:45:47</date>
  <millis>1545576347154</millis>
  <sequence>47</sequence>
  <logger>model.gameWorld.MyLogger</logger>
  <level>INFO</level>
  <class>model.gameObjects.Clown</class>
  <method>setX</method>
  <thread>14</thread>
  <message>clown moved right</message>
</record>
<record>
  <date>2018-12-23T16:45:47</date>
  <millis>1545576347318</millis>
  <sequence>48</sequence>
  <logger>model.gameWorld.MyLogger</logger>
  <level>INFO</level>
  <class>model.gameObjects.Clown</class>
  <method>setX</method>
  <thread>14</thread>
  <message>clown moved right</message>
</record>
<record>
  <date>2018-12-23T16:45:48</date>
  <millis>1545576348055</millis>
  <sequence>49</sequence>
  <logger>model.gameWorld.MyLogger</logger>
  <level>INFO</level>
  <class>model.gameObjects.Clown</class>
  <method>intersectStacks</method>
  <thread>14</thread>
  <message>intersection of plate with right stack</message>
</record>
<record>
  <date>2018-12-23T16:45:48</date>
  <millis>1545576348056</millis>
  <sequence>50</sequence>
  <logger>model.gameWorld.MyLogger</logger>
  <level>INFO</level>
  <class>model.gameObjects.Clown</class>
  <method>intersectStacks</method>
  <thread>14</thread>
  <message>plate addded to right stack</message>
</record>
<record>
  <date>2018-12-23T16:45:48</date>
  <millis>1545576348056</millis>
  <sequence>51</sequence>
  <logger>model.gameWorld.MyLogger</logger>
  <level>WARNING</level>
  <class>model.gameObjects.shapes.plate.PlatesPool</class>
  <method>PopPlate</method>
  <thread>14</thread>
  <message>pool is empty</message>
</record>
<record>
  <date>2018-12-23T16:45:48</date>
  <millis>1545576348057</millis>
  <sequence>52</sequence>
  <logger>model.gameWorld.MyLogger</logger>
  <level>INFO</level>
  <class>model.gameObjects.shapes.plate.PlateFactory</class>
  <method>getPlate</method>
  <thread>14</thread>
  <message>rectanglar Plate instance is returned from factory </message>
</record>
<record>
  <date>2018-12-23T16:45:48</date>
  <millis>1545576348141</millis>
  <sequence>53</sequence>
  <logger>model.gameWorld.MyLogger</logger>
  <level>INFO</level>
  <class>model.gameObjects.Clown</class>
  <method>setX</method>
  <thread>14</thread>
  <message>clown moved left</message>
</record>
<record>
  <date>2018-12-23T16:45:48</date>
  <millis>1545576348648</millis>
  <sequence>54</sequence>
  <logger>model.gameWorld.MyLogger</logger>
  <level>INFO</level>
  <class>model.gameObjects.Clown</class>
  <method>setX</method>
  <thread>14</thread>
  <message>clown moved left</message>
</record>
<record>
  <date>2018-12-23T16:45:48</date>
  <millis>1545576348688</millis>
  <sequence>55</sequence>
  <logger>model.gameWorld.MyLogger</logger>
  <level>INFO</level>
  <class>model.gameObjects.Clown</class>
  <method>setX</method>
  <thread>14</thread>
  <message>clown moved left</message>
</record>
<record>
  <date>2018-12-23T16:45:48</date>
  <millis>1545576348730</millis>
  <sequence>56</sequence>
  <logger>model.gameWorld.MyLogger</logger>
  <level>INFO</level>
  <class>model.gameObjects.Clown</class>
  <method>setX</method>
  <thread>14</thread>
  <message>clown moved left</message>
</record>
<record>
  <date>2018-12-23T16:45:48</date>
  <millis>1545576348772</millis>
  <sequence>57</sequence>
  <logger>model.gameWorld.MyLogger</logger>
  <level>INFO</level>
  <class>model.gameObjects.Clown</class>
  <method>setX</method>
  <thread>14</thread>
  <message>clown moved left</message>
</record>
<record>
  <date>2018-12-23T16:45:48</date>
  <millis>1545576348814</millis>
  <sequence>58</sequence>
  <logger>model.gameWorld.MyLogger</logger>
  <level>INFO</level>
  <class>model.gameObjects.Clown</class>
  <method>setX</method>
  <thread>14</thread>
  <message>clown moved left</message>
</record>
<record>
  <date>2018-12-23T16:45:48</date>
  <millis>1545576348858</millis>
  <sequence>59</sequence>
  <logger>model.gameWorld.MyLogger</logger>
  <level>INFO</level>
  <class>model.gameObjects.Clown</class>
  <method>setX</method>
  <thread>14</thread>
  <message>clown moved left</message>
</record>
<record>
  <date>2018-12-23T16:45:48</date>
  <millis>1545576348901</millis>
  <sequence>60</sequence>
  <logger>model.gameWorld.MyLogger</logger>
  <level>INFO</level>
  <class>model.gameObjects.Clown</class>
  <method>setX</method>
  <thread>14</thread>
  <message>clown moved left</message>
</record>
<record>
  <date>2018-12-23T16:45:49</date>
  <millis>1545576349070</millis>
  <sequence>61</sequence>
  <logger>model.gameWorld.MyLogger</logger>
  <level>INFO</level>
  <class>model.gameObjects.Clown</class>
  <method>intersectStacks</method>
  <thread>14</thread>
  <message>intersection of plate with right stack</message>
</record>
<record>
  <date>2018-12-23T16:45:49</date>
  <millis>1545576349070</millis>
  <sequence>62</sequence>
  <logger>model.gameWorld.MyLogger</logger>
  <level>INFO</level>
  <class>model.gameObjects.Clown</class>
  <method>intersectStacks</method>
  <thread>14</thread>
  <message>plate addded to right stack</message>
</record>
<record>
  <date>2018-12-23T16:45:49</date>
  <millis>1545576349074</millis>
  <sequence>63</sequence>
  <logger>model.gameWorld.MyLogger</logger>
  <level>WARNING</level>
  <class>model.gameWorld.GameWorld</class>
  <method>refresh</method>
  <thread>14</thread>
  <message>score up</message>
</record>
<record>
  <date>2018-12-23T16:45:49</date>
  <millis>1545576349240</millis>
  <sequence>64</sequence>
  <logger>model.gameWorld.MyLogger</logger>
  <level>INFO</level>
  <class>model.gameObjects.Clown</class>
  <method>setX</method>
  <thread>14</thread>
  <message>clown moved right</message>
</record>
<record>
  <date>2018-12-23T16:45:49</date>
  <millis>1545576349551</millis>
  <sequence>65</sequence>
  <logger>model.gameWorld.MyLogger</logger>
  <level>INFO</level>
  <class>model.gameObjects.Clown</class>
  <method>setX</method>
  <thread>14</thread>
  <message>clown moved right</message>
</record>
<record>
  <date>2018-12-23T16:45:51</date>
  <millis>1545576351107</millis>
  <sequence>66</sequence>
  <logger>model.gameWorld.MyLogger</logger>
  <level>INFO</level>
  <class>model.gameObjects.shapes.plate.PlateFactory</class>
  <method>getBatmanLogo</method>
  <thread>14</thread>
  <message>batman logo instance is returned from factory </message>
</record>
<record>
  <date>2018-12-23T16:45:51</date>
  <millis>1545576351116</millis>
  <sequence>67</sequence>
  <logger>model.gameWorld.MyLogger</logger>
  <level>INFO</level>
  <class>model.gameObjects.shapes.plate.PlateFactory</class>
  <method>getHarleyLogo</method>
  <thread>14</thread>
  <message>harley logo instance is returned from factory </message>
</record>
<record>
  <date>2018-12-23T16:45:51</date>
  <millis>1545576351594</millis>
  <sequence>68</sequence>
  <logger>model.gameWorld.MyLogger</logger>
  <level>INFO</level>
  <class>model.gameObjects.Clown</class>
  <method>intersectStacks</method>
  <thread>14</thread>
  <message>intersection of plate with right stack</message>
</record>
<record>
  <date>2018-12-23T16:45:51</date>
  <millis>1545576351594</millis>
  <sequence>69</sequence>
  <logger>model.gameWorld.MyLogger</logger>
  <level>INFO</level>
  <class>model.gameObjects.Clown</class>
  <method>intersectStacks</method>
  <thread>14</thread>
  <message>plate addded to right stack</message>
</record>
<record>
  <date>2018-12-23T16:45:51</date>
  <millis>1545576351999</millis>
  <sequence>70</sequence>
  <logger>model.gameWorld.MyLogger</logger>
  <level>INFO</level>
  <class>model.gameObjects.Clown</class>
  <method>setX</method>
  <thread>14</thread>
  <message>clown moved right</message>
</record>
<record>
  <date>2018-12-23T16:45:52</date>
  <millis>1545576352502</millis>
  <sequence>71</sequence>
  <logger>model.gameWorld.MyLogger</logger>
  <level>INFO</level>
  <class>model.gameObjects.Clown</class>
  <method>setX</method>
  <thread>14</thread>
  <message>clown moved right</message>
</record>
<record>
  <date>2018-12-23T16:45:52</date>
  <millis>1545576352544</millis>
  <sequence>72</sequence>
  <logger>model.gameWorld.MyLogger</logger>
  <level>INFO</level>
  <class>model.gameObjects.Clown</class>
  <method>setX</method>
  <thread>14</thread>
  <message>clown moved right</message>
</record>
<record>
  <date>2018-12-23T16:45:52</date>
  <millis>1545576352585</millis>
  <sequence>73</sequence>
  <logger>model.gameWorld.MyLogger</logger>
  <level>INFO</level>
  <class>model.gameObjects.Clown</class>
  <method>setX</method>
  <thread>14</thread>
  <message>clown moved right</message>
</record>
<record>
  <date>2018-12-23T16:45:52</date>
  <millis>1545576352633</millis>
  <sequence>74</sequence>
  <logger>model.gameWorld.MyLogger</logger>
  <level>INFO</level>
  <class>model.gameObjects.Clown</class>
  <method>setX</method>
  <thread>14</thread>
  <message>clown moved right</message>
</record>
<record>
  <date>2018-12-23T16:45:52</date>
  <millis>1545576352669</millis>
  <sequence>75</sequence>
  <logger>model.gameWorld.MyLogger</logger>
  <level>INFO</level>
  <class>model.gameObjects.Clown</class>
  <method>setX</method>
  <thread>14</thread>
  <message>clown moved right</message>
</record>
<record>
  <date>2018-12-23T16:45:52</date>
  <millis>1545576352710</millis>
  <sequence>76</sequence>
  <logger>model.gameWorld.MyLogger</logger>
  <level>INFO</level>
  <class>model.gameObjects.Clown</class>
  <method>setX</method>
  <thread>14</thread>
  <message>clown moved right</message>
</record>
<record>
  <date>2018-12-23T16:45:52</date>
  <millis>1545576352751</millis>
  <sequence>77</sequence>
  <logger>model.gameWorld.MyLogger</logger>
  <level>INFO</level>
  <class>model.gameObjects.Clown</class>
  <method>setX</method>
  <thread>14</thread>
  <message>clown moved right</message>
</record>
<record>
  <date>2018-12-23T16:45:52</date>
  <millis>1545576352795</millis>
  <sequence>78</sequence>
  <logger>model.gameWorld.MyLogger</logger>
  <level>INFO</level>
  <class>model.gameObjects.Clown</class>
  <method>setX</method>
  <thread>14</thread>
  <message>clown moved right</message>
</record>
<record>
  <date>2018-12-23T16:45:52</date>
  <millis>1545576352833</millis>
  <sequence>79</sequence>
  <logger>model.gameWorld.MyLogger</logger>
  <level>INFO</level>
  <class>model.gameObjects.Clown</class>
  <method>setX</method>
  <thread>14</thread>
  <message>clown moved right</message>
</record>
<record>
  <date>2018-12-23T16:45:52</date>
  <millis>1545576352876</millis>
  <sequence>80</sequence>
  <logger>model.gameWorld.MyLogger</logger>
  <level>INFO</level>
  <class>model.gameObjects.Clown</class>
  <method>setX</method>
  <thread>14</thread>
  <message>clown moved right</message>
</record>
<record>
  <date>2018-12-23T16:45:52</date>
  <millis>1545576352918</millis>
  <sequence>81</sequence>
  <logger>model.gameWorld.MyLogger</logger>
  <level>INFO</level>
  <class>model.gameObjects.Clown</class>
  <method>setX</method>
  <thread>14</thread>
  <message>clown moved right</message>
</record>
<record>
  <date>2018-12-23T16:45:52</date>
  <millis>1545576352998</millis>
  <sequence>82</sequence>
  <logger>model.gameWorld.MyLogger</logger>
  <level>INFO</level>
  <class>model.gameObjects.Clown</class>
  <method>setX</method>
  <thread>14</thread>
  <message>clown moved right</message>
</record>
<record>
  <date>2018-12-23T16:45:53</date>
  <millis>1545576353003</millis>
  <sequence>83</sequence>
  <logger>model.gameWorld.MyLogger</logger>
  <level>INFO</level>
  <class>model.gameObjects.Clown</class>
  <method>setX</method>
  <thread>14</thread>
  <message>clown moved right</message>
</record>
<record>
  <date>2018-12-23T16:45:53</date>
  <millis>1545576353044</millis>
  <sequence>84</sequence>
  <logger>model.gameWorld.MyLogger</logger>
  <level>INFO</level>
  <class>model.gameObjects.Clown</class>
  <method>setX</method>
  <thread>14</thread>
  <message>clown moved right</message>
</record>
<record>
  <date>2018-12-23T16:45:53</date>
  <millis>1545576353088</millis>
  <sequence>85</sequence>
  <logger>model.gameWorld.MyLogger</logger>
  <level>INFO</level>
  <class>model.gameObjects.Clown</class>
  <method>setX</method>
  <thread>14</thread>
  <message>clown moved right</message>
</record>
<record>
  <date>2018-12-23T16:45:53</date>
  <millis>1545576353126</millis>
  <sequence>86</sequence>
  <logger>model.gameWorld.MyLogger</logger>
  <level>INFO</level>
  <class>model.gameObjects.Clown</class>
  <method>setX</method>
  <thread>14</thread>
  <message>clown moved right</message>
</record>
<record>
  <date>2018-12-23T16:45:53</date>
  <millis>1545576353168</millis>
  <sequence>87</sequence>
  <logger>model.gameWorld.MyLogger</logger>
  <level>INFO</level>
  <class>model.gameObjects.Clown</class>
  <method>setX</method>
  <thread>14</thread>
  <message>clown moved right</message>
</record>
<record>
  <date>2018-12-23T16:45:53</date>
  <millis>1545576353209</millis>
  <sequence>88</sequence>
  <logger>model.gameWorld.MyLogger</logger>
  <level>INFO</level>
  <class>model.gameObjects.Clown</class>
  <method>setX</method>
  <thread>14</thread>
  <message>clown moved right</message>
</record>
<record>
  <date>2018-12-23T16:45:53</date>
  <millis>1545576353254</millis>
  <sequence>89</sequence>
  <logger>model.gameWorld.MyLogger</logger>
  <level>INFO</level>
  <class>model.gameObjects.Clown</class>
  <method>setX</method>
  <thread>14</thread>
  <message>clown moved right</message>
</record>
<record>
  <date>2018-12-23T16:45:53</date>
  <millis>1545576353427</millis>
  <sequence>90</sequence>
  <logger>model.gameWorld.MyLogger</logger>
  <level>INFO</level>
  <class>model.gameObjects.Clown</class>
  <method>setX</method>
  <thread>14</thread>
  <message>clown moved left</message>
</record>
<record>
  <date>2018-12-23T16:45:53</date>
  <millis>1545576353643</millis>
  <sequence>91</sequence>
  <logger>model.gameWorld.MyLogger</logger>
  <level>INFO</level>
  <class>model.gameObjects.Clown</class>
  <method>setX</method>
  <thread>14</thread>
  <message>clown moved left</message>
</record>
<record>
  <date>2018-12-23T16:45:54</date>
  <millis>1545576354053</millis>
  <sequence>92</sequence>
  <logger>model.gameWorld.MyLogger</logger>
  <level>INFO</level>
  <class>model.gameObjects.Clown</class>
  <method>setX</method>
  <thread>14</thread>
  <message>clown moved left</message>
</record>
<record>
  <date>2018-12-23T16:45:54</date>
  <millis>1545576354144</millis>
  <sequence>93</sequence>
  <logger>model.gameWorld.MyLogger</logger>
  <level>INFO</level>
  <class>model.gameObjects.Clown</class>
  <method>intersectStacks</method>
  <thread>14</thread>
  <message>intersection of plate with right stack</message>
</record>
<record>
  <date>2018-12-23T16:45:54</date>
  <millis>1545576354145</millis>
  <sequence>94</sequence>
  <logger>model.gameWorld.MyLogger</logger>
  <level>INFO</level>
  <class>model.gameObjects.Clown</class>
  <method>intersectStacks</method>
  <thread>14</thread>
  <message>plate addded to right stack</message>
</record>
<record>
  <date>2018-12-23T16:45:54</date>
  <millis>1545576354145</millis>
  <sequence>95</sequence>
  <logger>model.gameWorld.MyLogger</logger>
  <level>WARNING</level>
  <class>model.gameWorld.GameWorld</class>
  <method>refresh</method>
  <thread>14</thread>
  <message>score up</message>
</record>
<record>
  <date>2018-12-23T16:45:54</date>
  <millis>1545576354359</millis>
  <sequence>96</sequence>
  <logger>model.gameWorld.MyLogger</logger>
  <level>INFO</level>
  <class>model.gameObjects.Clown</class>
  <method>intersectStacks</method>
  <thread>14</thread>
  <message>intersection of plate with right stack</message>
</record>
<record>
  <date>2018-12-23T16:45:54</date>
  <millis>1545576354359</millis>
  <sequence>97</sequence>
  <logger>model.gameWorld.MyLogger</logger>
  <level>INFO</level>
  <class>model.gameObjects.Clown</class>
  <method>intersectStacks</method>
  <thread>14</thread>
  <message>plate addded to right stack</message>
</record>
<record>
  <date>2018-12-23T16:45:54</date>
  <millis>1545576354447</millis>
  <sequence>98</sequence>
  <logger>model.gameWorld.MyLogger</logger>
  <level>INFO</level>
  <class>model.gameObjects.Clown</class>
  <method>intersectStacks</method>
  <thread>14</thread>
  <message>intersection of plate with right stack</message>
</record>
<record>
  <date>2018-12-23T16:45:54</date>
  <millis>1545576354447</millis>
  <sequence>99</sequence>
  <logger>model.gameWorld.MyLogger</logger>
  <level>INFO</level>
  <class>model.gameObjects.Clown</class>
  <method>intersectStacks</method>
  <thread>14</thread>
  <message>plate addded to right stack</message>
</record>
<record>
  <date>2018-12-23T16:45:54</date>
  <millis>1545576354559</millis>
  <sequence>100</sequence>
  <logger>model.gameWorld.MyLogger</logger>
  <level>INFO</level>
  <class>model.gameObjects.Clown</class>
  <method>setX</method>
  <thread>14</thread>
  <message>clown moved left</message>
</record>
<record>
  <date>2018-12-23T16:45:54</date>
  <millis>1545576354598</millis>
  <sequence>101</sequence>
  <logger>model.gameWorld.MyLogger</logger>
  <level>INFO</level>
  <class>model.gameObjects.Clown</class>
  <method>setX</method>
  <thread>14</thread>
  <message>clown moved left</message>
</record>
<record>
  <date>2018-12-23T16:45:54</date>
  <millis>1545576354640</millis>
  <sequence>102</sequence>
  <logger>model.gameWorld.MyLogger</logger>
  <level>INFO</level>
  <class>model.gameObjects.Clown</class>
  <method>setX</method>
  <thread>14</thread>
  <message>clown moved left</message>
</record>
<record>
  <date>2018-12-23T16:45:54</date>
  <millis>1545576354843</millis>
  <sequence>103</sequence>
  <logger>model.gameWorld.MyLogger</logger>
  <level>INFO</level>
  <class>model.gameObjects.Clown</class>
  <method>setX</method>
  <thread>14</thread>
  <message>clown moved right</message>
</record>
<record>
  <date>2018-12-23T16:45:55</date>
  <millis>1545576355251</millis>
  <sequence>104</sequence>
  <logger>model.gameWorld.MyLogger</logger>
  <level>INFO</level>
  <class>model.gameObjects.Clown</class>
  <method>setX</method>
  <thread>14</thread>
  <message>clown moved left</message>
</record>
<record>
  <date>2018-12-23T16:45:55</date>
  <millis>1545576355754</millis>
  <sequence>105</sequence>
  <logger>model.gameWorld.MyLogger</logger>
  <level>INFO</level>
  <class>model.gameObjects.Clown</class>
  <method>setX</method>
  <thread>14</thread>
  <message>clown moved left</message>
</record>
<record>
  <date>2018-12-23T16:45:55</date>
  <millis>1545576355795</millis>
  <sequence>106</sequence>
  <logger>model.gameWorld.MyLogger</logger>
  <level>INFO</level>
  <class>model.gameObjects.Clown</class>
  <method>setX</method>
  <thread>14</thread>
  <message>clown moved left</message>
</record>
<record>
  <date>2018-12-23T16:45:55</date>
  <millis>1545576355840</millis>
  <sequence>107</sequence>
  <logger>model.gameWorld.MyLogger</logger>
  <level>INFO</level>
  <class>model.gameObjects.Clown</class>
  <method>setX</method>
  <thread>14</thread>
  <message>clown moved left</message>
</record>
<record>
  <date>2018-12-23T16:45:55</date>
  <millis>1545576355883</millis>
  <sequence>108</sequence>
  <logger>model.gameWorld.MyLogger</logger>
  <level>INFO</level>
  <class>model.gameObjects.Clown</class>
  <method>setX</method>
  <thread>14</thread>
  <message>clown moved left</message>
</record>
<record>
  <date>2018-12-23T16:45:55</date>
  <millis>1545576355920</millis>
  <sequence>109</sequence>
  <logger>model.gameWorld.MyLogger</logger>
  <level>INFO</level>
  <class>model.gameObjects.Clown</class>
  <method>setX</method>
  <thread>14</thread>
  <message>clown moved left</message>
</record>
<record>
  <date>2018-12-23T16:45:55</date>
  <millis>1545576355972</millis>
  <sequence>110</sequence>
  <logger>model.gameWorld.MyLogger</logger>
  <level>INFO</level>
  <class>model.gameObjects.Clown</class>
  <method>setX</method>
  <thread>14</thread>
  <message>clown moved left</message>
</record>
<record>
  <date>2018-12-23T16:45:56</date>
  <millis>1545576356008</millis>
  <sequence>111</sequence>
  <logger>model.gameWorld.MyLogger</logger>
  <level>INFO</level>
  <class>model.gameObjects.Clown</class>
  <method>setX</method>
  <thread>14</thread>
  <message>clown moved left</message>
</record>
<record>
  <date>2018-12-23T16:45:56</date>
  <millis>1545576356051</millis>
  <sequence>112</sequence>
  <logger>model.gameWorld.MyLogger</logger>
  <level>INFO</level>
  <class>model.gameObjects.Clown</class>
  <method>setX</method>
  <thread>14</thread>
  <message>clown moved left</message>
</record>
<record>
  <date>2018-12-23T16:45:56</date>
  <millis>1545576356091</millis>
  <sequence>113</sequence>
  <logger>model.gameWorld.MyLogger</logger>
  <level>INFO</level>
  <class>model.gameObjects.Clown</class>
  <method>setX</method>
  <thread>14</thread>
  <message>clown moved left</message>
</record>
<record>
  <date>2018-12-23T16:45:56</date>
  <millis>1545576356132</millis>
  <sequence>114</sequence>
  <logger>model.gameWorld.MyLogger</logger>
  <level>INFO</level>
  <class>model.gameObjects.Clown</class>
  <method>setX</method>
  <thread>14</thread>
  <message>clown moved left</message>
</record>
<record>
  <date>2018-12-23T16:45:56</date>
  <millis>1545576356175</millis>
  <sequence>115</sequence>
  <logger>model.gameWorld.MyLogger</logger>
  <level>INFO</level>
  <class>model.gameObjects.Clown</class>
  <method>setX</method>
  <thread>14</thread>
  <message>clown moved left</message>
</record>
<record>
  <date>2018-12-23T16:45:56</date>
  <millis>1545576356218</millis>
  <sequence>116</sequence>
  <logger>model.gameWorld.MyLogger</logger>
  <level>INFO</level>
  <class>model.gameObjects.Clown</class>
  <method>setX</method>
  <thread>14</thread>
  <message>clown moved left</message>
</record>
<record>
  <date>2018-12-23T16:45:56</date>
  <millis>1545576356256</millis>
  <sequence>117</sequence>
  <logger>model.gameWorld.MyLogger</logger>
  <level>INFO</level>
  <class>model.gameObjects.Clown</class>
  <method>setX</method>
  <thread>14</thread>
  <message>clown moved left</message>
</record>
<record>
  <date>2018-12-23T16:45:56</date>
  <millis>1545576356297</millis>
  <sequence>118</sequence>
  <logger>model.gameWorld.MyLogger</logger>
  <level>INFO</level>
  <class>model.gameObjects.Clown</class>
  <method>setX</method>
  <thread>14</thread>
  <message>clown moved left</message>
</record>
<record>
  <date>2018-12-23T16:45:56</date>
  <millis>1545576356615</millis>
  <sequence>119</sequence>
  <logger>model.gameWorld.MyLogger</logger>
  <level>INFO</level>
  <class>model.gameObjects.Clown</class>
  <method>setX</method>
  <thread>14</thread>
  <message>clown moved right</message>
</record>
<record>
  <date>2018-12-23T16:45:57</date>
  <millis>1545576357133</millis>
  <sequence>120</sequence>
  <logger>model.gameWorld.MyLogger</logger>
  <level>INFO</level>
  <class>model.gameObjects.Clown</class>
  <method>setX</method>
  <thread>14</thread>
  <message>clown moved right</message>
</record>
<record>
  <date>2018-12-23T16:45:57</date>
  <millis>1545576357634</millis>
  <sequence>121</sequence>
  <logger>model.gameWorld.MyLogger</logger>
  <level>INFO</level>
  <class>model.gameObjects.Clown</class>
  <method>setX</method>
  <thread>14</thread>
  <message>clown moved right</message>
</record>
<record>
  <date>2018-12-23T16:45:57</date>
  <millis>1545576357678</millis>
  <sequence>122</sequence>
  <logger>model.gameWorld.MyLogger</logger>
  <level>INFO</level>
  <class>model.gameObjects.Clown</class>
  <method>setX</method>
  <thread>14</thread>
  <message>clown moved right</message>
</record>
<record>
  <date>2018-12-23T16:45:57</date>
  <millis>1545576357719</millis>
  <sequence>123</sequence>
  <logger>model.gameWorld.MyLogger</logger>
  <level>INFO</level>
  <class>model.gameObjects.Clown</class>
  <method>setX</method>
  <thread>14</thread>
  <message>clown moved right</message>
</record>
<record>
  <date>2018-12-23T16:45:57</date>
  <millis>1545576357760</millis>
  <sequence>124</sequence>
  <logger>model.gameWorld.MyLogger</logger>
  <level>INFO</level>
  <class>model.gameObjects.Clown</class>
  <method>setX</method>
  <thread>14</thread>
  <message>clown moved right</message>
</record>
<record>
  <date>2018-12-23T16:45:57</date>
  <millis>1545576357802</millis>
  <sequence>125</sequence>
  <logger>model.gameWorld.MyLogger</logger>
  <level>INFO</level>
  <class>model.gameObjects.Clown</class>
  <method>setX</method>
  <thread>14</thread>
  <message>clown moved right</message>
</record>
<record>
  <date>2018-12-23T16:45:57</date>
  <millis>1545576357843</millis>
  <sequence>126</sequence>
  <logger>model.gameWorld.MyLogger</logger>
  <level>INFO</level>
  <class>model.gameObjects.Clown</class>
  <method>setX</method>
  <thread>14</thread>
  <message>clown moved right</message>
</record>
<record>
  <date>2018-12-23T16:45:57</date>
  <millis>1545576357886</millis>
  <sequence>127</sequence>
  <logger>model.gameWorld.MyLogger</logger>
  <level>INFO</level>
  <class>model.gameObjects.Clown</class>
  <method>setX</method>
  <thread>14</thread>
  <message>clown moved right</message>
</record>
<record>
  <date>2018-12-23T16:45:57</date>
  <millis>1545576357929</millis>
  <sequence>128</sequence>
  <logger>model.gameWorld.MyLogger</logger>
  <level>INFO</level>
  <class>model.gameObjects.Clown</class>
  <method>setX</method>
  <thread>14</thread>
  <message>clown moved right</message>
</record>
<record>
  <date>2018-12-23T16:45:57</date>
  <millis>1545576357971</millis>
  <sequence>129</sequence>
  <logger>model.gameWorld.MyLogger</logger>
  <level>INFO</level>
  <class>model.gameObjects.Clown</class>
  <method>setX</method>
  <thread>14</thread>
  <message>clown moved right</message>
</record>
<record>
  <date>2018-12-23T16:45:58</date>
  <millis>1545576358519</millis>
  <sequence>130</sequence>
  <logger>model.gameWorld.MyLogger</logger>
  <level>INFO</level>
  <class>model.gameObjects.Clown</class>
  <method>setX</method>
  <thread>14</thread>
  <message>clown moved left</message>
</record>
<record>
  <date>2018-12-23T16:45:58</date>
  <millis>1545576358710</millis>
  <sequence>131</sequence>
  <logger>model.gameWorld.MyLogger</logger>
  <level>INFO</level>
  <class>model.gameObjects.Clown</class>
  <method>setX</method>
  <thread>14</thread>
  <message>clown moved left</message>
</record>
<record>
  <date>2018-12-23T16:45:59</date>
  <millis>1545576359294</millis>
  <sequence>132</sequence>
  <logger>model.gameWorld.MyLogger</logger>
  <level>INFO</level>
  <class>model.gameObjects.Clown</class>
  <method>setX</method>
  <thread>14</thread>
  <message>clown moved right</message>
</record>
<record>
  <date>2018-12-23T16:45:59</date>
  <millis>1545576359321</millis>
  <sequence>133</sequence>
  <logger>model.gameWorld.MyLogger</logger>
  <level>INFO</level>
  <class>model.gameObjects.Clown</class>
  <method>intersectStacks</method>
  <thread>14</thread>
  <message>intersection of plate with right stack</message>
</record>
<record>
  <date>2018-12-23T16:45:59</date>
  <millis>1545576359321</millis>
  <sequence>134</sequence>
  <logger>model.gameWorld.MyLogger</logger>
  <level>INFO</level>
  <class>model.gameObjects.Clown</class>
  <method>intersectStacks</method>
  <thread>14</thread>
  <message>plate addded to right stack</message>
</record>
<record>
  <date>2018-12-23T16:45:59</date>
  <millis>1545576359322</millis>
  <sequence>135</sequence>
  <logger>model.gameWorld.MyLogger</logger>
  <level>WARNING</level>
  <class>model.gameWorld.GameWorld</class>
  <method>refresh</method>
  <thread>14</thread>
  <message>score up</message>
</record>
<record>
  <date>2018-12-23T16:45:59</date>
  <millis>1545576359717</millis>
  <sequence>136</sequence>
  <logger>model.gameWorld.MyLogger</logger>
  <level>INFO</level>
  <class>model.gameObjects.Clown</class>
  <method>setX</method>
  <thread>14</thread>
  <message>clown moved right</message>
</record>
<record>
  <date>2018-12-23T16:46:00</date>
  <millis>1545576360077</millis>
  <sequence>137</sequence>
  <logger>model.gameWorld.MyLogger</logger>
  <level>INFO</level>
  <class>model.gameObjects.Clown</class>
  <method>setX</method>
  <thread>14</thread>
  <message>clown moved right</message>
</record>
<record>
  <date>2018-12-23T16:46:00</date>
  <millis>1545576360285</millis>
  <sequence>138</sequence>
  <logger>model.gameWorld.MyLogger</logger>
  <level>INFO</level>
  <class>model.gameObjects.Clown</class>
  <method>setX</method>
  <thread>14</thread>
  <message>clown moved right</message>
</record>
<record>
  <date>2018-12-23T16:46:00</date>
  <millis>1545576360399</millis>
  <sequence>139</sequence>
  <logger>model.gameWorld.MyLogger</logger>
  <level>INFO</level>
  <class>model.gameObjects.Clown</class>
  <method>intersectStacks</method>
  <thread>14</thread>
  <message>intersection of plate with right stack</message>
</record>
<record>
  <date>2018-12-23T16:46:00</date>
  <millis>1545576360400</millis>
  <sequence>140</sequence>
  <logger>model.gameWorld.MyLogger</logger>
  <level>INFO</level>
  <class>model.gameObjects.Clown</class>
  <method>intersectStacks</method>
  <thread>14</thread>
  <message>plate addded to right stack</message>
</record>
<record>
  <date>2018-12-23T16:46:00</date>
  <millis>1545576360427</millis>
  <sequence>141</sequence>
  <logger>model.gameWorld.MyLogger</logger>
  <level>INFO</level>
  <class>model.gameObjects.Clown</class>
  <method>setX</method>
  <thread>14</thread>
  <message>clown moved right</message>
</record>
<record>
  <date>2018-12-23T16:46:00</date>
  <millis>1545576360655</millis>
  <sequence>142</sequence>
  <logger>model.gameWorld.MyLogger</logger>
  <level>INFO</level>
  <class>model.gameObjects.Clown</class>
  <method>setX</method>
  <thread>14</thread>
  <message>clown moved right</message>
</record>
<record>
  <date>2018-12-23T16:46:00</date>
  <millis>1545576360865</millis>
  <sequence>143</sequence>
  <logger>model.gameWorld.MyLogger</logger>
  <level>INFO</level>
  <class>model.gameObjects.Clown</class>
  <method>setX</method>
  <thread>14</thread>
  <message>clown moved left</message>
</record>
<record>
  <date>2018-12-23T16:46:01</date>
  <millis>1545576361110</millis>
  <sequence>144</sequence>
  <logger>model.gameWorld.MyLogger</logger>
  <level>INFO</level>
  <class>model.gameObjects.shapes.plate.PlateFactory</class>
  <method>getBatmanLogo</method>
  <thread>14</thread>
  <message>batman logo instance is returned from factory </message>
</record>
<record>
  <date>2018-12-23T16:46:01</date>
  <millis>1545576361119</millis>
  <sequence>145</sequence>
  <logger>model.gameWorld.MyLogger</logger>
  <level>INFO</level>
  <class>model.gameObjects.shapes.plate.PlateFactory</class>
  <method>getHarleyLogo</method>
  <thread>14</thread>
  <message>harley logo instance is returned from factory </message>
</record>
</log>
