<?xml version="1.0" encoding="windows-1252" standalone="no"?>
<!DOCTYPE log SYSTEM "logger.dtd">
<log>
<record>
  <date>2018-12-23T16:05:49.705353200Z</date>
  <millis>1545581149705</millis>
  <nanos>353200</nanos>
  <sequence>0</sequence>
  <logger>model.gameWorld.MyLogger</logger>
  <level>WARNING</level>
  <class>model.gameObjects.shapes.plate.PlatesPool</class>
  <method>PopPlate</method>
  <thread>17</thread>
  <message>pool is empty</message>
</record>
<record>
  <date>2018-12-23T16:05:49.711407800Z</date>
  <millis>1545581149711</millis>
  <nanos>407800</nanos>
  <sequence>1</sequence>
  <logger>model.gameWorld.MyLogger</logger>
  <level>INFO</level>
  <class>model.gameObjects.shapes.plate.PlateFactory</class>
  <method>getPlate</method>
  <thread>17</thread>
  <message>rectanglar Plate instance is returned from factory </message>
</record>
<record>
  <date>2018-12-23T16:05:49.713416200Z</date>
  <millis>1545581149713</millis>
  <nanos>416200</nanos>
  <sequence>2</sequence>
  <logger>model.gameWorld.MyLogger</logger>
  <level>WARNING</level>
  <class>model.gameObjects.shapes.plate.PlatesPool</class>
  <method>PopPlate</method>
  <thread>17</thread>
  <message>pool is empty</message>
</record>
<record>
  <date>2018-12-23T16:05:49.713416200Z</date>
  <millis>1545581149713</millis>
  <nanos>416200</nanos>
  <sequence>3</sequence>
  <logger>model.gameWorld.MyLogger</logger>
  <level>INFO</level>
  <class>model.gameObjects.shapes.plate.PlateFactory</class>
  <method>getPlate</method>
  <thread>17</thread>
  <message>rectanglar Plate instance is returned from factory </message>
</record>
<record>
  <date>2018-12-23T16:05:49.713876800Z</date>
  <millis>1545581149713</millis>
  <nanos>876800</nanos>
  <sequence>4</sequence>
  <logger>model.gameWorld.MyLogger</logger>
  <level>WARNING</level>
  <class>model.gameObjects.shapes.plate.PlatesPool</class>
  <method>PopPlate</method>
  <thread>17</thread>
  <message>pool is empty</message>
</record>
<record>
  <date>2018-12-23T16:05:49.713876800Z</date>
  <millis>1545581149713</millis>
  <nanos>876800</nanos>
  <sequence>5</sequence>
  <logger>model.gameWorld.MyLogger</logger>
  <level>INFO</level>
  <class>model.gameObjects.shapes.plate.PlateFactory</class>
  <method>getPlate</method>
  <thread>17</thread>
  <message>oval Plate instance is returned from factory </message>
</record>
<record>
  <date>2018-12-23T16:05:49.718889900Z</date>
  <millis>1545581149718</millis>
  <nanos>889900</nanos>
  <sequence>6</sequence>
  <logger>model.gameWorld.MyLogger</logger>
  <level>WARNING</level>
  <class>model.gameObjects.shapes.plate.PlatesPool</class>
  <method>PopPlate</method>
  <thread>17</thread>
  <message>pool is empty</message>
</record>
<record>
  <date>2018-12-23T16:05:49.719429600Z</date>
  <millis>1545581149719</millis>
  <nanos>429600</nanos>
  <sequence>7</sequence>
  <logger>model.gameWorld.MyLogger</logger>
  <level>INFO</level>
  <class>model.gameObjects.shapes.plate.PlateFactory</class>
  <method>getPlate</method>
  <thread>17</thread>
  <message>oval Plate instance is returned from factory </message>
</record>
<record>
  <date>2018-12-23T16:05:49.719892800Z</date>
  <millis>1545581149719</millis>
  <nanos>892800</nanos>
  <sequence>8</sequence>
  <logger>model.gameWorld.MyLogger</logger>
  <level>WARNING</level>
  <class>model.gameObjects.shapes.plate.PlatesPool</class>
  <method>PopPlate</method>
  <thread>17</thread>
  <message>pool is empty</message>
</record>
<record>
  <date>2018-12-23T16:05:49.720394Z</date>
  <millis>1545581149720</millis>
  <nanos>394000</nanos>
  <sequence>9</sequence>
  <logger>model.gameWorld.MyLogger</logger>
  <level>INFO</level>
  <class>model.gameObjects.shapes.plate.PlateFactory</class>
  <method>getPlate</method>
  <thread>17</thread>
  <message>rectanglar Plate instance is returned from factory </message>
</record>
<record>
  <date>2018-12-23T16:05:49.720394Z</date>
  <millis>1545581149720</millis>
  <nanos>394000</nanos>
  <sequence>10</sequence>
  <logger>model.gameWorld.MyLogger</logger>
  <level>WARNING</level>
  <class>model.gameObjects.shapes.plate.PlatesPool</class>
  <method>PopPlate</method>
  <thread>17</thread>
  <message>pool is empty</message>
</record>
<record>
  <date>2018-12-23T16:05:49.720894700Z</date>
  <millis>1545581149720</millis>
  <nanos>894700</nanos>
  <sequence>11</sequence>
  <logger>model.gameWorld.MyLogger</logger>
  <level>INFO</level>
  <class>model.gameObjects.shapes.plate.PlateFactory</class>
  <method>getPlate</method>
  <thread>17</thread>
  <message>oval Plate instance is returned from factory </message>
</record>
<record>
  <date>2018-12-23T16:05:50.791801Z</date>
  <millis>1545581150791</millis>
  <nanos>801000</nanos>
  <sequence>12</sequence>
  <logger>model.gameWorld.MyLogger</logger>
  <level>INFO</level>
  <class>model.gameObjects.Clown</class>
  <method>setX</method>
  <thread>17</thread>
  <message>clown moved right</message>
</record>
<record>
  <date>2018-12-23T16:05:51.050465500Z</date>
  <millis>1545581151050</millis>
  <nanos>465500</nanos>
  <sequence>13</sequence>
  <logger>model.gameWorld.MyLogger</logger>
  <level>INFO</level>
  <class>model.gameObjects.Clown</class>
  <method>setX</method>
  <thread>17</thread>
  <message>clown moved right</message>
</record>
<record>
  <date>2018-12-23T16:05:51.268498400Z</date>
  <millis>1545581151268</millis>
  <nanos>498400</nanos>
  <sequence>14</sequence>
  <logger>model.gameWorld.MyLogger</logger>
  <level>INFO</level>
  <class>model.gameObjects.Clown</class>
  <method>setX</method>
  <thread>17</thread>
  <message>clown moved right</message>
</record>
<record>
  <date>2018-12-23T16:05:51.593272500Z</date>
  <millis>1545581151593</millis>
  <nanos>272500</nanos>
  <sequence>15</sequence>
  <logger>model.gameWorld.MyLogger</logger>
  <level>INFO</level>
  <class>model.gameObjects.Clown</class>
  <method>setX</method>
  <thread>17</thread>
  <message>clown moved right</message>
</record>
<record>
  <date>2018-12-23T16:05:51.982691800Z</date>
  <millis>1545581151982</millis>
  <nanos>691800</nanos>
  <sequence>16</sequence>
  <logger>model.gameWorld.MyLogger</logger>
  <level>INFO</level>
  <class>model.gameObjects.Clown</class>
  <method>intersectStacks</method>
  <thread>17</thread>
  <message>intersection of plate with left stack</message>
</record>
<record>
  <date>2018-12-23T16:05:51.983200200Z</date>
  <millis>1545581151983</millis>
  <nanos>200200</nanos>
  <sequence>17</sequence>
  <logger>model.gameWorld.MyLogger</logger>
  <level>INFO</level>
  <class>model.gameObjects.Clown</class>
  <method>intersectStacks</method>
  <thread>17</thread>
  <message>plate addded to left stack</message>
</record>
<record>
  <date>2018-12-23T16:05:51.983695700Z</date>
  <millis>1545581151983</millis>
  <nanos>695700</nanos>
  <sequence>18</sequence>
  <logger>model.gameWorld.MyLogger</logger>
  <level>WARNING</level>
  <class>model.gameObjects.shapes.plate.PlatesPool</class>
  <method>PopPlate</method>
  <thread>17</thread>
  <message>pool is empty</message>
</record>
<record>
  <date>2018-12-23T16:05:51.983695700Z</date>
  <millis>1545581151983</millis>
  <nanos>695700</nanos>
  <sequence>19</sequence>
  <logger>model.gameWorld.MyLogger</logger>
  <level>INFO</level>
  <class>model.gameObjects.shapes.plate.PlateFactory</class>
  <method>getPlate</method>
  <thread>17</thread>
  <message>rectanglar Plate instance is returned from factory </message>
</record>
<record>
  <date>2018-12-23T16:05:52.165553400Z</date>
  <millis>1545581152165</millis>
  <nanos>553400</nanos>
  <sequence>20</sequence>
  <logger>model.gameWorld.MyLogger</logger>
  <level>INFO</level>
  <class>model.gameObjects.Clown</class>
  <method>intersectStacks</method>
  <thread>17</thread>
  <message>intersection of plate with right stack</message>
</record>
<record>
  <date>2018-12-23T16:05:52.166022200Z</date>
  <millis>1545581152166</millis>
  <nanos>22200</nanos>
  <sequence>21</sequence>
  <logger>model.gameWorld.MyLogger</logger>
  <level>INFO</level>
  <class>model.gameObjects.Clown</class>
  <method>intersectStacks</method>
  <thread>17</thread>
  <message>plate addded to right stack</message>
</record>
<record>
  <date>2018-12-23T16:05:52.166523500Z</date>
  <millis>1545581152166</millis>
  <nanos>523500</nanos>
  <sequence>22</sequence>
  <logger>model.gameWorld.MyLogger</logger>
  <level>WARNING</level>
  <class>model.gameObjects.shapes.plate.PlatesPool</class>
  <method>PopPlate</method>
  <thread>17</thread>
  <message>pool is empty</message>
</record>
<record>
  <date>2018-12-23T16:05:52.166523500Z</date>
  <millis>1545581152166</millis>
  <nanos>523500</nanos>
  <sequence>23</sequence>
  <logger>model.gameWorld.MyLogger</logger>
  <level>INFO</level>
  <class>model.gameObjects.shapes.plate.PlateFactory</class>
  <method>getPlate</method>
  <thread>17</thread>
  <message>oval Plate instance is returned from factory </message>
</record>
<record>
  <date>2018-12-23T16:05:52.175548700Z</date>
  <millis>1545581152175</millis>
  <nanos>548700</nanos>
  <sequence>24</sequence>
  <logger>model.gameWorld.MyLogger</logger>
  <level>INFO</level>
  <class>model.gameObjects.Clown</class>
  <method>setX</method>
  <thread>17</thread>
  <message>clown moved right</message>
</record>
<record>
  <date>2018-12-23T16:05:52.519450400Z</date>
  <millis>1545581152519</millis>
  <nanos>450400</nanos>
  <sequence>25</sequence>
  <logger>model.gameWorld.MyLogger</logger>
  <level>INFO</level>
  <class>model.gameObjects.Clown</class>
  <method>setX</method>
  <thread>17</thread>
  <message>clown moved right</message>
</record>
<record>
  <date>2018-12-23T16:05:52.748666600Z</date>
  <millis>1545581152748</millis>
  <nanos>666600</nanos>
  <sequence>26</sequence>
  <logger>model.gameWorld.MyLogger</logger>
  <level>INFO</level>
  <class>model.gameObjects.Clown</class>
  <method>setX</method>
  <thread>17</thread>
  <message>clown moved right</message>
</record>
<record>
  <date>2018-12-23T16:05:53.140368300Z</date>
  <millis>1545581153140</millis>
  <nanos>368300</nanos>
  <sequence>27</sequence>
  <logger>model.gameWorld.MyLogger</logger>
  <level>INFO</level>
  <class>model.gameObjects.Clown</class>
  <method>setX</method>
  <thread>17</thread>
  <message>clown moved right</message>
</record>
<record>
  <date>2018-12-23T16:05:54.458705900Z</date>
  <millis>1545581154458</millis>
  <nanos>705900</nanos>
  <sequence>28</sequence>
  <logger>model.gameWorld.MyLogger</logger>
  <level>INFO</level>
  <class>model.gameObjects.Clown</class>
  <method>intersectStacks</method>
  <thread>17</thread>
  <message>intersection of plate with left stack</message>
</record>
<record>
  <date>2018-12-23T16:05:54.459209200Z</date>
  <millis>1545581154459</millis>
  <nanos>209200</nanos>
  <sequence>29</sequence>
  <logger>model.gameWorld.MyLogger</logger>
  <level>INFO</level>
  <class>model.gameObjects.Clown</class>
  <method>intersectStacks</method>
  <thread>17</thread>
  <message>plate addded to left stack</message>
</record>
<record>
  <date>2018-12-23T16:05:54.459709800Z</date>
  <millis>1545581154459</millis>
  <nanos>709800</nanos>
  <sequence>30</sequence>
  <logger>model.gameWorld.MyLogger</logger>
  <level>WARNING</level>
  <class>model.gameObjects.shapes.plate.PlatesPool</class>
  <method>PopPlate</method>
  <thread>17</thread>
  <message>pool is empty</message>
</record>
<record>
  <date>2018-12-23T16:05:54.459709800Z</date>
  <millis>1545581154459</millis>
  <nanos>709800</nanos>
  <sequence>31</sequence>
  <logger>model.gameWorld.MyLogger</logger>
  <level>INFO</level>
  <class>model.gameObjects.shapes.plate.PlateFactory</class>
  <method>getPlate</method>
  <thread>17</thread>
  <message>oval Plate instance is returned from factory </message>
</record>
<record>
  <date>2018-12-23T16:05:54.542689300Z</date>
  <millis>1545581154542</millis>
  <nanos>689300</nanos>
  <sequence>32</sequence>
  <logger>model.gameWorld.MyLogger</logger>
  <level>INFO</level>
  <class>model.gameObjects.Clown</class>
  <method>setX</method>
  <thread>17</thread>
  <message>clown moved left</message>
</record>
<record>
  <date>2018-12-23T16:05:54.836471500Z</date>
  <millis>1545581154836</millis>
  <nanos>471500</nanos>
  <sequence>33</sequence>
  <logger>model.gameWorld.MyLogger</logger>
  <level>INFO</level>
  <class>model.gameObjects.Clown</class>
  <method>setX</method>
  <thread>17</thread>
  <message>clown moved left</message>
</record>
<record>
  <date>2018-12-23T16:05:55.910748500Z</date>
  <millis>1545581155910</millis>
  <nanos>748500</nanos>
  <sequence>34</sequence>
  <logger>model.gameWorld.MyLogger</logger>
  <level>INFO</level>
  <class>model.gameObjects.Clown</class>
  <method>intersectStacks</method>
  <thread>17</thread>
  <message>intersection of plate with left stack</message>
</record>
<record>
  <date>2018-12-23T16:05:55.911249700Z</date>
  <millis>1545581155911</millis>
  <nanos>249700</nanos>
  <sequence>35</sequence>
  <logger>model.gameWorld.MyLogger</logger>
  <level>INFO</level>
  <class>model.gameObjects.Clown</class>
  <method>intersectStacks</method>
  <thread>17</thread>
  <message>plate addded to left stack</message>
</record>
<record>
  <date>2018-12-23T16:05:55.911751500Z</date>
  <millis>1545581155911</millis>
  <nanos>751500</nanos>
  <sequence>36</sequence>
  <logger>model.gameWorld.MyLogger</logger>
  <level>WARNING</level>
  <class>model.gameWorld.GameWorld</class>
  <method>refresh</method>
  <thread>17</thread>
  <message>score up</message>
</record>
<record>
  <date>2018-12-23T16:05:56.308176800Z</date>
  <millis>1545581156308</millis>
  <nanos>176800</nanos>
  <sequence>37</sequence>
  <logger>model.gameWorld.MyLogger</logger>
  <level>INFO</level>
  <class>model.gameObjects.Clown</class>
  <method>setX</method>
  <thread>17</thread>
  <message>clown moved right</message>
</record>
<record>
  <date>2018-12-23T16:05:56.796356100Z</date>
  <millis>1545581156796</millis>
  <nanos>356100</nanos>
  <sequence>38</sequence>
  <logger>model.gameWorld.MyLogger</logger>
  <level>INFO</level>
  <class>model.gameObjects.Clown</class>
  <method>setX</method>
  <thread>17</thread>
  <message>clown moved right</message>
</record>
<record>
  <date>2018-12-23T16:05:56.827762900Z</date>
  <millis>1545581156827</millis>
  <nanos>762900</nanos>
  <sequence>39</sequence>
  <logger>model.gameWorld.MyLogger</logger>
  <level>INFO</level>
  <class>model.gameObjects.Clown</class>
  <method>setX</method>
  <thread>17</thread>
  <message>clown moved right</message>
</record>
<record>
  <date>2018-12-23T16:05:56.860553Z</date>
  <millis>1545581156860</millis>
  <nanos>553000</nanos>
  <sequence>40</sequence>
  <logger>model.gameWorld.MyLogger</logger>
  <level>INFO</level>
  <class>model.gameObjects.Clown</class>
  <method>setX</method>
  <thread>17</thread>
  <message>clown moved right</message>
</record>
<record>
  <date>2018-12-23T16:05:56.992669100Z</date>
  <millis>1545581156992</millis>
  <nanos>669100</nanos>
  <sequence>41</sequence>
  <logger>model.gameWorld.MyLogger</logger>
  <level>INFO</level>
  <class>model.gameObjects.Clown</class>
  <method>setX</method>
  <thread>17</thread>
  <message>clown moved left</message>
</record>
<record>
  <date>2018-12-23T16:05:57.283185500Z</date>
  <millis>1545581157283</millis>
  <nanos>185500</nanos>
  <sequence>42</sequence>
  <logger>model.gameWorld.MyLogger</logger>
  <level>INFO</level>
  <class>model.gameObjects.Clown</class>
  <method>setX</method>
  <thread>17</thread>
  <message>clown moved left</message>
</record>
<record>
  <date>2018-12-23T16:05:57.481570100Z</date>
  <millis>1545581157481</millis>
  <nanos>570100</nanos>
  <sequence>43</sequence>
  <logger>model.gameWorld.MyLogger</logger>
  <level>INFO</level>
  <class>model.gameObjects.Clown</class>
  <method>setX</method>
  <thread>17</thread>
  <message>clown moved left</message>
</record>
<record>
  <date>2018-12-23T16:05:57.675623300Z</date>
  <millis>1545581157675</millis>
  <nanos>623300</nanos>
  <sequence>44</sequence>
  <logger>model.gameWorld.MyLogger</logger>
  <level>INFO</level>
  <class>model.gameObjects.Clown</class>
  <method>setX</method>
  <thread>17</thread>
  <message>clown moved left</message>
</record>
<record>
  <date>2018-12-23T16:05:57.892503100Z</date>
  <millis>1545581157892</millis>
  <nanos>503100</nanos>
  <sequence>45</sequence>
  <logger>model.gameWorld.MyLogger</logger>
  <level>INFO</level>
  <class>model.gameObjects.Clown</class>
  <method>setX</method>
  <thread>17</thread>
  <message>clown moved left</message>
</record>
<record>
  <date>2018-12-23T16:05:58.102199600Z</date>
  <millis>1545581158102</millis>
  <nanos>199600</nanos>
  <sequence>46</sequence>
  <logger>model.gameWorld.MyLogger</logger>
  <level>INFO</level>
  <class>model.gameObjects.Clown</class>
  <method>setX</method>
  <thread>17</thread>
  <message>clown moved left</message>
</record>
<record>
  <date>2018-12-23T16:05:58.704596500Z</date>
  <millis>1545581158704</millis>
  <nanos>596500</nanos>
  <sequence>47</sequence>
  <logger>model.gameWorld.MyLogger</logger>
  <level>INFO</level>
  <class>model.gameObjects.Clown</class>
  <method>setX</method>
  <thread>17</thread>
  <message>clown moved left</message>
</record>
<record>
  <date>2018-12-23T16:05:59.193332500Z</date>
  <millis>1545581159193</millis>
  <nanos>332500</nanos>
  <sequence>48</sequence>
  <logger>model.gameWorld.MyLogger</logger>
  <level>INFO</level>
  <class>model.gameObjects.Clown</class>
  <method>setX</method>
  <thread>17</thread>
  <message>clown moved right</message>
</record>
<record>
  <date>2018-12-23T16:05:59.431360100Z</date>
  <millis>1545581159431</millis>
  <nanos>360100</nanos>
  <sequence>49</sequence>
  <logger>model.gameWorld.MyLogger</logger>
  <level>INFO</level>
  <class>model.gameObjects.shapes.plate.PlateFactory</class>
  <method>getBatmanLogo</method>
  <thread>17</thread>
  <message>batman logo instance is returned from factory </message>
</record>
<record>
  <date>2018-12-23T16:05:59.437835200Z</date>
  <millis>1545581159437</millis>
  <nanos>835200</nanos>
  <sequence>50</sequence>
  <logger>model.gameWorld.MyLogger</logger>
  <level>INFO</level>
  <class>model.gameObjects.shapes.plate.PlateFactory</class>
  <method>getHarleyLogo</method>
  <thread>17</thread>
  <message>harley logo instance is returned from factory </message>
</record>
<record>
  <date>2018-12-23T16:05:59.604725700Z</date>
  <millis>1545581159604</millis>
  <nanos>725700</nanos>
  <sequence>51</sequence>
  <logger>model.gameWorld.MyLogger</logger>
  <level>INFO</level>
  <class>model.gameObjects.Clown</class>
  <method>intersectStacks</method>
  <thread>17</thread>
  <message>intersection of plate with right stack</message>
</record>
<record>
  <date>2018-12-23T16:05:59.605229400Z</date>
  <millis>1545581159605</millis>
  <nanos>229400</nanos>
  <sequence>52</sequence>
  <logger>model.gameWorld.MyLogger</logger>
  <level>INFO</level>
  <class>model.gameObjects.Clown</class>
  <method>intersectStacks</method>
  <thread>17</thread>
  <message>plate addded to right stack</message>
</record>
<record>
  <date>2018-12-23T16:06:00.021887500Z</date>
  <millis>1545581160021</millis>
  <nanos>887500</nanos>
  <sequence>53</sequence>
  <logger>model.gameWorld.MyLogger</logger>
  <level>INFO</level>
  <class>model.gameObjects.Clown</class>
  <method>setX</method>
  <thread>17</thread>
  <message>clown moved left</message>
</record>
<record>
  <date>2018-12-23T16:06:00.509864800Z</date>
  <millis>1545581160509</millis>
  <nanos>864800</nanos>
  <sequence>54</sequence>
  <logger>model.gameWorld.MyLogger</logger>
  <level>INFO</level>
  <class>model.gameObjects.Clown</class>
  <method>setX</method>
  <thread>17</thread>
  <message>clown moved left</message>
</record>
<record>
  <date>2018-12-23T16:06:00.541278200Z</date>
  <millis>1545581160541</millis>
  <nanos>278200</nanos>
  <sequence>55</sequence>
  <logger>model.gameWorld.MyLogger</logger>
  <level>INFO</level>
  <class>model.gameObjects.Clown</class>
  <method>setX</method>
  <thread>17</thread>
  <message>clown moved left</message>
</record>
<record>
  <date>2018-12-23T16:06:00.575055300Z</date>
  <millis>1545581160575</millis>
  <nanos>55300</nanos>
  <sequence>56</sequence>
  <logger>model.gameWorld.MyLogger</logger>
  <level>INFO</level>
  <class>model.gameObjects.Clown</class>
  <method>setX</method>
  <thread>17</thread>
  <message>clown moved left</message>
</record>
<record>
  <date>2018-12-23T16:06:00.605054100Z</date>
  <millis>1545581160605</millis>
  <nanos>54100</nanos>
  <sequence>57</sequence>
  <logger>model.gameWorld.MyLogger</logger>
  <level>INFO</level>
  <class>model.gameObjects.Clown</class>
  <method>setX</method>
  <thread>17</thread>
  <message>clown moved left</message>
</record>
<record>
  <date>2018-12-23T16:06:00.638881600Z</date>
  <millis>1545581160638</millis>
  <nanos>881600</nanos>
  <sequence>58</sequence>
  <logger>model.gameWorld.MyLogger</logger>
  <level>INFO</level>
  <class>model.gameObjects.Clown</class>
  <method>setX</method>
  <thread>17</thread>
  <message>clown moved left</message>
</record>
<record>
  <date>2018-12-23T16:06:00.671247600Z</date>
  <millis>1545581160671</millis>
  <nanos>247600</nanos>
  <sequence>59</sequence>
  <logger>model.gameWorld.MyLogger</logger>
  <level>INFO</level>
  <class>model.gameObjects.Clown</class>
  <method>setX</method>
  <thread>17</thread>
  <message>clown moved left</message>
</record>
<record>
  <date>2018-12-23T16:06:01.864311800Z</date>
  <millis>1545581161864</millis>
  <nanos>311800</nanos>
  <sequence>60</sequence>
  <logger>model.gameWorld.MyLogger</logger>
  <level>INFO</level>
  <class>model.gameObjects.Clown</class>
  <method>intersectStacks</method>
  <thread>17</thread>
  <message>intersection of harleyquinn with left stack</message>
</record>
<record>
  <date>2018-12-23T16:06:01.864774900Z</date>
  <millis>1545581161864</millis>
  <nanos>774900</nanos>
  <sequence>61</sequence>
  <logger>model.gameWorld.MyLogger</logger>
  <level>INFO</level>
  <class>model.gameWorld.GameWorld</class>
  <method>saveSnapshot</method>
  <thread>17</thread>
  <message>Created Checkpoint</message>
</record>
<record>
  <date>2018-12-23T16:06:01.865276100Z</date>
  <millis>1545581161865</millis>
  <nanos>276100</nanos>
  <sequence>62</sequence>
  <logger>model.gameWorld.MyLogger</logger>
  <level>WARNING</level>
  <class>model.gameWorld.GameWorld</class>
  <method>refresh</method>
  <thread>17</thread>
  <message>harley quinn saves a checkpoint</message>
</record>
<record>
  <date>2018-12-23T16:06:01.865276100Z</date>
  <millis>1545581161865</millis>
  <nanos>276100</nanos>
  <sequence>63</sequence>
  <logger>model.gameWorld.MyLogger</logger>
  <level>WARNING</level>
  <class>model.gameWorld.GameWorld</class>
  <method>refresh</method>
  <thread>17</thread>
  <message>harley quinn affects score up</message>
</record>
<record>
  <date>2018-12-23T16:06:04.316668500Z</date>
  <millis>1545581164316</millis>
  <nanos>668500</nanos>
  <sequence>64</sequence>
  <logger>model.gameWorld.MyLogger</logger>
  <level>INFO</level>
  <class>model.gameObjects.Clown</class>
  <method>intersectStacks</method>
  <thread>17</thread>
  <message>intersection of plate with right stack</message>
</record>
<record>
  <date>2018-12-23T16:06:04.317660100Z</date>
  <millis>1545581164317</millis>
  <nanos>660100</nanos>
  <sequence>65</sequence>
  <logger>model.gameWorld.MyLogger</logger>
  <level>INFO</level>
  <class>model.gameObjects.Clown</class>
  <method>intersectStacks</method>
  <thread>17</thread>
  <message>plate addded to right stack</message>
</record>
<record>
  <date>2018-12-23T16:06:06.001661Z</date>
  <millis>1545581166001</millis>
  <nanos>661000</nanos>
  <sequence>66</sequence>
  <logger>model.gameWorld.MyLogger</logger>
  <level>INFO</level>
  <class>model.gameObjects.Clown</class>
  <method>intersectStacks</method>
  <thread>17</thread>
  <message>intersection of plate with right stack</message>
</record>
<record>
  <date>2018-12-23T16:06:06.002161100Z</date>
  <millis>1545581166002</millis>
  <nanos>161100</nanos>
  <sequence>67</sequence>
  <logger>model.gameWorld.MyLogger</logger>
  <level>INFO</level>
  <class>model.gameObjects.Clown</class>
  <method>intersectStacks</method>
  <thread>17</thread>
  <message>plate addded to right stack</message>
</record>
<record>
  <date>2018-12-23T16:06:06.002161100Z</date>
  <millis>1545581166002</millis>
  <nanos>161100</nanos>
  <sequence>68</sequence>
  <logger>model.gameWorld.MyLogger</logger>
  <level>WARNING</level>
  <class>model.gameObjects.shapes.plate.PlatesPool</class>
  <method>PopPlate</method>
  <thread>17</thread>
  <message>pool is empty</message>
</record>
<record>
  <date>2018-12-23T16:06:06.002161100Z</date>
  <millis>1545581166002</millis>
  <nanos>161100</nanos>
  <sequence>69</sequence>
  <logger>model.gameWorld.MyLogger</logger>
  <level>INFO</level>
  <class>model.gameObjects.shapes.plate.PlateFactory</class>
  <method>getPlate</method>
  <thread>17</thread>
  <message>oval Plate instance is returned from factory </message>
</record>
<record>
  <date>2018-12-23T16:06:09.435093700Z</date>
  <millis>1545581169435</millis>
  <nanos>93700</nanos>
  <sequence>70</sequence>
  <logger>model.gameWorld.MyLogger</logger>
  <level>INFO</level>
  <class>model.gameObjects.shapes.plate.PlateFactory</class>
  <method>getBatmanLogo</method>
  <thread>17</thread>
  <message>batman logo instance is returned from factory </message>
</record>
<record>
  <date>2018-12-23T16:06:09.439028800Z</date>
  <millis>1545581169439</millis>
  <nanos>28800</nanos>
  <sequence>71</sequence>
  <logger>model.gameWorld.MyLogger</logger>
  <level>INFO</level>
  <class>model.gameObjects.shapes.plate.PlateFactory</class>
  <method>getHarleyLogo</method>
  <thread>17</thread>
  <message>harley logo instance is returned from factory </message>
</record>
</log>
