<?xml version="1.0" encoding="windows-1256" standalone="no"?>
<!DOCTYPE log SYSTEM "logger.dtd">
<log>
<record>
  <date>2018-12-23T16:47:03</date>
  <millis>1545576423847</millis>
  <sequence>0</sequence>
  <logger>model.gameWorld.MyLogger</logger>
  <level>WARNING</level>
  <class>model.gameObjects.shapes.plate.PlatesPool</class>
  <method>PopPlate</method>
  <thread>14</thread>
  <message>pool is empty</message>
</record>
<record>
  <date>2018-12-23T16:47:03</date>
  <millis>1545576423849</millis>
  <sequence>1</sequence>
  <logger>model.gameWorld.MyLogger</logger>
  <level>INFO</level>
  <class>model.gameObjects.shapes.plate.PlateFactory</class>
  <method>getPlate</method>
  <thread>14</thread>
  <message>oval Plate instance is returned from factory </message>
</record>
<record>
  <date>2018-12-23T16:47:03</date>
  <millis>1545576423860</millis>
  <sequence>2</sequence>
  <logger>model.gameWorld.MyLogger</logger>
  <level>WARNING</level>
  <class>model.gameObjects.shapes.plate.PlatesPool</class>
  <method>PopPlate</method>
  <thread>14</thread>
  <message>pool is empty</message>
</record>
<record>
  <date>2018-12-23T16:47:03</date>
  <millis>1545576423860</millis>
  <sequence>3</sequence>
  <logger>model.gameWorld.MyLogger</logger>
  <level>INFO</level>
  <class>model.gameObjects.shapes.plate.PlateFactory</class>
  <method>getPlate</method>
  <thread>14</thread>
  <message>rectanglar Plate instance is returned from factory </message>
</record>
<record>
  <date>2018-12-23T16:47:03</date>
  <millis>1545576423862</millis>
  <sequence>4</sequence>
  <logger>model.gameWorld.MyLogger</logger>
  <level>WARNING</level>
  <class>model.gameObjects.shapes.plate.PlatesPool</class>
  <method>PopPlate</method>
  <thread>14</thread>
  <message>pool is empty</message>
</record>
<record>
  <date>2018-12-23T16:47:03</date>
  <millis>1545576423863</millis>
  <sequence>5</sequence>
  <logger>model.gameWorld.MyLogger</logger>
  <level>INFO</level>
  <class>model.gameObjects.shapes.plate.PlateFactory</class>
  <method>getPlate</method>
  <thread>14</thread>
  <message>rectanglar Plate instance is returned from factory </message>
</record>
<record>
  <date>2018-12-23T16:47:03</date>
  <millis>1545576423863</millis>
  <sequence>6</sequence>
  <logger>model.gameWorld.MyLogger</logger>
  <level>WARNING</level>
  <class>model.gameObjects.shapes.plate.PlatesPool</class>
  <method>PopPlate</method>
  <thread>14</thread>
  <message>pool is empty</message>
</record>
<record>
  <date>2018-12-23T16:47:03</date>
  <millis>1545576423864</millis>
  <sequence>7</sequence>
  <logger>model.gameWorld.MyLogger</logger>
  <level>INFO</level>
  <class>model.gameObjects.shapes.plate.PlateFactory</class>
  <method>getPlate</method>
  <thread>14</thread>
  <message>rectanglar Plate instance is returned from factory </message>
</record>
<record>
  <date>2018-12-23T16:47:03</date>
  <millis>1545576423865</millis>
  <sequence>8</sequence>
  <logger>model.gameWorld.MyLogger</logger>
  <level>WARNING</level>
  <class>model.gameObjects.shapes.plate.PlatesPool</class>
  <method>PopPlate</method>
  <thread>14</thread>
  <message>pool is empty</message>
</record>
<record>
  <date>2018-12-23T16:47:03</date>
  <millis>1545576423866</millis>
  <sequence>9</sequence>
  <logger>model.gameWorld.MyLogger</logger>
  <level>INFO</level>
  <class>model.gameObjects.shapes.plate.PlateFactory</class>
  <method>getPlate</method>
  <thread>14</thread>
  <message>rectanglar Plate instance is returned from factory </message>
</record>
<record>
  <date>2018-12-23T16:47:03</date>
  <millis>1545576423866</millis>
  <sequence>10</sequence>
  <logger>model.gameWorld.MyLogger</logger>
  <level>WARNING</level>
  <class>model.gameObjects.shapes.plate.PlatesPool</class>
  <method>PopPlate</method>
  <thread>14</thread>
  <message>pool is empty</message>
</record>
<record>
  <date>2018-12-23T16:47:03</date>
  <millis>1545576423867</millis>
  <sequence>11</sequence>
  <logger>model.gameWorld.MyLogger</logger>
  <level>INFO</level>
  <class>model.gameObjects.shapes.plate.PlateFactory</class>
  <method>getPlate</method>
  <thread>14</thread>
  <message>rectanglar Plate instance is returned from factory </message>
</record>
<record>
  <date>2018-12-23T16:47:04</date>
  <millis>1545576424556</millis>
  <sequence>12</sequence>
  <logger>model.gameWorld.MyLogger</logger>
  <level>INFO</level>
  <class>model.gameObjects.Clown</class>
  <method>setX</method>
  <thread>14</thread>
  <message>clown moved right</message>
</record>
<record>
  <date>2018-12-23T16:47:04</date>
  <millis>1545576424768</millis>
  <sequence>13</sequence>
  <logger>model.gameWorld.MyLogger</logger>
  <level>INFO</level>
  <class>model.gameObjects.Clown</class>
  <method>setX</method>
  <thread>14</thread>
  <message>clown moved right</message>
</record>
<record>
  <date>2018-12-23T16:47:05</date>
  <millis>1545576425711</millis>
  <sequence>14</sequence>
  <logger>model.gameWorld.MyLogger</logger>
  <level>INFO</level>
  <class>model.gameObjects.Clown</class>
  <method>setX</method>
  <thread>14</thread>
  <message>clown moved right</message>
</record>
<record>
  <date>2018-12-23T16:47:06</date>
  <millis>1545576426226</millis>
  <sequence>15</sequence>
  <logger>model.gameWorld.MyLogger</logger>
  <level>INFO</level>
  <class>model.gameObjects.Clown</class>
  <method>intersectStacks</method>
  <thread>14</thread>
  <message>intersection of plate with left stack</message>
</record>
<record>
  <date>2018-12-23T16:47:06</date>
  <millis>1545576426227</millis>
  <sequence>16</sequence>
  <logger>model.gameWorld.MyLogger</logger>
  <level>INFO</level>
  <class>model.gameObjects.Clown</class>
  <method>intersectStacks</method>
  <thread>14</thread>
  <message>plate addded to left stack</message>
</record>
<record>
  <date>2018-12-23T16:47:06</date>
  <millis>1545576426228</millis>
  <sequence>17</sequence>
  <logger>model.gameWorld.MyLogger</logger>
  <level>WARNING</level>
  <class>model.gameObjects.shapes.plate.PlatesPool</class>
  <method>PopPlate</method>
  <thread>14</thread>
  <message>pool is empty</message>
</record>
<record>
  <date>2018-12-23T16:47:06</date>
  <millis>1545576426229</millis>
  <sequence>18</sequence>
  <logger>model.gameWorld.MyLogger</logger>
  <level>INFO</level>
  <class>model.gameObjects.shapes.plate.PlateFactory</class>
  <method>getPlate</method>
  <thread>14</thread>
  <message>rectanglar Plate instance is returned from factory </message>
</record>
<record>
  <date>2018-12-23T16:47:06</date>
  <millis>1545576426313</millis>
  <sequence>19</sequence>
  <logger>model.gameWorld.MyLogger</logger>
  <level>INFO</level>
  <class>model.gameObjects.Clown</class>
  <method>intersectStacks</method>
  <thread>14</thread>
  <message>intersection of plate with left stack</message>
</record>
<record>
  <date>2018-12-23T16:47:06</date>
  <millis>1545576426314</millis>
  <sequence>20</sequence>
  <logger>model.gameWorld.MyLogger</logger>
  <level>INFO</level>
  <class>model.gameObjects.Clown</class>
  <method>intersectStacks</method>
  <thread>14</thread>
  <message>plate addded to left stack</message>
</record>
<record>
  <date>2018-12-23T16:47:06</date>
  <millis>1545576426314</millis>
  <sequence>21</sequence>
  <logger>model.gameWorld.MyLogger</logger>
  <level>WARNING</level>
  <class>model.gameObjects.shapes.plate.PlatesPool</class>
  <method>PopPlate</method>
  <thread>14</thread>
  <message>pool is empty</message>
</record>
<record>
  <date>2018-12-23T16:47:06</date>
  <millis>1545576426315</millis>
  <sequence>22</sequence>
  <logger>model.gameWorld.MyLogger</logger>
  <level>INFO</level>
  <class>model.gameObjects.shapes.plate.PlateFactory</class>
  <method>getPlate</method>
  <thread>14</thread>
  <message>oval Plate instance is returned from factory </message>
</record>
<record>
  <date>2018-12-23T16:47:06</date>
  <millis>1545576426630</millis>
  <sequence>23</sequence>
  <logger>model.gameWorld.MyLogger</logger>
  <level>INFO</level>
  <class>model.gameObjects.Clown</class>
  <method>setX</method>
  <thread>14</thread>
  <message>clown moved left</message>
</record>
<record>
  <date>2018-12-23T16:47:06</date>
  <millis>1545576426967</millis>
  <sequence>24</sequence>
  <logger>model.gameWorld.MyLogger</logger>
  <level>INFO</level>
  <class>model.gameObjects.Clown</class>
  <method>setX</method>
  <thread>14</thread>
  <message>clown moved right</message>
</record>
<record>
  <date>2018-12-23T16:47:07</date>
  <millis>1545576427143</millis>
  <sequence>25</sequence>
  <logger>model.gameWorld.MyLogger</logger>
  <level>INFO</level>
  <class>model.gameObjects.Clown</class>
  <method>setX</method>
  <thread>14</thread>
  <message>clown moved right</message>
</record>
<record>
  <date>2018-12-23T16:47:07</date>
  <millis>1545576427646</millis>
  <sequence>26</sequence>
  <logger>model.gameWorld.MyLogger</logger>
  <level>INFO</level>
  <class>model.gameObjects.Clown</class>
  <method>setX</method>
  <thread>14</thread>
  <message>clown moved right</message>
</record>
<record>
  <date>2018-12-23T16:47:07</date>
  <millis>1545576427690</millis>
  <sequence>27</sequence>
  <logger>model.gameWorld.MyLogger</logger>
  <level>INFO</level>
  <class>model.gameObjects.Clown</class>
  <method>setX</method>
  <thread>14</thread>
  <message>clown moved right</message>
</record>
<record>
  <date>2018-12-23T16:47:07</date>
  <millis>1545576427733</millis>
  <sequence>28</sequence>
  <logger>model.gameWorld.MyLogger</logger>
  <level>INFO</level>
  <class>model.gameObjects.Clown</class>
  <method>setX</method>
  <thread>14</thread>
  <message>clown moved right</message>
</record>
<record>
  <date>2018-12-23T16:47:07</date>
  <millis>1545576427779</millis>
  <sequence>29</sequence>
  <logger>model.gameWorld.MyLogger</logger>
  <level>INFO</level>
  <class>model.gameObjects.Clown</class>
  <method>setX</method>
  <thread>14</thread>
  <message>clown moved right</message>
</record>
<record>
  <date>2018-12-23T16:47:07</date>
  <millis>1545576427822</millis>
  <sequence>30</sequence>
  <logger>model.gameWorld.MyLogger</logger>
  <level>INFO</level>
  <class>model.gameObjects.Clown</class>
  <method>setX</method>
  <thread>14</thread>
  <message>clown moved right</message>
</record>
<record>
  <date>2018-12-23T16:47:07</date>
  <millis>1545576427858</millis>
  <sequence>31</sequence>
  <logger>model.gameWorld.MyLogger</logger>
  <level>INFO</level>
  <class>model.gameObjects.Clown</class>
  <method>setX</method>
  <thread>14</thread>
  <message>clown moved right</message>
</record>
<record>
  <date>2018-12-23T16:47:07</date>
  <millis>1545576427900</millis>
  <sequence>32</sequence>
  <logger>model.gameWorld.MyLogger</logger>
  <level>INFO</level>
  <class>model.gameObjects.Clown</class>
  <method>setX</method>
  <thread>14</thread>
  <message>clown moved right</message>
</record>
<record>
  <date>2018-12-23T16:47:07</date>
  <millis>1545576427942</millis>
  <sequence>33</sequence>
  <logger>model.gameWorld.MyLogger</logger>
  <level>INFO</level>
  <class>model.gameObjects.Clown</class>
  <method>setX</method>
  <thread>14</thread>
  <message>clown moved right</message>
</record>
<record>
  <date>2018-12-23T16:47:07</date>
  <millis>1545576427984</millis>
  <sequence>34</sequence>
  <logger>model.gameWorld.MyLogger</logger>
  <level>INFO</level>
  <class>model.gameObjects.Clown</class>
  <method>setX</method>
  <thread>14</thread>
  <message>clown moved right</message>
</record>
<record>
  <date>2018-12-23T16:47:08</date>
  <millis>1545576428022</millis>
  <sequence>35</sequence>
  <logger>model.gameWorld.MyLogger</logger>
  <level>INFO</level>
  <class>model.gameObjects.Clown</class>
  <method>setX</method>
  <thread>14</thread>
  <message>clown moved right</message>
</record>
<record>
  <date>2018-12-23T16:47:08</date>
  <millis>1545576428064</millis>
  <sequence>36</sequence>
  <logger>model.gameWorld.MyLogger</logger>
  <level>INFO</level>
  <class>model.gameObjects.Clown</class>
  <method>setX</method>
  <thread>14</thread>
  <message>clown moved right</message>
</record>
<record>
  <date>2018-12-23T16:47:08</date>
  <millis>1545576428106</millis>
  <sequence>37</sequence>
  <logger>model.gameWorld.MyLogger</logger>
  <level>INFO</level>
  <class>model.gameObjects.Clown</class>
  <method>setX</method>
  <thread>14</thread>
  <message>clown moved right</message>
</record>
<record>
  <date>2018-12-23T16:47:08</date>
  <millis>1545576428149</millis>
  <sequence>38</sequence>
  <logger>model.gameWorld.MyLogger</logger>
  <level>INFO</level>
  <class>model.gameObjects.Clown</class>
  <method>setX</method>
  <thread>14</thread>
  <message>clown moved right</message>
</record>
<record>
  <date>2018-12-23T16:47:08</date>
  <millis>1545576428188</millis>
  <sequence>39</sequence>
  <logger>model.gameWorld.MyLogger</logger>
  <level>INFO</level>
  <class>model.gameObjects.Clown</class>
  <method>setX</method>
  <thread>14</thread>
  <message>clown moved right</message>
</record>
<record>
  <date>2018-12-23T16:47:08</date>
  <millis>1545576428229</millis>
  <sequence>40</sequence>
  <logger>model.gameWorld.MyLogger</logger>
  <level>INFO</level>
  <class>model.gameObjects.Clown</class>
  <method>setX</method>
  <thread>14</thread>
  <message>clown moved right</message>
</record>
<record>
  <date>2018-12-23T16:47:08</date>
  <millis>1545576428272</millis>
  <sequence>41</sequence>
  <logger>model.gameWorld.MyLogger</logger>
  <level>INFO</level>
  <class>model.gameObjects.Clown</class>
  <method>setX</method>
  <thread>14</thread>
  <message>clown moved right</message>
</record>
<record>
  <date>2018-12-23T16:47:08</date>
  <millis>1545576428315</millis>
  <sequence>42</sequence>
  <logger>model.gameWorld.MyLogger</logger>
  <level>INFO</level>
  <class>model.gameObjects.Clown</class>
  <method>setX</method>
  <thread>14</thread>
  <message>clown moved right</message>
</record>
<record>
  <date>2018-12-23T16:47:08</date>
  <millis>1545576428358</millis>
  <sequence>43</sequence>
  <logger>model.gameWorld.MyLogger</logger>
  <level>INFO</level>
  <class>model.gameObjects.Clown</class>
  <method>setX</method>
  <thread>14</thread>
  <message>clown moved right</message>
</record>
<record>
  <date>2018-12-23T16:47:10</date>
  <millis>1545576430004</millis>
  <sequence>44</sequence>
  <logger>model.gameWorld.MyLogger</logger>
  <level>INFO</level>
  <class>model.gameObjects.Clown</class>
  <method>setX</method>
  <thread>14</thread>
  <message>clown moved left</message>
</record>
<record>
  <date>2018-12-23T16:47:10</date>
  <millis>1545576430205</millis>
  <sequence>45</sequence>
  <logger>model.gameWorld.MyLogger</logger>
  <level>INFO</level>
  <class>model.gameObjects.Clown</class>
  <method>setX</method>
  <thread>14</thread>
  <message>clown moved left</message>
</record>
<record>
  <date>2018-12-23T16:47:10</date>
  <millis>1545576430206</millis>
  <sequence>46</sequence>
  <logger>model.gameWorld.MyLogger</logger>
  <level>INFO</level>
  <class>model.gameObjects.Clown</class>
  <method>intersectStacks</method>
  <thread>14</thread>
  <message>intersection of plate with left stack</message>
</record>
<record>
  <date>2018-12-23T16:47:10</date>
  <millis>1545576430207</millis>
  <sequence>47</sequence>
  <logger>model.gameWorld.MyLogger</logger>
  <level>INFO</level>
  <class>model.gameObjects.Clown</class>
  <method>intersectStacks</method>
  <thread>14</thread>
  <message>plate addded to left stack</message>
</record>
<record>
  <date>2018-12-23T16:47:10</date>
  <millis>1545576430207</millis>
  <sequence>48</sequence>
  <logger>model.gameWorld.MyLogger</logger>
  <level>WARNING</level>
  <class>model.gameObjects.shapes.plate.PlatesPool</class>
  <method>PopPlate</method>
  <thread>14</thread>
  <message>pool is empty</message>
</record>
<record>
  <date>2018-12-23T16:47:10</date>
  <millis>1545576430208</millis>
  <sequence>49</sequence>
  <logger>model.gameWorld.MyLogger</logger>
  <level>INFO</level>
  <class>model.gameObjects.shapes.plate.PlateFactory</class>
  <method>getPlate</method>
  <thread>14</thread>
  <message>rectanglar Plate instance is returned from factory </message>
</record>
<record>
  <date>2018-12-23T16:47:10</date>
  <millis>1545576430540</millis>
  <sequence>50</sequence>
  <logger>model.gameWorld.MyLogger</logger>
  <level>INFO</level>
  <class>model.gameObjects.Clown</class>
  <method>setX</method>
  <thread>14</thread>
  <message>clown moved left</message>
</record>
<record>
  <date>2018-12-23T16:47:10</date>
  <millis>1545576430790</millis>
  <sequence>51</sequence>
  <logger>model.gameWorld.MyLogger</logger>
  <level>INFO</level>
  <class>model.gameObjects.Clown</class>
  <method>setX</method>
  <thread>14</thread>
  <message>clown moved right</message>
</record>
<record>
  <date>2018-12-23T16:47:11</date>
  <millis>1545576431281</millis>
  <sequence>52</sequence>
  <logger>model.gameWorld.MyLogger</logger>
  <level>INFO</level>
  <class>model.gameObjects.Clown</class>
  <method>setX</method>
  <thread>14</thread>
  <message>clown moved right</message>
</record>
<record>
  <date>2018-12-23T16:47:11</date>
  <millis>1545576431443</millis>
  <sequence>53</sequence>
  <logger>model.gameWorld.MyLogger</logger>
  <level>INFO</level>
  <class>model.gameObjects.Clown</class>
  <method>setX</method>
  <thread>14</thread>
  <message>clown moved right</message>
</record>
<record>
  <date>2018-12-23T16:47:11</date>
  <millis>1545576431745</millis>
  <sequence>54</sequence>
  <logger>model.gameWorld.MyLogger</logger>
  <level>INFO</level>
  <class>model.gameObjects.Clown</class>
  <method>setX</method>
  <thread>14</thread>
  <message>clown moved right</message>
</record>
<record>
  <date>2018-12-23T16:47:12</date>
  <millis>1545576432081</millis>
  <sequence>55</sequence>
  <logger>model.gameWorld.MyLogger</logger>
  <level>INFO</level>
  <class>model.gameObjects.Clown</class>
  <method>setX</method>
  <thread>14</thread>
  <message>clown moved left</message>
</record>
<record>
  <date>2018-12-23T16:47:12</date>
  <millis>1545576432533</millis>
  <sequence>56</sequence>
  <logger>model.gameWorld.MyLogger</logger>
  <level>INFO</level>
  <class>model.gameObjects.Clown</class>
  <method>intersectStacks</method>
  <thread>14</thread>
  <message>intersection of plate with left stack</message>
</record>
<record>
  <date>2018-12-23T16:47:12</date>
  <millis>1545576432533</millis>
  <sequence>57</sequence>
  <logger>model.gameWorld.MyLogger</logger>
  <level>INFO</level>
  <class>model.gameObjects.Clown</class>
  <method>intersectStacks</method>
  <thread>14</thread>
  <message>plate addded to left stack</message>
</record>
<record>
  <date>2018-12-23T16:47:12</date>
  <millis>1545576432903</millis>
  <sequence>58</sequence>
  <logger>model.gameWorld.MyLogger</logger>
  <level>INFO</level>
  <class>model.gameObjects.Clown</class>
  <method>setX</method>
  <thread>14</thread>
  <message>clown moved left</message>
</record>
<record>
  <date>2018-12-23T16:47:13</date>
  <millis>1545576433402</millis>
  <sequence>59</sequence>
  <logger>model.gameWorld.MyLogger</logger>
  <level>INFO</level>
  <class>model.gameObjects.Clown</class>
  <method>setX</method>
  <thread>14</thread>
  <message>clown moved right</message>
</record>
</log>
