<?xml version="1.0" encoding="windows-1256" standalone="no"?>
<!DOCTYPE log SYSTEM "logger.dtd">
<log>
<record>
  <date>2018-12-23T16:43:04</date>
  <millis>1545576184618</millis>
  <sequence>0</sequence>
  <logger>model.gameWorld.MyLogger</logger>
  <level>WARNING</level>
  <class>model.gameObjects.shapes.plate.PlatesPool</class>
  <method>PopPlate</method>
  <thread>14</thread>
  <message>pool is empty</message>
</record>
<record>
  <date>2018-12-23T16:43:04</date>
  <millis>1545576184620</millis>
  <sequence>1</sequence>
  <logger>model.gameWorld.MyLogger</logger>
  <level>INFO</level>
  <class>model.gameObjects.shapes.plate.PlateFactory</class>
  <method>getPlate</method>
  <thread>14</thread>
  <message>rectanglar Plate instance is returned from factory </message>
</record>
<record>
  <date>2018-12-23T16:43:04</date>
  <millis>1545576184624</millis>
  <sequence>2</sequence>
  <logger>model.gameWorld.MyLogger</logger>
  <level>WARNING</level>
  <class>model.gameObjects.shapes.plate.PlatesPool</class>
  <method>PopPlate</method>
  <thread>14</thread>
  <message>pool is empty</message>
</record>
<record>
  <date>2018-12-23T16:43:04</date>
  <millis>1545576184625</millis>
  <sequence>3</sequence>
  <logger>model.gameWorld.MyLogger</logger>
  <level>INFO</level>
  <class>model.gameObjects.shapes.plate.PlateFactory</class>
  <method>getPlate</method>
  <thread>14</thread>
  <message>oval Plate instance is returned from factory </message>
</record>
<record>
  <date>2018-12-23T16:43:04</date>
  <millis>1545576184634</millis>
  <sequence>4</sequence>
  <logger>model.gameWorld.MyLogger</logger>
  <level>WARNING</level>
  <class>model.gameObjects.shapes.plate.PlatesPool</class>
  <method>PopPlate</method>
  <thread>14</thread>
  <message>pool is empty</message>
</record>
<record>
  <date>2018-12-23T16:43:04</date>
  <millis>1545576184634</millis>
  <sequence>5</sequence>
  <logger>model.gameWorld.MyLogger</logger>
  <level>INFO</level>
  <class>model.gameObjects.shapes.plate.PlateFactory</class>
  <method>getPlate</method>
  <thread>14</thread>
  <message>rectanglar Plate instance is returned from factory </message>
</record>
<record>
  <date>2018-12-23T16:43:04</date>
  <millis>1545576184635</millis>
  <sequence>6</sequence>
  <logger>model.gameWorld.MyLogger</logger>
  <level>WARNING</level>
  <class>model.gameObjects.shapes.plate.PlatesPool</class>
  <method>PopPlate</method>
  <thread>14</thread>
  <message>pool is empty</message>
</record>
<record>
  <date>2018-12-23T16:43:04</date>
  <millis>1545576184636</millis>
  <sequence>7</sequence>
  <logger>model.gameWorld.MyLogger</logger>
  <level>INFO</level>
  <class>model.gameObjects.shapes.plate.PlateFactory</class>
  <method>getPlate</method>
  <thread>14</thread>
  <message>rectanglar Plate instance is returned from factory </message>
</record>
<record>
  <date>2018-12-23T16:43:04</date>
  <millis>1545576184636</millis>
  <sequence>8</sequence>
  <logger>model.gameWorld.MyLogger</logger>
  <level>WARNING</level>
  <class>model.gameObjects.shapes.plate.PlatesPool</class>
  <method>PopPlate</method>
  <thread>14</thread>
  <message>pool is empty</message>
</record>
<record>
  <date>2018-12-23T16:43:04</date>
  <millis>1545576184637</millis>
  <sequence>9</sequence>
  <logger>model.gameWorld.MyLogger</logger>
  <level>INFO</level>
  <class>model.gameObjects.shapes.plate.PlateFactory</class>
  <method>getPlate</method>
  <thread>14</thread>
  <message>rectanglar Plate instance is returned from factory </message>
</record>
<record>
  <date>2018-12-23T16:43:04</date>
  <millis>1545576184638</millis>
  <sequence>10</sequence>
  <logger>model.gameWorld.MyLogger</logger>
  <level>WARNING</level>
  <class>model.gameObjects.shapes.plate.PlatesPool</class>
  <method>PopPlate</method>
  <thread>14</thread>
  <message>pool is empty</message>
</record>
<record>
  <date>2018-12-23T16:43:04</date>
  <millis>1545576184638</millis>
  <sequence>11</sequence>
  <logger>model.gameWorld.MyLogger</logger>
  <level>INFO</level>
  <class>model.gameObjects.shapes.plate.PlateFactory</class>
  <method>getPlate</method>
  <thread>14</thread>
  <message>oval Plate instance is returned from factory </message>
</record>
<record>
  <date>2018-12-23T16:43:05</date>
  <millis>1545576185813</millis>
  <sequence>12</sequence>
  <logger>model.gameWorld.MyLogger</logger>
  <level>INFO</level>
  <class>model.gameObjects.Clown</class>
  <method>setX</method>
  <thread>14</thread>
  <message>clown moved left</message>
</record>
<record>
  <date>2018-12-23T16:43:06</date>
  <millis>1545576186122</millis>
  <sequence>13</sequence>
  <logger>model.gameWorld.MyLogger</logger>
  <level>INFO</level>
  <class>model.gameObjects.Clown</class>
  <method>setX</method>
  <thread>14</thread>
  <message>clown moved right</message>
</record>
<record>
  <date>2018-12-23T16:43:06</date>
  <millis>1545576186983</millis>
  <sequence>14</sequence>
  <logger>model.gameWorld.MyLogger</logger>
  <level>INFO</level>
  <class>model.gameObjects.Clown</class>
  <method>intersectStacks</method>
  <thread>14</thread>
  <message>intersection of plate with left stack</message>
</record>
<record>
  <date>2018-12-23T16:43:06</date>
  <millis>1545576186984</millis>
  <sequence>15</sequence>
  <logger>model.gameWorld.MyLogger</logger>
  <level>INFO</level>
  <class>model.gameObjects.Clown</class>
  <method>intersectStacks</method>
  <thread>14</thread>
  <message>plate addded to left stack</message>
</record>
<record>
  <date>2018-12-23T16:43:06</date>
  <millis>1545576186985</millis>
  <sequence>16</sequence>
  <logger>model.gameWorld.MyLogger</logger>
  <level>WARNING</level>
  <class>model.gameObjects.shapes.plate.PlatesPool</class>
  <method>PopPlate</method>
  <thread>14</thread>
  <message>pool is empty</message>
</record>
<record>
  <date>2018-12-23T16:43:06</date>
  <millis>1545576186986</millis>
  <sequence>17</sequence>
  <logger>model.gameWorld.MyLogger</logger>
  <level>INFO</level>
  <class>model.gameObjects.shapes.plate.PlateFactory</class>
  <method>getPlate</method>
  <thread>14</thread>
  <message>oval Plate instance is returned from factory </message>
</record>
<record>
  <date>2018-12-23T16:43:07</date>
  <millis>1545576187080</millis>
  <sequence>18</sequence>
  <logger>model.gameWorld.MyLogger</logger>
  <level>INFO</level>
  <class>model.gameObjects.Clown</class>
  <method>intersectStacks</method>
  <thread>14</thread>
  <message>intersection of plate with left stack</message>
</record>
<record>
  <date>2018-12-23T16:43:07</date>
  <millis>1545576187080</millis>
  <sequence>19</sequence>
  <logger>model.gameWorld.MyLogger</logger>
  <level>INFO</level>
  <class>model.gameObjects.Clown</class>
  <method>intersectStacks</method>
  <thread>14</thread>
  <message>plate addded to left stack</message>
</record>
<record>
  <date>2018-12-23T16:43:07</date>
  <millis>1545576187080</millis>
  <sequence>20</sequence>
  <logger>model.gameWorld.MyLogger</logger>
  <level>WARNING</level>
  <class>model.gameObjects.shapes.plate.PlatesPool</class>
  <method>PopPlate</method>
  <thread>14</thread>
  <message>pool is empty</message>
</record>
<record>
  <date>2018-12-23T16:43:07</date>
  <millis>1545576187081</millis>
  <sequence>21</sequence>
  <logger>model.gameWorld.MyLogger</logger>
  <level>INFO</level>
  <class>model.gameObjects.shapes.plate.PlateFactory</class>
  <method>getPlate</method>
  <thread>14</thread>
  <message>rectanglar Plate instance is returned from factory </message>
</record>
<record>
  <date>2018-12-23T16:43:07</date>
  <millis>1545576187120</millis>
  <sequence>22</sequence>
  <logger>model.gameWorld.MyLogger</logger>
  <level>INFO</level>
  <class>model.gameObjects.Clown</class>
  <method>setX</method>
  <thread>14</thread>
  <message>clown moved right</message>
</record>
<record>
  <date>2018-12-23T16:43:07</date>
  <millis>1545576187579</millis>
  <sequence>23</sequence>
  <logger>model.gameWorld.MyLogger</logger>
  <level>INFO</level>
  <class>model.gameObjects.Clown</class>
  <method>setX</method>
  <thread>14</thread>
  <message>clown moved right</message>
</record>
<record>
  <date>2018-12-23T16:43:08</date>
  <millis>1545576188080</millis>
  <sequence>24</sequence>
  <logger>model.gameWorld.MyLogger</logger>
  <level>INFO</level>
  <class>model.gameObjects.Clown</class>
  <method>setX</method>
  <thread>14</thread>
  <message>clown moved right</message>
</record>
<record>
  <date>2018-12-23T16:43:08</date>
  <millis>1545576188127</millis>
  <sequence>25</sequence>
  <logger>model.gameWorld.MyLogger</logger>
  <level>INFO</level>
  <class>model.gameObjects.Clown</class>
  <method>setX</method>
  <thread>14</thread>
  <message>clown moved right</message>
</record>
<record>
  <date>2018-12-23T16:43:08</date>
  <millis>1545576188161</millis>
  <sequence>26</sequence>
  <logger>model.gameWorld.MyLogger</logger>
  <level>INFO</level>
  <class>model.gameObjects.Clown</class>
  <method>setX</method>
  <thread>14</thread>
  <message>clown moved right</message>
</record>
<record>
  <date>2018-12-23T16:43:08</date>
  <millis>1545576188388</millis>
  <sequence>27</sequence>
  <logger>model.gameWorld.MyLogger</logger>
  <level>INFO</level>
  <class>model.gameObjects.Clown</class>
  <method>setX</method>
  <thread>14</thread>
  <message>clown moved left</message>
</record>
<record>
  <date>2018-12-23T16:43:09</date>
  <millis>1545576189668</millis>
  <sequence>28</sequence>
  <logger>model.gameWorld.MyLogger</logger>
  <level>INFO</level>
  <class>model.gameObjects.Clown</class>
  <method>intersectStacks</method>
  <thread>14</thread>
  <message>intersection of plate with right stack</message>
</record>
<record>
  <date>2018-12-23T16:43:09</date>
  <millis>1545576189669</millis>
  <sequence>29</sequence>
  <logger>model.gameWorld.MyLogger</logger>
  <level>INFO</level>
  <class>model.gameObjects.Clown</class>
  <method>intersectStacks</method>
  <thread>14</thread>
  <message>plate addded to right stack</message>
</record>
<record>
  <date>2018-12-23T16:43:09</date>
  <millis>1545576189670</millis>
  <sequence>30</sequence>
  <logger>model.gameWorld.MyLogger</logger>
  <level>WARNING</level>
  <class>model.gameObjects.shapes.plate.PlatesPool</class>
  <method>PopPlate</method>
  <thread>14</thread>
  <message>pool is empty</message>
</record>
<record>
  <date>2018-12-23T16:43:09</date>
  <millis>1545576189670</millis>
  <sequence>31</sequence>
  <logger>model.gameWorld.MyLogger</logger>
  <level>INFO</level>
  <class>model.gameObjects.shapes.plate.PlateFactory</class>
  <method>getPlate</method>
  <thread>14</thread>
  <message>oval Plate instance is returned from factory </message>
</record>
<record>
  <date>2018-12-23T16:43:09</date>
  <millis>1545576189753</millis>
  <sequence>32</sequence>
  <logger>model.gameWorld.MyLogger</logger>
  <level>INFO</level>
  <class>model.gameObjects.Clown</class>
  <method>setX</method>
  <thread>14</thread>
  <message>clown moved right</message>
</record>
<record>
  <date>2018-12-23T16:43:09</date>
  <millis>1545576189930</millis>
  <sequence>33</sequence>
  <logger>model.gameWorld.MyLogger</logger>
  <level>INFO</level>
  <class>model.gameObjects.Clown</class>
  <method>setX</method>
  <thread>14</thread>
  <message>clown moved right</message>
</record>
<record>
  <date>2018-12-23T16:43:10</date>
  <millis>1545576190090</millis>
  <sequence>34</sequence>
  <logger>model.gameWorld.MyLogger</logger>
  <level>INFO</level>
  <class>model.gameObjects.Clown</class>
  <method>setX</method>
  <thread>14</thread>
  <message>clown moved right</message>
</record>
<record>
  <date>2018-12-23T16:43:10</date>
  <millis>1545576190241</millis>
  <sequence>35</sequence>
  <logger>model.gameWorld.MyLogger</logger>
  <level>INFO</level>
  <class>model.gameObjects.Clown</class>
  <method>setX</method>
  <thread>14</thread>
  <message>clown moved right</message>
</record>
<record>
  <date>2018-12-23T16:43:10</date>
  <millis>1545576190958</millis>
  <sequence>36</sequence>
  <logger>model.gameWorld.MyLogger</logger>
  <level>INFO</level>
  <class>model.gameObjects.Clown</class>
  <method>intersectStacks</method>
  <thread>14</thread>
  <message>intersection of plate with right stack</message>
</record>
<record>
  <date>2018-12-23T16:43:10</date>
  <millis>1545576190959</millis>
  <sequence>37</sequence>
  <logger>model.gameWorld.MyLogger</logger>
  <level>INFO</level>
  <class>model.gameObjects.Clown</class>
  <method>intersectStacks</method>
  <thread>14</thread>
  <message>plate addded to right stack</message>
</record>
<record>
  <date>2018-12-23T16:43:10</date>
  <millis>1545576190960</millis>
  <sequence>38</sequence>
  <logger>model.gameWorld.MyLogger</logger>
  <level>WARNING</level>
  <class>model.gameObjects.shapes.plate.PlatesPool</class>
  <method>PopPlate</method>
  <thread>14</thread>
  <message>pool is empty</message>
</record>
<record>
  <date>2018-12-23T16:43:10</date>
  <millis>1545576190960</millis>
  <sequence>39</sequence>
  <logger>model.gameWorld.MyLogger</logger>
  <level>INFO</level>
  <class>model.gameObjects.shapes.plate.PlateFactory</class>
  <method>getPlate</method>
  <thread>14</thread>
  <message>rectanglar Plate instance is returned from factory </message>
</record>
<record>
  <date>2018-12-23T16:43:11</date>
  <millis>1545576191234</millis>
  <sequence>40</sequence>
  <logger>model.gameWorld.MyLogger</logger>
  <level>INFO</level>
  <class>model.gameObjects.Clown</class>
  <method>setX</method>
  <thread>14</thread>
  <message>clown moved right</message>
</record>
<record>
  <date>2018-12-23T16:43:11</date>
  <millis>1545576191735</millis>
  <sequence>41</sequence>
  <logger>model.gameWorld.MyLogger</logger>
  <level>INFO</level>
  <class>model.gameObjects.Clown</class>
  <method>setX</method>
  <thread>14</thread>
  <message>clown moved right</message>
</record>
<record>
  <date>2018-12-23T16:43:11</date>
  <millis>1545576191778</millis>
  <sequence>42</sequence>
  <logger>model.gameWorld.MyLogger</logger>
  <level>INFO</level>
  <class>model.gameObjects.Clown</class>
  <method>setX</method>
  <thread>14</thread>
  <message>clown moved right</message>
</record>
<record>
  <date>2018-12-23T16:43:11</date>
  <millis>1545576191817</millis>
  <sequence>43</sequence>
  <logger>model.gameWorld.MyLogger</logger>
  <level>INFO</level>
  <class>model.gameObjects.Clown</class>
  <method>setX</method>
  <thread>14</thread>
  <message>clown moved right</message>
</record>
<record>
  <date>2018-12-23T16:43:11</date>
  <millis>1545576191860</millis>
  <sequence>44</sequence>
  <logger>model.gameWorld.MyLogger</logger>
  <level>INFO</level>
  <class>model.gameObjects.Clown</class>
  <method>setX</method>
  <thread>14</thread>
  <message>clown moved right</message>
</record>
<record>
  <date>2018-12-23T16:43:12</date>
  <millis>1545576192072</millis>
  <sequence>45</sequence>
  <logger>model.gameWorld.MyLogger</logger>
  <level>INFO</level>
  <class>model.gameObjects.Clown</class>
  <method>setX</method>
  <thread>14</thread>
  <message>clown moved left</message>
</record>
<record>
  <date>2018-12-23T16:43:12</date>
  <millis>1545576192263</millis>
  <sequence>46</sequence>
  <logger>model.gameWorld.MyLogger</logger>
  <level>INFO</level>
  <class>model.gameObjects.Clown</class>
  <method>setX</method>
  <thread>14</thread>
  <message>clown moved left</message>
</record>
<record>
  <date>2018-12-23T16:43:13</date>
  <millis>1545576193117</millis>
  <sequence>47</sequence>
  <logger>model.gameWorld.MyLogger</logger>
  <level>INFO</level>
  <class>model.gameObjects.shapes.plate.PlateFactory</class>
  <method>getBatmanLogo</method>
  <thread>14</thread>
  <message>batman logo instance is returned from factory </message>
</record>
<record>
  <date>2018-12-23T16:43:13</date>
  <millis>1545576193181</millis>
  <sequence>48</sequence>
  <logger>model.gameWorld.MyLogger</logger>
  <level>INFO</level>
  <class>model.gameObjects.shapes.plate.PlateFactory</class>
  <method>getHarleyLogo</method>
  <thread>14</thread>
  <message>harley logo instance is returned from factory </message>
</record>
<record>
  <date>2018-12-23T16:43:13</date>
  <millis>1545576193489</millis>
  <sequence>49</sequence>
  <logger>model.gameWorld.MyLogger</logger>
  <level>INFO</level>
  <class>model.gameObjects.Clown</class>
  <method>intersectStacks</method>
  <thread>14</thread>
  <message>intersection of plate with right stack</message>
</record>
<record>
  <date>2018-12-23T16:43:13</date>
  <millis>1545576193489</millis>
  <sequence>50</sequence>
  <logger>model.gameWorld.MyLogger</logger>
  <level>INFO</level>
  <class>model.gameObjects.Clown</class>
  <method>intersectStacks</method>
  <thread>14</thread>
  <message>plate addded to right stack</message>
</record>
<record>
  <date>2018-12-23T16:43:13</date>
  <millis>1545576193491</millis>
  <sequence>51</sequence>
  <logger>model.gameWorld.MyLogger</logger>
  <level>WARNING</level>
  <class>model.gameWorld.GameWorld</class>
  <method>refresh</method>
  <thread>14</thread>
  <message>score up</message>
</record>
<record>
  <date>2018-12-23T16:43:13</date>
  <millis>1545576193594</millis>
  <sequence>52</sequence>
  <logger>model.gameWorld.MyLogger</logger>
  <level>INFO</level>
  <class>model.gameObjects.Clown</class>
  <method>setX</method>
  <thread>14</thread>
  <message>clown moved right</message>
</record>
<record>
  <date>2018-12-23T16:43:13</date>
  <millis>1545576193826</millis>
  <sequence>53</sequence>
  <logger>model.gameWorld.MyLogger</logger>
  <level>INFO</level>
  <class>model.gameObjects.Clown</class>
  <method>setX</method>
  <thread>14</thread>
  <message>clown moved right</message>
</record>
<record>
  <date>2018-12-23T16:43:13</date>
  <millis>1545576193992</millis>
  <sequence>54</sequence>
  <logger>model.gameWorld.MyLogger</logger>
  <level>INFO</level>
  <class>model.gameObjects.Clown</class>
  <method>setX</method>
  <thread>14</thread>
  <message>clown moved right</message>
</record>
<record>
  <date>2018-12-23T16:43:14</date>
  <millis>1545576194525</millis>
  <sequence>55</sequence>
  <logger>model.gameWorld.MyLogger</logger>
  <level>INFO</level>
  <class>model.gameObjects.Clown</class>
  <method>setX</method>
  <thread>14</thread>
  <message>clown moved left</message>
</record>
<record>
  <date>2018-12-23T16:43:14</date>
  <millis>1545576194869</millis>
  <sequence>56</sequence>
  <logger>model.gameWorld.MyLogger</logger>
  <level>INFO</level>
  <class>model.gameObjects.Clown</class>
  <method>intersectStacks</method>
  <thread>14</thread>
  <message>intersection of plate with left stack</message>
</record>
<record>
  <date>2018-12-23T16:43:14</date>
  <millis>1545576194870</millis>
  <sequence>57</sequence>
  <logger>model.gameWorld.MyLogger</logger>
  <level>INFO</level>
  <class>model.gameObjects.Clown</class>
  <method>intersectStacks</method>
  <thread>14</thread>
  <message>plate addded to left stack</message>
</record>
<record>
  <date>2018-12-23T16:43:14</date>
  <millis>1545576194941</millis>
  <sequence>58</sequence>
  <logger>model.gameWorld.MyLogger</logger>
  <level>INFO</level>
  <class>model.gameObjects.Clown</class>
  <method>setX</method>
  <thread>14</thread>
  <message>clown moved left</message>
</record>
<record>
  <date>2018-12-23T16:43:15</date>
  <millis>1545576195001</millis>
  <sequence>59</sequence>
  <logger>model.gameWorld.MyLogger</logger>
  <level>INFO</level>
  <class>model.gameObjects.Clown</class>
  <method>intersectStacks</method>
  <thread>14</thread>
  <message>intersection of plate with right stack</message>
</record>
<record>
  <date>2018-12-23T16:43:15</date>
  <millis>1545576195001</millis>
  <sequence>60</sequence>
  <logger>model.gameWorld.MyLogger</logger>
  <level>INFO</level>
  <class>model.gameObjects.Clown</class>
  <method>intersectStacks</method>
  <thread>14</thread>
  <message>plate addded to right stack</message>
</record>
<record>
  <date>2018-12-23T16:43:15</date>
  <millis>1545576195194</millis>
  <sequence>61</sequence>
  <logger>model.gameWorld.MyLogger</logger>
  <level>INFO</level>
  <class>model.gameObjects.Clown</class>
  <method>setX</method>
  <thread>14</thread>
  <message>clown moved right</message>
</record>
<record>
  <date>2018-12-23T16:43:15</date>
  <millis>1545576195483</millis>
  <sequence>62</sequence>
  <logger>model.gameWorld.MyLogger</logger>
  <level>INFO</level>
  <class>model.gameObjects.Clown</class>
  <method>setX</method>
  <thread>14</thread>
  <message>clown moved right</message>
</record>
<record>
  <date>2018-12-23T16:43:15</date>
  <millis>1545576195850</millis>
  <sequence>63</sequence>
  <logger>model.gameWorld.MyLogger</logger>
  <level>INFO</level>
  <class>model.gameObjects.Clown</class>
  <method>setX</method>
  <thread>14</thread>
  <message>clown moved left</message>
</record>
<record>
  <date>2018-12-23T16:43:16</date>
  <millis>1545576196353</millis>
  <sequence>64</sequence>
  <logger>model.gameWorld.MyLogger</logger>
  <level>INFO</level>
  <class>model.gameObjects.Clown</class>
  <method>setX</method>
  <thread>14</thread>
  <message>clown moved left</message>
</record>
<record>
  <date>2018-12-23T16:43:16</date>
  <millis>1545576196397</millis>
  <sequence>65</sequence>
  <logger>model.gameWorld.MyLogger</logger>
  <level>INFO</level>
  <class>model.gameObjects.Clown</class>
  <method>setX</method>
  <thread>14</thread>
  <message>clown moved left</message>
</record>
<record>
  <date>2018-12-23T16:43:16</date>
  <millis>1545576196443</millis>
  <sequence>66</sequence>
  <logger>model.gameWorld.MyLogger</logger>
  <level>INFO</level>
  <class>model.gameObjects.Clown</class>
  <method>setX</method>
  <thread>14</thread>
  <message>clown moved left</message>
</record>
<record>
  <date>2018-12-23T16:43:16</date>
  <millis>1545576196479</millis>
  <sequence>67</sequence>
  <logger>model.gameWorld.MyLogger</logger>
  <level>INFO</level>
  <class>model.gameObjects.Clown</class>
  <method>setX</method>
  <thread>14</thread>
  <message>clown moved left</message>
</record>
<record>
  <date>2018-12-23T16:43:16</date>
  <millis>1545576196520</millis>
  <sequence>68</sequence>
  <logger>model.gameWorld.MyLogger</logger>
  <level>INFO</level>
  <class>model.gameObjects.Clown</class>
  <method>setX</method>
  <thread>14</thread>
  <message>clown moved left</message>
</record>
<record>
  <date>2018-12-23T16:43:16</date>
  <millis>1545576196565</millis>
  <sequence>69</sequence>
  <logger>model.gameWorld.MyLogger</logger>
  <level>INFO</level>
  <class>model.gameObjects.Clown</class>
  <method>setX</method>
  <thread>14</thread>
  <message>clown moved left</message>
</record>
<record>
  <date>2018-12-23T16:43:16</date>
  <millis>1545576196605</millis>
  <sequence>70</sequence>
  <logger>model.gameWorld.MyLogger</logger>
  <level>INFO</level>
  <class>model.gameObjects.Clown</class>
  <method>setX</method>
  <thread>14</thread>
  <message>clown moved left</message>
</record>
<record>
  <date>2018-12-23T16:43:16</date>
  <millis>1545576196648</millis>
  <sequence>71</sequence>
  <logger>model.gameWorld.MyLogger</logger>
  <level>INFO</level>
  <class>model.gameObjects.Clown</class>
  <method>setX</method>
  <thread>14</thread>
  <message>clown moved left</message>
</record>
<record>
  <date>2018-12-23T16:43:16</date>
  <millis>1545576196694</millis>
  <sequence>72</sequence>
  <logger>model.gameWorld.MyLogger</logger>
  <level>INFO</level>
  <class>model.gameObjects.Clown</class>
  <method>setX</method>
  <thread>14</thread>
  <message>clown moved left</message>
</record>
<record>
  <date>2018-12-23T16:43:16</date>
  <millis>1545576196730</millis>
  <sequence>73</sequence>
  <logger>model.gameWorld.MyLogger</logger>
  <level>INFO</level>
  <class>model.gameObjects.Clown</class>
  <method>setX</method>
  <thread>14</thread>
  <message>clown moved left</message>
</record>
<record>
  <date>2018-12-23T16:43:16</date>
  <millis>1545576196882</millis>
  <sequence>74</sequence>
  <logger>model.gameWorld.MyLogger</logger>
  <level>INFO</level>
  <class>model.gameObjects.Clown</class>
  <method>setX</method>
  <thread>14</thread>
  <message>clown moved right</message>
</record>
<record>
  <date>2018-12-23T16:43:17</date>
  <millis>1545576197123</millis>
  <sequence>75</sequence>
  <logger>model.gameWorld.MyLogger</logger>
  <level>INFO</level>
  <class>model.gameObjects.Clown</class>
  <method>intersectStacks</method>
  <thread>14</thread>
  <message>intersection of plate with right stack</message>
</record>
<record>
  <date>2018-12-23T16:43:17</date>
  <millis>1545576197123</millis>
  <sequence>76</sequence>
  <logger>model.gameWorld.MyLogger</logger>
  <level>INFO</level>
  <class>model.gameObjects.Clown</class>
  <method>intersectStacks</method>
  <thread>14</thread>
  <message>plate addded to right stack</message>
</record>
<record>
  <date>2018-12-23T16:43:17</date>
  <millis>1545576197124</millis>
  <sequence>77</sequence>
  <logger>model.gameWorld.MyLogger</logger>
  <level>WARNING</level>
  <class>model.gameObjects.shapes.plate.PlatesPool</class>
  <method>PopPlate</method>
  <thread>14</thread>
  <message>pool is empty</message>
</record>
<record>
  <date>2018-12-23T16:43:17</date>
  <millis>1545576197124</millis>
  <sequence>78</sequence>
  <logger>model.gameWorld.MyLogger</logger>
  <level>INFO</level>
  <class>model.gameObjects.shapes.plate.PlateFactory</class>
  <method>getPlate</method>
  <thread>14</thread>
  <message>rectanglar Plate instance is returned from factory </message>
</record>
<record>
  <date>2018-12-23T16:43:17</date>
  <millis>1545576197198</millis>
  <sequence>79</sequence>
  <logger>model.gameWorld.MyLogger</logger>
  <level>INFO</level>
  <class>model.gameObjects.Clown</class>
  <method>intersectStacks</method>
  <thread>14</thread>
  <message>intersection of plate with right stack</message>
</record>
<record>
  <date>2018-12-23T16:43:17</date>
  <millis>1545576197198</millis>
  <sequence>80</sequence>
  <logger>model.gameWorld.MyLogger</logger>
  <level>INFO</level>
  <class>model.gameObjects.Clown</class>
  <method>intersectStacks</method>
  <thread>14</thread>
  <message>plate addded to right stack</message>
</record>
<record>
  <date>2018-12-23T16:43:17</date>
  <millis>1545576197199</millis>
  <sequence>81</sequence>
  <logger>model.gameWorld.MyLogger</logger>
  <level>WARNING</level>
  <class>model.gameWorld.GameWorld</class>
  <method>refresh</method>
  <thread>14</thread>
  <message>score up</message>
</record>
<record>
  <date>2018-12-23T16:43:17</date>
  <millis>1545576197578</millis>
  <sequence>82</sequence>
  <logger>model.gameWorld.MyLogger</logger>
  <level>INFO</level>
  <class>model.gameObjects.Clown</class>
  <method>setX</method>
  <thread>14</thread>
  <message>clown moved right</message>
</record>
<record>
  <date>2018-12-23T16:43:18</date>
  <millis>1545576198080</millis>
  <sequence>83</sequence>
  <logger>model.gameWorld.MyLogger</logger>
  <level>INFO</level>
  <class>model.gameObjects.Clown</class>
  <method>setX</method>
  <thread>14</thread>
  <message>clown moved right</message>
</record>
<record>
  <date>2018-12-23T16:43:18</date>
  <millis>1545576198122</millis>
  <sequence>84</sequence>
  <logger>model.gameWorld.MyLogger</logger>
  <level>INFO</level>
  <class>model.gameObjects.Clown</class>
  <method>setX</method>
  <thread>14</thread>
  <message>clown moved right</message>
</record>
<record>
  <date>2018-12-23T16:43:18</date>
  <millis>1545576198166</millis>
  <sequence>85</sequence>
  <logger>model.gameWorld.MyLogger</logger>
  <level>INFO</level>
  <class>model.gameObjects.Clown</class>
  <method>setX</method>
  <thread>14</thread>
  <message>clown moved right</message>
</record>
<record>
  <date>2018-12-23T16:43:19</date>
  <millis>1545576199066</millis>
  <sequence>86</sequence>
  <logger>model.gameWorld.MyLogger</logger>
  <level>INFO</level>
  <class>model.gameObjects.Clown</class>
  <method>setX</method>
  <thread>14</thread>
  <message>clown moved right</message>
</record>
<record>
  <date>2018-12-23T16:43:19</date>
  <millis>1545576199551</millis>
  <sequence>87</sequence>
  <logger>model.gameWorld.MyLogger</logger>
  <level>INFO</level>
  <class>model.gameObjects.Clown</class>
  <method>intersectStacks</method>
  <thread>14</thread>
  <message>intersection of plate with right stack</message>
</record>
<record>
  <date>2018-12-23T16:43:19</date>
  <millis>1545576199551</millis>
  <sequence>88</sequence>
  <logger>model.gameWorld.MyLogger</logger>
  <level>INFO</level>
  <class>model.gameObjects.Clown</class>
  <method>intersectStacks</method>
  <thread>14</thread>
  <message>plate addded to right stack</message>
</record>
<record>
  <date>2018-12-23T16:43:19</date>
  <millis>1545576199572</millis>
  <sequence>89</sequence>
  <logger>model.gameWorld.MyLogger</logger>
  <level>INFO</level>
  <class>model.gameObjects.Clown</class>
  <method>intersectStacks</method>
  <thread>14</thread>
  <message>intersection of plate with left stack</message>
</record>
<record>
  <date>2018-12-23T16:43:19</date>
  <millis>1545576199573</millis>
  <sequence>90</sequence>
  <logger>model.gameWorld.MyLogger</logger>
  <level>INFO</level>
  <class>model.gameObjects.Clown</class>
  <method>intersectStacks</method>
  <thread>14</thread>
  <message>plate addded to left stack</message>
</record>
<record>
  <date>2018-12-23T16:43:20</date>
  <millis>1545576200152</millis>
  <sequence>91</sequence>
  <logger>model.gameWorld.MyLogger</logger>
  <level>INFO</level>
  <class>model.gameObjects.Clown</class>
  <method>setX</method>
  <thread>14</thread>
  <message>clown moved right</message>
</record>
<record>
  <date>2018-12-23T16:43:20</date>
  <millis>1545576200326</millis>
  <sequence>92</sequence>
  <logger>model.gameWorld.MyLogger</logger>
  <level>INFO</level>
  <class>model.gameObjects.Clown</class>
  <method>setX</method>
  <thread>14</thread>
  <message>clown moved left</message>
</record>
<record>
  <date>2018-12-23T16:43:20</date>
  <millis>1545576200495</millis>
  <sequence>93</sequence>
  <logger>model.gameWorld.MyLogger</logger>
  <level>INFO</level>
  <class>model.gameObjects.Clown</class>
  <method>setX</method>
  <thread>14</thread>
  <message>clown moved left</message>
</record>
<record>
  <date>2018-12-23T16:43:20</date>
  <millis>1545576200686</millis>
  <sequence>94</sequence>
  <logger>model.gameWorld.MyLogger</logger>
  <level>INFO</level>
  <class>model.gameObjects.Clown</class>
  <method>setX</method>
  <thread>14</thread>
  <message>clown moved left</message>
</record>
<record>
  <date>2018-12-23T16:43:20</date>
  <millis>1545576200851</millis>
  <sequence>95</sequence>
  <logger>model.gameWorld.MyLogger</logger>
  <level>INFO</level>
  <class>model.gameObjects.Clown</class>
  <method>setX</method>
  <thread>14</thread>
  <message>clown moved left</message>
</record>
<record>
  <date>2018-12-23T16:43:21</date>
  <millis>1545576201233</millis>
  <sequence>96</sequence>
  <logger>model.gameWorld.MyLogger</logger>
  <level>INFO</level>
  <class>model.gameObjects.Clown</class>
  <method>setX</method>
  <thread>14</thread>
  <message>clown moved left</message>
</record>
<record>
  <date>2018-12-23T16:43:21</date>
  <millis>1545576201815</millis>
  <sequence>97</sequence>
  <logger>model.gameWorld.MyLogger</logger>
  <level>INFO</level>
  <class>model.gameObjects.Clown</class>
  <method>intersectStacks</method>
  <thread>14</thread>
  <message>intersection of plate with right stack</message>
</record>
<record>
  <date>2018-12-23T16:43:21</date>
  <millis>1545576201815</millis>
  <sequence>98</sequence>
  <logger>model.gameWorld.MyLogger</logger>
  <level>INFO</level>
  <class>model.gameObjects.Clown</class>
  <method>intersectStacks</method>
  <thread>14</thread>
  <message>plate addded to right stack</message>
</record>
<record>
  <date>2018-12-23T16:43:21</date>
  <millis>1545576201815</millis>
  <sequence>99</sequence>
  <logger>model.gameWorld.MyLogger</logger>
  <level>WARNING</level>
  <class>model.gameObjects.shapes.plate.PlatesPool</class>
  <method>PopPlate</method>
  <thread>14</thread>
  <message>pool is empty</message>
</record>
<record>
  <date>2018-12-23T16:43:21</date>
  <millis>1545576201815</millis>
  <sequence>100</sequence>
  <logger>model.gameWorld.MyLogger</logger>
  <level>INFO</level>
  <class>model.gameObjects.shapes.plate.PlateFactory</class>
  <method>getPlate</method>
  <thread>14</thread>
  <message>oval Plate instance is returned from factory </message>
</record>
<record>
  <date>2018-12-23T16:43:21</date>
  <millis>1545576201985</millis>
  <sequence>101</sequence>
  <logger>model.gameWorld.MyLogger</logger>
  <level>INFO</level>
  <class>model.gameObjects.Clown</class>
  <method>setX</method>
  <thread>14</thread>
  <message>clown moved right</message>
</record>
<record>
  <date>2018-12-23T16:43:22</date>
  <millis>1545576202490</millis>
  <sequence>102</sequence>
  <logger>model.gameWorld.MyLogger</logger>
  <level>INFO</level>
  <class>model.gameObjects.Clown</class>
  <method>setX</method>
  <thread>14</thread>
  <message>clown moved right</message>
</record>
<record>
  <date>2018-12-23T16:43:22</date>
  <millis>1545576202532</millis>
  <sequence>103</sequence>
  <logger>model.gameWorld.MyLogger</logger>
  <level>INFO</level>
  <class>model.gameObjects.Clown</class>
  <method>setX</method>
  <thread>14</thread>
  <message>clown moved right</message>
</record>
<record>
  <date>2018-12-23T16:43:22</date>
  <millis>1545576202573</millis>
  <sequence>104</sequence>
  <logger>model.gameWorld.MyLogger</logger>
  <level>INFO</level>
  <class>model.gameObjects.Clown</class>
  <method>setX</method>
  <thread>14</thread>
  <message>clown moved right</message>
</record>
<record>
  <date>2018-12-23T16:43:22</date>
  <millis>1545576202853</millis>
  <sequence>105</sequence>
  <logger>model.gameWorld.MyLogger</logger>
  <level>INFO</level>
  <class>model.gameObjects.Clown</class>
  <method>setX</method>
  <thread>14</thread>
  <message>clown moved left</message>
</record>
<record>
  <date>2018-12-23T16:43:23</date>
  <millis>1545576203125</millis>
  <sequence>106</sequence>
  <logger>model.gameWorld.MyLogger</logger>
  <level>INFO</level>
  <class>model.gameObjects.shapes.plate.PlateFactory</class>
  <method>getBatmanLogo</method>
  <thread>14</thread>
  <message>batman logo instance is returned from factory </message>
</record>
<record>
  <date>2018-12-23T16:43:23</date>
  <millis>1545576203189</millis>
  <sequence>107</sequence>
  <logger>model.gameWorld.MyLogger</logger>
  <level>INFO</level>
  <class>model.gameObjects.shapes.plate.PlateFactory</class>
  <method>getHarleyLogo</method>
  <thread>14</thread>
  <message>harley logo instance is returned from factory </message>
</record>
<record>
  <date>2018-12-23T16:43:23</date>
  <millis>1545576203482</millis>
  <sequence>108</sequence>
  <logger>model.gameWorld.MyLogger</logger>
  <level>INFO</level>
  <class>model.gameObjects.Clown</class>
  <method>intersectStacks</method>
  <thread>14</thread>
  <message>intersection of plate with right stack</message>
</record>
<record>
  <date>2018-12-23T16:43:23</date>
  <millis>1545576203482</millis>
  <sequence>109</sequence>
  <logger>model.gameWorld.MyLogger</logger>
  <level>INFO</level>
  <class>model.gameObjects.Clown</class>
  <method>intersectStacks</method>
  <thread>14</thread>
  <message>plate addded to right stack</message>
</record>
<record>
  <date>2018-12-23T16:43:23</date>
  <millis>1545576203483</millis>
  <sequence>110</sequence>
  <logger>model.gameWorld.MyLogger</logger>
  <level>WARNING</level>
  <class>model.gameWorld.GameWorld</class>
  <method>refresh</method>
  <thread>14</thread>
  <message>score up</message>
</record>
<record>
  <date>2018-12-23T16:43:23</date>
  <millis>1545576203666</millis>
  <sequence>111</sequence>
  <logger>model.gameWorld.MyLogger</logger>
  <level>INFO</level>
  <class>model.gameObjects.Clown</class>
  <method>setX</method>
  <thread>14</thread>
  <message>clown moved right</message>
</record>
<record>
  <date>2018-12-23T16:43:24</date>
  <millis>1545576204300</millis>
  <sequence>112</sequence>
  <logger>model.gameWorld.MyLogger</logger>
  <level>INFO</level>
  <class>model.gameObjects.Clown</class>
  <method>setX</method>
  <thread>14</thread>
  <message>clown moved right</message>
</record>
<record>
  <date>2018-12-23T16:43:24</date>
  <millis>1545576204507</millis>
  <sequence>113</sequence>
  <logger>model.gameWorld.MyLogger</logger>
  <level>INFO</level>
  <class>model.gameObjects.Clown</class>
  <method>setX</method>
  <thread>14</thread>
  <message>clown moved right</message>
</record>
<record>
  <date>2018-12-23T16:43:24</date>
  <millis>1545576204680</millis>
  <sequence>114</sequence>
  <logger>model.gameWorld.MyLogger</logger>
  <level>INFO</level>
  <class>model.gameObjects.Clown</class>
  <method>setX</method>
  <thread>14</thread>
  <message>clown moved right</message>
</record>
<record>
  <date>2018-12-23T16:43:24</date>
  <millis>1545576204812</millis>
  <sequence>115</sequence>
  <logger>model.gameWorld.MyLogger</logger>
  <level>INFO</level>
  <class>model.gameObjects.Clown</class>
  <method>setX</method>
  <thread>14</thread>
  <message>clown moved right</message>
</record>
<record>
  <date>2018-12-23T16:43:24</date>
  <millis>1545576204998</millis>
  <sequence>116</sequence>
  <logger>model.gameWorld.MyLogger</logger>
  <level>INFO</level>
  <class>model.gameObjects.Clown</class>
  <method>setX</method>
  <thread>14</thread>
  <message>clown moved right</message>
</record>
<record>
  <date>2018-12-23T16:43:25</date>
  <millis>1545576205432</millis>
  <sequence>117</sequence>
  <logger>model.gameWorld.MyLogger</logger>
  <level>INFO</level>
  <class>model.gameObjects.Clown</class>
  <method>intersectStacks</method>
  <thread>14</thread>
  <message>intersection of harleyquinn with left stack</message>
</record>
<record>
  <date>2018-12-23T16:43:25</date>
  <millis>1545576205432</millis>
  <sequence>118</sequence>
  <logger>model.gameWorld.MyLogger</logger>
  <level>INFO</level>
  <class>model.gameWorld.GameWorld</class>
  <method>saveSnapshot</method>
  <thread>14</thread>
  <message>Created Checkpoint</message>
</record>
<record>
  <date>2018-12-23T16:43:25</date>
  <millis>1545576205433</millis>
  <sequence>119</sequence>
  <logger>model.gameWorld.MyLogger</logger>
  <level>WARNING</level>
  <class>model.gameWorld.GameWorld</class>
  <method>refresh</method>
  <thread>14</thread>
  <message>harley quinn saves a checkpoint</message>
</record>
<record>
  <date>2018-12-23T16:43:25</date>
  <millis>1545576205779</millis>
  <sequence>120</sequence>
  <logger>model.gameWorld.MyLogger</logger>
  <level>INFO</level>
  <class>model.gameObjects.Clown</class>
  <method>setX</method>
  <thread>14</thread>
  <message>clown moved right</message>
</record>
<record>
  <date>2018-12-23T16:43:25</date>
  <millis>1545576205950</millis>
  <sequence>121</sequence>
  <logger>model.gameWorld.MyLogger</logger>
  <level>INFO</level>
  <class>model.gameObjects.Clown</class>
  <method>setX</method>
  <thread>14</thread>
  <message>clown moved left</message>
</record>
<record>
  <date>2018-12-23T16:43:26</date>
  <millis>1545576206132</millis>
  <sequence>122</sequence>
  <logger>model.gameWorld.MyLogger</logger>
  <level>INFO</level>
  <class>model.gameObjects.Clown</class>
  <method>setX</method>
  <thread>14</thread>
  <message>clown moved right</message>
</record>
<record>
  <date>2018-12-23T16:43:26</date>
  <millis>1545576206324</millis>
  <sequence>123</sequence>
  <logger>model.gameWorld.MyLogger</logger>
  <level>INFO</level>
  <class>model.gameObjects.Clown</class>
  <method>setX</method>
  <thread>14</thread>
  <message>clown moved right</message>
</record>
<record>
  <date>2018-12-23T16:43:26</date>
  <millis>1545576206437</millis>
  <sequence>124</sequence>
  <logger>model.gameWorld.MyLogger</logger>
  <level>INFO</level>
  <class>model.gameObjects.Clown</class>
  <method>intersectStacks</method>
  <thread>14</thread>
  <message>intersection of plate with left stack</message>
</record>
<record>
  <date>2018-12-23T16:43:26</date>
  <millis>1545576206437</millis>
  <sequence>125</sequence>
  <logger>model.gameWorld.MyLogger</logger>
  <level>INFO</level>
  <class>model.gameObjects.Clown</class>
  <method>intersectStacks</method>
  <thread>14</thread>
  <message>plate addded to left stack</message>
</record>
<record>
  <date>2018-12-23T16:43:26</date>
  <millis>1545576206437</millis>
  <sequence>126</sequence>
  <logger>model.gameWorld.MyLogger</logger>
  <level>WARNING</level>
  <class>model.gameWorld.GameWorld</class>
  <method>refresh</method>
  <thread>14</thread>
  <message>score up</message>
</record>
<record>
  <date>2018-12-23T16:43:26</date>
  <millis>1545576206522</millis>
  <sequence>127</sequence>
  <logger>model.gameWorld.MyLogger</logger>
  <level>INFO</level>
  <class>model.gameObjects.Clown</class>
  <method>setX</method>
  <thread>14</thread>
  <message>clown moved right</message>
</record>
<record>
  <date>2018-12-23T16:43:27</date>
  <millis>1545576207049</millis>
  <sequence>128</sequence>
  <logger>model.gameWorld.MyLogger</logger>
  <level>INFO</level>
  <class>model.gameObjects.Clown</class>
  <method>setX</method>
  <thread>14</thread>
  <message>clown moved left</message>
</record>
<record>
  <date>2018-12-23T16:43:27</date>
  <millis>1545576207551</millis>
  <sequence>129</sequence>
  <logger>model.gameWorld.MyLogger</logger>
  <level>INFO</level>
  <class>model.gameObjects.Clown</class>
  <method>setX</method>
  <thread>14</thread>
  <message>clown moved left</message>
</record>
<record>
  <date>2018-12-23T16:43:27</date>
  <millis>1545576207593</millis>
  <sequence>130</sequence>
  <logger>model.gameWorld.MyLogger</logger>
  <level>INFO</level>
  <class>model.gameObjects.Clown</class>
  <method>setX</method>
  <thread>14</thread>
  <message>clown moved left</message>
</record>
<record>
  <date>2018-12-23T16:43:27</date>
  <millis>1545576207635</millis>
  <sequence>131</sequence>
  <logger>model.gameWorld.MyLogger</logger>
  <level>INFO</level>
  <class>model.gameObjects.Clown</class>
  <method>setX</method>
  <thread>14</thread>
  <message>clown moved left</message>
</record>
<record>
  <date>2018-12-23T16:43:27</date>
  <millis>1545576207677</millis>
  <sequence>132</sequence>
  <logger>model.gameWorld.MyLogger</logger>
  <level>INFO</level>
  <class>model.gameObjects.Clown</class>
  <method>setX</method>
  <thread>14</thread>
  <message>clown moved left</message>
</record>
<record>
  <date>2018-12-23T16:43:27</date>
  <millis>1545576207720</millis>
  <sequence>133</sequence>
  <logger>model.gameWorld.MyLogger</logger>
  <level>INFO</level>
  <class>model.gameObjects.Clown</class>
  <method>setX</method>
  <thread>14</thread>
  <message>clown moved left</message>
</record>
<record>
  <date>2018-12-23T16:43:27</date>
  <millis>1545576207876</millis>
  <sequence>134</sequence>
  <logger>model.gameWorld.MyLogger</logger>
  <level>INFO</level>
  <class>model.gameObjects.Clown</class>
  <method>setX</method>
  <thread>14</thread>
  <message>clown moved right</message>
</record>
<record>
  <date>2018-12-23T16:43:28</date>
  <millis>1545576208094</millis>
  <sequence>135</sequence>
  <logger>model.gameWorld.MyLogger</logger>
  <level>INFO</level>
  <class>model.gameObjects.Clown</class>
  <method>setX</method>
  <thread>14</thread>
  <message>clown moved right</message>
</record>
<record>
  <date>2018-12-23T16:43:28</date>
  <millis>1545576208815</millis>
  <sequence>136</sequence>
  <logger>model.gameWorld.MyLogger</logger>
  <level>INFO</level>
  <class>model.gameObjects.Clown</class>
  <method>setX</method>
  <thread>14</thread>
  <message>clown moved right</message>
</record>
<record>
  <date>2018-12-23T16:43:29</date>
  <millis>1545576209513</millis>
  <sequence>137</sequence>
  <logger>model.gameWorld.MyLogger</logger>
  <level>INFO</level>
  <class>model.gameObjects.Clown</class>
  <method>intersectStacks</method>
  <thread>14</thread>
  <message>intersection of plate with left stack</message>
</record>
<record>
  <date>2018-12-23T16:43:29</date>
  <millis>1545576209513</millis>
  <sequence>138</sequence>
  <logger>model.gameWorld.MyLogger</logger>
  <level>INFO</level>
  <class>model.gameObjects.Clown</class>
  <method>intersectStacks</method>
  <thread>14</thread>
  <message>plate addded to left stack</message>
</record>
<record>
  <date>2018-12-23T16:43:29</date>
  <millis>1545576209513</millis>
  <sequence>139</sequence>
  <logger>model.gameWorld.MyLogger</logger>
  <level>WARNING</level>
  <class>model.gameWorld.GameWorld</class>
  <method>refresh</method>
  <thread>14</thread>
  <message>score up</message>
</record>
<record>
  <date>2018-12-23T16:43:29</date>
  <millis>1545576209866</millis>
  <sequence>140</sequence>
  <logger>model.gameWorld.MyLogger</logger>
  <level>INFO</level>
  <class>model.gameObjects.Clown</class>
  <method>setX</method>
  <thread>14</thread>
  <message>clown moved right</message>
</record>
<record>
  <date>2018-12-23T16:43:30</date>
  <millis>1545576210262</millis>
  <sequence>141</sequence>
  <logger>model.gameWorld.MyLogger</logger>
  <level>INFO</level>
  <class>model.gameObjects.Clown</class>
  <method>setX</method>
  <thread>14</thread>
  <message>clown moved right</message>
</record>
<record>
  <date>2018-12-23T16:43:31</date>
  <millis>1545576211006</millis>
  <sequence>142</sequence>
  <logger>model.gameWorld.MyLogger</logger>
  <level>INFO</level>
  <class>model.gameObjects.Clown</class>
  <method>intersectStacks</method>
  <thread>14</thread>
  <message>intersection of plate with left stack</message>
</record>
<record>
  <date>2018-12-23T16:43:31</date>
  <millis>1545576211007</millis>
  <sequence>143</sequence>
  <logger>model.gameWorld.MyLogger</logger>
  <level>INFO</level>
  <class>model.gameObjects.Clown</class>
  <method>intersectStacks</method>
  <thread>14</thread>
  <message>plate addded to left stack</message>
</record>
<record>
  <date>2018-12-23T16:43:31</date>
  <millis>1545576211606</millis>
  <sequence>144</sequence>
  <logger>model.gameWorld.MyLogger</logger>
  <level>INFO</level>
  <class>model.gameObjects.Clown</class>
  <method>setX</method>
  <thread>14</thread>
  <message>clown moved left</message>
</record>
<record>
  <date>2018-12-23T16:43:32</date>
  <millis>1545576212107</millis>
  <sequence>145</sequence>
  <logger>model.gameWorld.MyLogger</logger>
  <level>INFO</level>
  <class>model.gameObjects.Clown</class>
  <method>setX</method>
  <thread>14</thread>
  <message>clown moved left</message>
</record>
<record>
  <date>2018-12-23T16:43:32</date>
  <millis>1545576212329</millis>
  <sequence>146</sequence>
  <logger>model.gameWorld.MyLogger</logger>
  <level>INFO</level>
  <class>model.gameObjects.Clown</class>
  <method>setX</method>
  <thread>14</thread>
  <message>clown moved right</message>
</record>
<record>
  <date>2018-12-23T16:43:32</date>
  <millis>1545576212748</millis>
  <sequence>147</sequence>
  <logger>model.gameWorld.MyLogger</logger>
  <level>INFO</level>
  <class>model.gameObjects.Clown</class>
  <method>setX</method>
  <thread>14</thread>
  <message>clown moved left</message>
</record>
<record>
  <date>2018-12-23T16:43:33</date>
  <millis>1545576213127</millis>
  <sequence>148</sequence>
  <logger>model.gameWorld.MyLogger</logger>
  <level>INFO</level>
  <class>model.gameObjects.shapes.plate.PlateFactory</class>
  <method>getBatmanLogo</method>
  <thread>14</thread>
  <message>batman logo instance is returned from factory </message>
</record>
<record>
  <date>2018-12-23T16:43:33</date>
  <millis>1545576213192</millis>
  <sequence>149</sequence>
  <logger>model.gameWorld.MyLogger</logger>
  <level>INFO</level>
  <class>model.gameObjects.shapes.plate.PlateFactory</class>
  <method>getHarleyLogo</method>
  <thread>14</thread>
  <message>harley logo instance is returned from factory </message>
</record>
<record>
  <date>2018-12-23T16:43:33</date>
  <millis>1545576213250</millis>
  <sequence>150</sequence>
  <logger>model.gameWorld.MyLogger</logger>
  <level>INFO</level>
  <class>model.gameObjects.Clown</class>
  <method>setX</method>
  <thread>14</thread>
  <message>clown moved left</message>
</record>
<record>
  <date>2018-12-23T16:43:33</date>
  <millis>1545576213293</millis>
  <sequence>151</sequence>
  <logger>model.gameWorld.MyLogger</logger>
  <level>INFO</level>
  <class>model.gameObjects.Clown</class>
  <method>setX</method>
  <thread>14</thread>
  <message>clown moved left</message>
</record>
<record>
  <date>2018-12-23T16:43:33</date>
  <millis>1545576213335</millis>
  <sequence>152</sequence>
  <logger>model.gameWorld.MyLogger</logger>
  <level>INFO</level>
  <class>model.gameObjects.Clown</class>
  <method>setX</method>
  <thread>14</thread>
  <message>clown moved left</message>
</record>
<record>
  <date>2018-12-23T16:43:33</date>
  <millis>1545576213380</millis>
  <sequence>153</sequence>
  <logger>model.gameWorld.MyLogger</logger>
  <level>INFO</level>
  <class>model.gameObjects.Clown</class>
  <method>setX</method>
  <thread>14</thread>
  <message>clown moved left</message>
</record>
<record>
  <date>2018-12-23T16:43:33</date>
  <millis>1545576213422</millis>
  <sequence>154</sequence>
  <logger>model.gameWorld.MyLogger</logger>
  <level>INFO</level>
  <class>model.gameObjects.Clown</class>
  <method>setX</method>
  <thread>14</thread>
  <message>clown moved left</message>
</record>
<record>
  <date>2018-12-23T16:43:33</date>
  <millis>1545576213466</millis>
  <sequence>155</sequence>
  <logger>model.gameWorld.MyLogger</logger>
  <level>INFO</level>
  <class>model.gameObjects.Clown</class>
  <method>setX</method>
  <thread>14</thread>
  <message>clown moved left</message>
</record>
<record>
  <date>2018-12-23T16:43:33</date>
  <millis>1545576213874</millis>
  <sequence>156</sequence>
  <logger>model.gameWorld.MyLogger</logger>
  <level>INFO</level>
  <class>model.gameObjects.Clown</class>
  <method>setX</method>
  <thread>14</thread>
  <message>clown moved right</message>
</record>
<record>
  <date>2018-12-23T16:43:34</date>
  <millis>1545576214707</millis>
  <sequence>157</sequence>
  <logger>model.gameWorld.MyLogger</logger>
  <level>INFO</level>
  <class>model.gameObjects.Clown</class>
  <method>setX</method>
  <thread>14</thread>
  <message>clown moved right</message>
</record>
<record>
  <date>2018-12-23T16:43:35</date>
  <millis>1545576215445</millis>
  <sequence>158</sequence>
  <logger>model.gameWorld.MyLogger</logger>
  <level>INFO</level>
  <class>model.gameObjects.Clown</class>
  <method>setX</method>
  <thread>14</thread>
  <message>clown moved right</message>
</record>
<record>
  <date>2018-12-23T16:43:35</date>
  <millis>1545576215559</millis>
  <sequence>159</sequence>
  <logger>model.gameWorld.MyLogger</logger>
  <level>INFO</level>
  <class>model.gameObjects.Clown</class>
  <method>intersectStacks</method>
  <thread>14</thread>
  <message>intersection of plate with right stack</message>
</record>
<record>
  <date>2018-12-23T16:43:35</date>
  <millis>1545576215559</millis>
  <sequence>160</sequence>
  <logger>model.gameWorld.MyLogger</logger>
  <level>INFO</level>
  <class>model.gameObjects.Clown</class>
  <method>intersectStacks</method>
  <thread>14</thread>
  <message>plate addded to right stack</message>
</record>
<record>
  <date>2018-12-23T16:43:35</date>
  <millis>1545576215898</millis>
  <sequence>161</sequence>
  <logger>model.gameWorld.MyLogger</logger>
  <level>INFO</level>
  <class>model.gameObjects.Clown</class>
  <method>setX</method>
  <thread>14</thread>
  <message>clown moved right</message>
</record>
<record>
  <date>2018-12-23T16:43:36</date>
  <millis>1545576216184</millis>
  <sequence>162</sequence>
  <logger>model.gameWorld.MyLogger</logger>
  <level>INFO</level>
  <class>model.gameObjects.Clown</class>
  <method>setX</method>
  <thread>14</thread>
  <message>clown moved right</message>
</record>
<record>
  <date>2018-12-23T16:43:36</date>
  <millis>1545576216688</millis>
  <sequence>163</sequence>
  <logger>model.gameWorld.MyLogger</logger>
  <level>INFO</level>
  <class>model.gameObjects.Clown</class>
  <method>setX</method>
  <thread>14</thread>
  <message>clown moved right</message>
</record>
<record>
  <date>2018-12-23T16:43:36</date>
  <millis>1545576216730</millis>
  <sequence>164</sequence>
  <logger>model.gameWorld.MyLogger</logger>
  <level>INFO</level>
  <class>model.gameObjects.Clown</class>
  <method>setX</method>
  <thread>14</thread>
  <message>clown moved right</message>
</record>
<record>
  <date>2018-12-23T16:43:36</date>
  <millis>1545576216773</millis>
  <sequence>165</sequence>
  <logger>model.gameWorld.MyLogger</logger>
  <level>INFO</level>
  <class>model.gameObjects.Clown</class>
  <method>setX</method>
  <thread>14</thread>
  <message>clown moved right</message>
</record>
<record>
  <date>2018-12-23T16:43:36</date>
  <millis>1545576216816</millis>
  <sequence>166</sequence>
  <logger>model.gameWorld.MyLogger</logger>
  <level>INFO</level>
  <class>model.gameObjects.Clown</class>
  <method>setX</method>
  <thread>14</thread>
  <message>clown moved right</message>
</record>
<record>
  <date>2018-12-23T16:43:37</date>
  <millis>1545576217195</millis>
  <sequence>167</sequence>
  <logger>model.gameWorld.MyLogger</logger>
  <level>INFO</level>
  <class>model.gameObjects.Clown</class>
  <method>setX</method>
  <thread>14</thread>
  <message>clown moved right</message>
</record>
<record>
  <date>2018-12-23T16:43:37</date>
  <millis>1545576217909</millis>
  <sequence>168</sequence>
  <logger>model.gameWorld.MyLogger</logger>
  <level>INFO</level>
  <class>model.gameObjects.Clown</class>
  <method>setX</method>
  <thread>14</thread>
  <message>clown moved right</message>
</record>
<record>
  <date>2018-12-23T16:43:38</date>
  <millis>1545576218435</millis>
  <sequence>169</sequence>
  <logger>model.gameWorld.MyLogger</logger>
  <level>INFO</level>
  <class>model.gameObjects.Clown</class>
  <method>setX</method>
  <thread>14</thread>
  <message>clown moved right</message>
</record>
<record>
  <date>2018-12-23T16:43:38</date>
  <millis>1545576218696</millis>
  <sequence>170</sequence>
  <logger>model.gameWorld.MyLogger</logger>
  <level>INFO</level>
  <class>model.gameObjects.Clown</class>
  <method>setX</method>
  <thread>14</thread>
  <message>clown moved left</message>
</record>
<record>
  <date>2018-12-23T16:43:39</date>
  <millis>1545576219193</millis>
  <sequence>171</sequence>
  <logger>model.gameWorld.MyLogger</logger>
  <level>INFO</level>
  <class>model.gameObjects.Clown</class>
  <method>setX</method>
  <thread>14</thread>
  <message>clown moved left</message>
</record>
<record>
  <date>2018-12-23T16:43:39</date>
  <millis>1545576219234</millis>
  <sequence>172</sequence>
  <logger>model.gameWorld.MyLogger</logger>
  <level>INFO</level>
  <class>model.gameObjects.Clown</class>
  <method>setX</method>
  <thread>14</thread>
  <message>clown moved left</message>
</record>
<record>
  <date>2018-12-23T16:43:39</date>
  <millis>1545576219275</millis>
  <sequence>173</sequence>
  <logger>model.gameWorld.MyLogger</logger>
  <level>INFO</level>
  <class>model.gameObjects.Clown</class>
  <method>setX</method>
  <thread>14</thread>
  <message>clown moved left</message>
</record>
<record>
  <date>2018-12-23T16:43:39</date>
  <millis>1545576219317</millis>
  <sequence>174</sequence>
  <logger>model.gameWorld.MyLogger</logger>
  <level>INFO</level>
  <class>model.gameObjects.Clown</class>
  <method>setX</method>
  <thread>14</thread>
  <message>clown moved left</message>
</record>
<record>
  <date>2018-12-23T16:43:39</date>
  <millis>1545576219361</millis>
  <sequence>175</sequence>
  <logger>model.gameWorld.MyLogger</logger>
  <level>INFO</level>
  <class>model.gameObjects.Clown</class>
  <method>setX</method>
  <thread>14</thread>
  <message>clown moved left</message>
</record>
<record>
  <date>2018-12-23T16:43:39</date>
  <millis>1545576219403</millis>
  <sequence>176</sequence>
  <logger>model.gameWorld.MyLogger</logger>
  <level>INFO</level>
  <class>model.gameObjects.Clown</class>
  <method>setX</method>
  <thread>14</thread>
  <message>clown moved left</message>
</record>
<record>
  <date>2018-12-23T16:43:39</date>
  <millis>1545576219445</millis>
  <sequence>177</sequence>
  <logger>model.gameWorld.MyLogger</logger>
  <level>INFO</level>
  <class>model.gameObjects.Clown</class>
  <method>setX</method>
  <thread>14</thread>
  <message>clown moved left</message>
</record>
<record>
  <date>2018-12-23T16:43:39</date>
  <millis>1545576219488</millis>
  <sequence>178</sequence>
  <logger>model.gameWorld.MyLogger</logger>
  <level>INFO</level>
  <class>model.gameObjects.Clown</class>
  <method>setX</method>
  <thread>14</thread>
  <message>clown moved left</message>
</record>
</log>
